<?xml version="1.0" encoding="UTF-8"?>
<testsuite xmlns:xsi="http://www.w3.org/2001/XMLSchema-instance" xsi:noNamespaceSchemaLocation="https://maven.apache.org/surefire/maven-surefire-plugin/xsd/surefire-test-report-3.0.xsd" version="3.0" name="TestSuite" time="31.085" tests="11" errors="0" skipped="7" failures="4">
  <properties>
    <property name="java.specification.version" value="21"/>
    <property name="webdriver.chrome.driver" value="C:\Users\97798\.cache\selenium\chromedriver\win64\126.0.6478.182\chromedriver.exe"/>
    <property name="sun.cpu.isalist" value="amd64"/>
    <property name="sun.jnu.encoding" value="Cp1252"/>
    <property name="java.class.path" value="C:\Assignment F1\OrangeHRM\f1_assignment\target\test-classes;C:\Assignment F1\OrangeHRM\f1_assignment\target\classes;C:\Users\97798\.m2\repository\org\seleniumhq\selenium\selenium-java\4.9.0\selenium-java-4.9.0.jar;C:\Users\97798\.m2\repository\org\seleniumhq\selenium\selenium-api\4.9.0\selenium-api-4.9.0.jar;C:\Users\97798\.m2\repository\org\seleniumhq\selenium\selenium-chrome-driver\4.9.0\selenium-chrome-driver-4.9.0.jar;C:\Users\97798\.m2\repository\com\google\auto\service\auto-service-annotations\1.0.1\auto-service-annotations-1.0.1.jar;C:\Users\97798\.m2\repository\com\google\auto\service\auto-service\1.0.1\auto-service-1.0.1.jar;C:\Users\97798\.m2\repository\com\google\auto\auto-common\1.2\auto-common-1.2.jar;C:\Users\97798\.m2\repository\com\google\guava\guava\31.1-jre\guava-31.1-jre.jar;C:\Users\97798\.m2\repository\com\google\guava\failureaccess\1.0.1\failureaccess-1.0.1.jar;C:\Users\97798\.m2\repository\com\google\guava\listenablefuture\9999.0-empty-to-avoid-conflict-with-guava\listenablefuture-9999.0-empty-to-avoid-conflict-with-guava.jar;C:\Users\97798\.m2\repository\com\google\code\findbugs\jsr305\3.0.2\jsr305-3.0.2.jar;C:\Users\97798\.m2\repository\org\checkerframework\checker-qual\3.12.0\checker-qual-3.12.0.jar;C:\Users\97798\.m2\repository\com\google\errorprone\error_prone_annotations\2.11.0\error_prone_annotations-2.11.0.jar;C:\Users\97798\.m2\repository\com\google\j2objc\j2objc-annotations\1.3\j2objc-annotations-1.3.jar;C:\Users\97798\.m2\repository\org\seleniumhq\selenium\selenium-chromium-driver\4.9.0\selenium-chromium-driver-4.9.0.jar;C:\Users\97798\.m2\repository\org\seleniumhq\selenium\selenium-json\4.9.0\selenium-json-4.9.0.jar;C:\Users\97798\.m2\repository\org\seleniumhq\selenium\selenium-manager\4.9.0\selenium-manager-4.9.0.jar;C:\Users\97798\.m2\repository\org\seleniumhq\selenium\selenium-devtools-v110\4.9.0\selenium-devtools-v110-4.9.0.jar;C:\Users\97798\.m2\repository\org\seleniumhq\selenium\selenium-devtools-v111\4.9.0\selenium-devtools-v111-4.9.0.jar;C:\Users\97798\.m2\repository\org\seleniumhq\selenium\selenium-devtools-v112\4.9.0\selenium-devtools-v112-4.9.0.jar;C:\Users\97798\.m2\repository\org\seleniumhq\selenium\selenium-devtools-v85\4.9.0\selenium-devtools-v85-4.9.0.jar;C:\Users\97798\.m2\repository\org\seleniumhq\selenium\selenium-edge-driver\4.9.0\selenium-edge-driver-4.9.0.jar;C:\Users\97798\.m2\repository\org\seleniumhq\selenium\selenium-firefox-driver\4.9.0\selenium-firefox-driver-4.9.0.jar;C:\Users\97798\.m2\repository\org\seleniumhq\selenium\selenium-http\4.9.0\selenium-http-4.9.0.jar;C:\Users\97798\.m2\repository\dev\failsafe\failsafe\3.3.1\failsafe-3.3.1.jar;C:\Users\97798\.m2\repository\org\seleniumhq\selenium\selenium-ie-driver\4.9.0\selenium-ie-driver-4.9.0.jar;C:\Users\97798\.m2\repository\org\seleniumhq\selenium\selenium-remote-driver\4.9.0\selenium-remote-driver-4.9.0.jar;C:\Users\97798\.m2\repository\io\netty\netty-buffer\4.1.91.Final\netty-buffer-4.1.91.Final.jar;C:\Users\97798\.m2\repository\io\netty\netty-codec-http\4.1.91.Final\netty-codec-http-4.1.91.Final.jar;C:\Users\97798\.m2\repository\io\netty\netty-codec\4.1.91.Final\netty-codec-4.1.91.Final.jar;C:\Users\97798\.m2\repository\io\netty\netty-handler\4.1.91.Final\netty-handler-4.1.91.Final.jar;C:\Users\97798\.m2\repository\io\netty\netty-common\4.1.91.Final\netty-common-4.1.91.Final.jar;C:\Users\97798\.m2\repository\io\netty\netty-transport-classes-epoll\4.1.91.Final\netty-transport-classes-epoll-4.1.91.Final.jar;C:\Users\97798\.m2\repository\io\netty\netty-transport-classes-kqueue\4.1.91.Final\netty-transport-classes-kqueue-4.1.91.Final.jar;C:\Users\97798\.m2\repository\io\netty\netty-transport-native-epoll\4.1.91.Final\netty-transport-native-epoll-4.1.91.Final.jar;C:\Users\97798\.m2\repository\io\netty\netty-transport-native-kqueue\4.1.91.Final\netty-transport-native-kqueue-4.1.91.Final.jar;C:\Users\97798\.m2\repository\io\netty\netty-transport-native-unix-common\4.1.91.Final\netty-transport-native-unix-common-4.1.91.Final.jar;C:\Users\97798\.m2\repository\io\netty\netty-transport\4.1.91.Final\netty-transport-4.1.91.Final.jar;C:\Users\97798\.m2\repository\io\netty\netty-resolver\4.1.91.Final\netty-resolver-4.1.91.Final.jar;C:\Users\97798\.m2\repository\io\opentelemetry\opentelemetry-api\1.25.0\opentelemetry-api-1.25.0.jar;C:\Users\97798\.m2\repository\io\opentelemetry\opentelemetry-context\1.25.0\opentelemetry-context-1.25.0.jar;C:\Users\97798\.m2\repository\io\opentelemetry\opentelemetry-exporter-logging\1.25.0\opentelemetry-exporter-logging-1.25.0.jar;C:\Users\97798\.m2\repository\io\opentelemetry\opentelemetry-sdk-metrics\1.25.0\opentelemetry-sdk-metrics-1.25.0.jar;C:\Users\97798\.m2\repository\io\opentelemetry\opentelemetry-sdk-logs\1.25.0-alpha\opentelemetry-sdk-logs-1.25.0-alpha.jar;C:\Users\97798\.m2\repository\io\opentelemetry\opentelemetry-api-logs\1.25.0-alpha\opentelemetry-api-logs-1.25.0-alpha.jar;C:\Users\97798\.m2\repository\io\opentelemetry\opentelemetry-api-events\1.25.0-alpha\opentelemetry-api-events-1.25.0-alpha.jar;C:\Users\97798\.m2\repository\io\opentelemetry\opentelemetry-sdk-common\1.25.0\opentelemetry-sdk-common-1.25.0.jar;C:\Users\97798\.m2\repository\io\opentelemetry\opentelemetry-sdk-extension-autoconfigure-spi\1.25.0\opentelemetry-sdk-extension-autoconfigure-spi-1.25.0.jar;C:\Users\97798\.m2\repository\io\opentelemetry\opentelemetry-sdk-extension-autoconfigure\1.25.0-alpha\opentelemetry-sdk-extension-autoconfigure-1.25.0-alpha.jar;C:\Users\97798\.m2\repository\io\opentelemetry\opentelemetry-sdk-trace\1.25.0\opentelemetry-sdk-trace-1.25.0.jar;C:\Users\97798\.m2\repository\io\opentelemetry\opentelemetry-sdk\1.25.0\opentelemetry-sdk-1.25.0.jar;C:\Users\97798\.m2\repository\io\opentelemetry\opentelemetry-semconv\1.25.0-alpha\opentelemetry-semconv-1.25.0-alpha.jar;C:\Users\97798\.m2\repository\io\ous\jtoml\2.0.0\jtoml-2.0.0.jar;C:\Users\97798\.m2\repository\net\bytebuddy\byte-buddy\1.14.4\byte-buddy-1.14.4.jar;C:\Users\97798\.m2\repository\org\apache\commons\commons-exec\1.3\commons-exec-1.3.jar;C:\Users\97798\.m2\repository\org\asynchttpclient\async-http-client\2.12.3\async-http-client-2.12.3.jar;C:\Users\97798\.m2\repository\org\asynchttpclient\async-http-client-netty-utils\2.12.3\async-http-client-netty-utils-2.12.3.jar;C:\Users\97798\.m2\repository\io\netty\netty-codec-socks\4.1.60.Final\netty-codec-socks-4.1.60.Final.jar;C:\Users\97798\.m2\repository\io\netty\netty-handler-proxy\4.1.60.Final\netty-handler-proxy-4.1.60.Final.jar;C:\Users\97798\.m2\repository\io\netty\netty-transport-native-epoll\4.1.60.Final\netty-transport-native-epoll-4.1.60.Final-linux-x86_64.jar;C:\Users\97798\.m2\repository\io\netty\netty-transport-native-kqueue\4.1.60.Final\netty-transport-native-kqueue-4.1.60.Final-osx-x86_64.jar;C:\Users\97798\.m2\repository\com\typesafe\netty\netty-reactive-streams\2.0.4\netty-reactive-streams-2.0.4.jar;C:\Users\97798\.m2\repository\com\sun\activation\jakarta.activation\1.2.2\jakarta.activation-1.2.2.jar;C:\Users\97798\.m2\repository\org\seleniumhq\selenium\selenium-safari-driver\4.9.0\selenium-safari-driver-4.9.0.jar;C:\Users\97798\.m2\repository\org\seleniumhq\selenium\selenium-support\4.9.0\selenium-support-4.9.0.jar;C:\Users\97798\.m2\repository\io\github\bonigarcia\webdrivermanager\5.5.3\webdrivermanager-5.5.3.jar;C:\Users\97798\.m2\repository\org\slf4j\slf4j-api\2.0.7\slf4j-api-2.0.7.jar;C:\Users\97798\.m2\repository\com\google\code\gson\gson\2.10.1\gson-2.10.1.jar;C:\Users\97798\.m2\repository\com\github\docker-java\docker-java\3.3.3\docker-java-3.3.3.jar;C:\Users\97798\.m2\repository\com\github\docker-java\docker-java-core\3.3.3\docker-java-core-3.3.3.jar;C:\Users\97798\.m2\repository\com\github\docker-java\docker-java-api\3.3.3\docker-java-api-3.3.3.jar;C:\Users\97798\.m2\repository\com\fasterxml\jackson\core\jackson-annotations\2.10.3\jackson-annotations-2.10.3.jar;C:\Users\97798\.m2\repository\commons-io\commons-io\2.6\commons-io-2.6.jar;C:\Users\97798\.m2\repository\org\apache\commons\commons-compress\1.21\commons-compress-1.21.jar;C:\Users\97798\.m2\repository\com\fasterxml\jackson\core\jackson-databind\2.10.3\jackson-databind-2.10.3.jar;C:\Users\97798\.m2\repository\com\fasterxml\jackson\core\jackson-core\2.10.3\jackson-core-2.10.3.jar;C:\Users\97798\.m2\repository\org\bouncycastle\bcpkix-jdk18on\1.75\bcpkix-jdk18on-1.75.jar;C:\Users\97798\.m2\repository\org\bouncycastle\bcprov-jdk18on\1.75\bcprov-jdk18on-1.75.jar;C:\Users\97798\.m2\repository\org\bouncycastle\bcutil-jdk18on\1.75\bcutil-jdk18on-1.75.jar;C:\Users\97798\.m2\repository\org\slf4j\jcl-over-slf4j\1.7.30\jcl-over-slf4j-1.7.30.jar;C:\Users\97798\.m2\repository\com\github\docker-java\docker-java-transport-httpclient5\3.3.3\docker-java-transport-httpclient5-3.3.3.jar;C:\Users\97798\.m2\repository\com\github\docker-java\docker-java-transport\3.3.3\docker-java-transport-3.3.3.jar;C:\Users\97798\.m2\repository\net\java\dev\jna\jna\5.12.1\jna-5.12.1.jar;C:\Users\97798\.m2\repository\org\brotli\dec\0.1.2\dec-0.1.2.jar;C:\Users\97798\.m2\repository\org\apache\commons\commons-lang3\3.13.0\commons-lang3-3.13.0.jar;C:\Users\97798\.m2\repository\org\apache\httpcomponents\client5\httpclient5\5.2.1\httpclient5-5.2.1.jar;C:\Users\97798\.m2\repository\org\apache\httpcomponents\core5\httpcore5\5.2\httpcore5-5.2.jar;C:\Users\97798\.m2\repository\org\apache\httpcomponents\core5\httpcore5-h2\5.2\httpcore5-h2-5.2.jar;C:\Users\97798\.m2\repository\com\aventstack\extentreports\5.0.9\extentreports-5.0.9.jar;C:\Users\97798\.m2\repository\io\reactivex\rxjava3\rxjava\3.0.4\rxjava-3.0.4.jar;C:\Users\97798\.m2\repository\org\reactivestreams\reactive-streams\1.0.3\reactive-streams-1.0.3.jar;C:\Users\97798\.m2\repository\org\freemarker\freemarker\2.3.30\freemarker-2.3.30.jar;C:\Users\97798\.m2\repository\org\testng\testng\7.10.0\testng-7.10.0.jar;C:\Users\97798\.m2\repository\com\beust\jcommander\1.82\jcommander-1.82.jar;C:\Users\97798\.m2\repository\org\webjars\jquery\3.7.1\jquery-3.7.1.jar;C:\Users\97798\.m2\repository\junit\junit\4.12\junit-4.12.jar;C:\Users\97798\.m2\repository\org\hamcrest\hamcrest-core\1.3\hamcrest-core-1.3.jar;C:\Users\97798\.m2\repository\tech\grasshopper\htmlextentreporter\1.1.0\htmlextentreporter-1.1.0.jar;C:\Users\97798\.m2\repository\org\projectlombok\lombok\1.18.30\lombok-1.18.30.jar;C:\Users\97798\.m2\repository\ch\qos\logback\logback-classic\1.4.11\logback-classic-1.4.11.jar;C:\Users\97798\.m2\repository\ch\qos\logback\logback-core\1.4.11\logback-core-1.4.11.jar;"/>
    <property name="java.vm.vendor" value="Eclipse Adoptium"/>
    <property name="sun.arch.data.model" value="64"/>
    <property name="user.variant" value=""/>
    <property name="java.vendor.url" value="https://adoptium.net/"/>
    <property name="user.timezone" value="Asia/Katmandu"/>
    <property name="os.name" value="Windows 11"/>
    <property name="java.vm.specification.version" value="21"/>
    <property name="sun.java.launcher" value="SUN_STANDARD"/>
    <property name="user.country" value="US"/>
    <property name="sun.boot.library.path" value="C:\Program Files\Eclipse Adoptium\jdk-21.0.4.7-hotspot\bin"/>
    <property name="sun.java.command" value="C:\Users\97798\AppData\Local\Temp\surefire441815862328162112\surefirebooter16045832961015386153.jar C:\Users\97798\AppData\Local\Temp\surefire441815862328162112 2024-07-24T15-58-07_220-jvmRun1 surefire6775508273592831372tmp surefire_014741631248288124361tmp"/>
    <property name="jdk.debug" value="release"/>
    <property name="surefire.test.class.path" value="C:\Assignment F1\OrangeHRM\f1_assignment\target\test-classes;C:\Assignment F1\OrangeHRM\f1_assignment\target\classes;C:\Users\97798\.m2\repository\org\seleniumhq\selenium\selenium-java\4.9.0\selenium-java-4.9.0.jar;C:\Users\97798\.m2\repository\org\seleniumhq\selenium\selenium-api\4.9.0\selenium-api-4.9.0.jar;C:\Users\97798\.m2\repository\org\seleniumhq\selenium\selenium-chrome-driver\4.9.0\selenium-chrome-driver-4.9.0.jar;C:\Users\97798\.m2\repository\com\google\auto\service\auto-service-annotations\1.0.1\auto-service-annotations-1.0.1.jar;C:\Users\97798\.m2\repository\com\google\auto\service\auto-service\1.0.1\auto-service-1.0.1.jar;C:\Users\97798\.m2\repository\com\google\auto\auto-common\1.2\auto-common-1.2.jar;C:\Users\97798\.m2\repository\com\google\guava\guava\31.1-jre\guava-31.1-jre.jar;C:\Users\97798\.m2\repository\com\google\guava\failureaccess\1.0.1\failureaccess-1.0.1.jar;C:\Users\97798\.m2\repository\com\google\guava\listenablefuture\9999.0-empty-to-avoid-conflict-with-guava\listenablefuture-9999.0-empty-to-avoid-conflict-with-guava.jar;C:\Users\97798\.m2\repository\com\google\code\findbugs\jsr305\3.0.2\jsr305-3.0.2.jar;C:\Users\97798\.m2\repository\org\checkerframework\checker-qual\3.12.0\checker-qual-3.12.0.jar;C:\Users\97798\.m2\repository\com\google\errorprone\error_prone_annotations\2.11.0\error_prone_annotations-2.11.0.jar;C:\Users\97798\.m2\repository\com\google\j2objc\j2objc-annotations\1.3\j2objc-annotations-1.3.jar;C:\Users\97798\.m2\repository\org\seleniumhq\selenium\selenium-chromium-driver\4.9.0\selenium-chromium-driver-4.9.0.jar;C:\Users\97798\.m2\repository\org\seleniumhq\selenium\selenium-json\4.9.0\selenium-json-4.9.0.jar;C:\Users\97798\.m2\repository\org\seleniumhq\selenium\selenium-manager\4.9.0\selenium-manager-4.9.0.jar;C:\Users\97798\.m2\repository\org\seleniumhq\selenium\selenium-devtools-v110\4.9.0\selenium-devtools-v110-4.9.0.jar;C:\Users\97798\.m2\repository\org\seleniumhq\selenium\selenium-devtools-v111\4.9.0\selenium-devtools-v111-4.9.0.jar;C:\Users\97798\.m2\repository\org\seleniumhq\selenium\selenium-devtools-v112\4.9.0\selenium-devtools-v112-4.9.0.jar;C:\Users\97798\.m2\repository\org\seleniumhq\selenium\selenium-devtools-v85\4.9.0\selenium-devtools-v85-4.9.0.jar;C:\Users\97798\.m2\repository\org\seleniumhq\selenium\selenium-edge-driver\4.9.0\selenium-edge-driver-4.9.0.jar;C:\Users\97798\.m2\repository\org\seleniumhq\selenium\selenium-firefox-driver\4.9.0\selenium-firefox-driver-4.9.0.jar;C:\Users\97798\.m2\repository\org\seleniumhq\selenium\selenium-http\4.9.0\selenium-http-4.9.0.jar;C:\Users\97798\.m2\repository\dev\failsafe\failsafe\3.3.1\failsafe-3.3.1.jar;C:\Users\97798\.m2\repository\org\seleniumhq\selenium\selenium-ie-driver\4.9.0\selenium-ie-driver-4.9.0.jar;C:\Users\97798\.m2\repository\org\seleniumhq\selenium\selenium-remote-driver\4.9.0\selenium-remote-driver-4.9.0.jar;C:\Users\97798\.m2\repository\io\netty\netty-buffer\4.1.91.Final\netty-buffer-4.1.91.Final.jar;C:\Users\97798\.m2\repository\io\netty\netty-codec-http\4.1.91.Final\netty-codec-http-4.1.91.Final.jar;C:\Users\97798\.m2\repository\io\netty\netty-codec\4.1.91.Final\netty-codec-4.1.91.Final.jar;C:\Users\97798\.m2\repository\io\netty\netty-handler\4.1.91.Final\netty-handler-4.1.91.Final.jar;C:\Users\97798\.m2\repository\io\netty\netty-common\4.1.91.Final\netty-common-4.1.91.Final.jar;C:\Users\97798\.m2\repository\io\netty\netty-transport-classes-epoll\4.1.91.Final\netty-transport-classes-epoll-4.1.91.Final.jar;C:\Users\97798\.m2\repository\io\netty\netty-transport-classes-kqueue\4.1.91.Final\netty-transport-classes-kqueue-4.1.91.Final.jar;C:\Users\97798\.m2\repository\io\netty\netty-transport-native-epoll\4.1.91.Final\netty-transport-native-epoll-4.1.91.Final.jar;C:\Users\97798\.m2\repository\io\netty\netty-transport-native-kqueue\4.1.91.Final\netty-transport-native-kqueue-4.1.91.Final.jar;C:\Users\97798\.m2\repository\io\netty\netty-transport-native-unix-common\4.1.91.Final\netty-transport-native-unix-common-4.1.91.Final.jar;C:\Users\97798\.m2\repository\io\netty\netty-transport\4.1.91.Final\netty-transport-4.1.91.Final.jar;C:\Users\97798\.m2\repository\io\netty\netty-resolver\4.1.91.Final\netty-resolver-4.1.91.Final.jar;C:\Users\97798\.m2\repository\io\opentelemetry\opentelemetry-api\1.25.0\opentelemetry-api-1.25.0.jar;C:\Users\97798\.m2\repository\io\opentelemetry\opentelemetry-context\1.25.0\opentelemetry-context-1.25.0.jar;C:\Users\97798\.m2\repository\io\opentelemetry\opentelemetry-exporter-logging\1.25.0\opentelemetry-exporter-logging-1.25.0.jar;C:\Users\97798\.m2\repository\io\opentelemetry\opentelemetry-sdk-metrics\1.25.0\opentelemetry-sdk-metrics-1.25.0.jar;C:\Users\97798\.m2\repository\io\opentelemetry\opentelemetry-sdk-logs\1.25.0-alpha\opentelemetry-sdk-logs-1.25.0-alpha.jar;C:\Users\97798\.m2\repository\io\opentelemetry\opentelemetry-api-logs\1.25.0-alpha\opentelemetry-api-logs-1.25.0-alpha.jar;C:\Users\97798\.m2\repository\io\opentelemetry\opentelemetry-api-events\1.25.0-alpha\opentelemetry-api-events-1.25.0-alpha.jar;C:\Users\97798\.m2\repository\io\opentelemetry\opentelemetry-sdk-common\1.25.0\opentelemetry-sdk-common-1.25.0.jar;C:\Users\97798\.m2\repository\io\opentelemetry\opentelemetry-sdk-extension-autoconfigure-spi\1.25.0\opentelemetry-sdk-extension-autoconfigure-spi-1.25.0.jar;C:\Users\97798\.m2\repository\io\opentelemetry\opentelemetry-sdk-extension-autoconfigure\1.25.0-alpha\opentelemetry-sdk-extension-autoconfigure-1.25.0-alpha.jar;C:\Users\97798\.m2\repository\io\opentelemetry\opentelemetry-sdk-trace\1.25.0\opentelemetry-sdk-trace-1.25.0.jar;C:\Users\97798\.m2\repository\io\opentelemetry\opentelemetry-sdk\1.25.0\opentelemetry-sdk-1.25.0.jar;C:\Users\97798\.m2\repository\io\opentelemetry\opentelemetry-semconv\1.25.0-alpha\opentelemetry-semconv-1.25.0-alpha.jar;C:\Users\97798\.m2\repository\io\ous\jtoml\2.0.0\jtoml-2.0.0.jar;C:\Users\97798\.m2\repository\net\bytebuddy\byte-buddy\1.14.4\byte-buddy-1.14.4.jar;C:\Users\97798\.m2\repository\org\apache\commons\commons-exec\1.3\commons-exec-1.3.jar;C:\Users\97798\.m2\repository\org\asynchttpclient\async-http-client\2.12.3\async-http-client-2.12.3.jar;C:\Users\97798\.m2\repository\org\asynchttpclient\async-http-client-netty-utils\2.12.3\async-http-client-netty-utils-2.12.3.jar;C:\Users\97798\.m2\repository\io\netty\netty-codec-socks\4.1.60.Final\netty-codec-socks-4.1.60.Final.jar;C:\Users\97798\.m2\repository\io\netty\netty-handler-proxy\4.1.60.Final\netty-handler-proxy-4.1.60.Final.jar;C:\Users\97798\.m2\repository\io\netty\netty-transport-native-epoll\4.1.60.Final\netty-transport-native-epoll-4.1.60.Final-linux-x86_64.jar;C:\Users\97798\.m2\repository\io\netty\netty-transport-native-kqueue\4.1.60.Final\netty-transport-native-kqueue-4.1.60.Final-osx-x86_64.jar;C:\Users\97798\.m2\repository\com\typesafe\netty\netty-reactive-streams\2.0.4\netty-reactive-streams-2.0.4.jar;C:\Users\97798\.m2\repository\com\sun\activation\jakarta.activation\1.2.2\jakarta.activation-1.2.2.jar;C:\Users\97798\.m2\repository\org\seleniumhq\selenium\selenium-safari-driver\4.9.0\selenium-safari-driver-4.9.0.jar;C:\Users\97798\.m2\repository\org\seleniumhq\selenium\selenium-support\4.9.0\selenium-support-4.9.0.jar;C:\Users\97798\.m2\repository\io\github\bonigarcia\webdrivermanager\5.5.3\webdrivermanager-5.5.3.jar;C:\Users\97798\.m2\repository\org\slf4j\slf4j-api\2.0.7\slf4j-api-2.0.7.jar;C:\Users\97798\.m2\repository\com\google\code\gson\gson\2.10.1\gson-2.10.1.jar;C:\Users\97798\.m2\repository\com\github\docker-java\docker-java\3.3.3\docker-java-3.3.3.jar;C:\Users\97798\.m2\repository\com\github\docker-java\docker-java-core\3.3.3\docker-java-core-3.3.3.jar;C:\Users\97798\.m2\repository\com\github\docker-java\docker-java-api\3.3.3\docker-java-api-3.3.3.jar;C:\Users\97798\.m2\repository\com\fasterxml\jackson\core\jackson-annotations\2.10.3\jackson-annotations-2.10.3.jar;C:\Users\97798\.m2\repository\commons-io\commons-io\2.6\commons-io-2.6.jar;C:\Users\97798\.m2\repository\org\apache\commons\commons-compress\1.21\commons-compress-1.21.jar;C:\Users\97798\.m2\repository\com\fasterxml\jackson\core\jackson-databind\2.10.3\jackson-databind-2.10.3.jar;C:\Users\97798\.m2\repository\com\fasterxml\jackson\core\jackson-core\2.10.3\jackson-core-2.10.3.jar;C:\Users\97798\.m2\repository\org\bouncycastle\bcpkix-jdk18on\1.75\bcpkix-jdk18on-1.75.jar;C:\Users\97798\.m2\repository\org\bouncycastle\bcprov-jdk18on\1.75\bcprov-jdk18on-1.75.jar;C:\Users\97798\.m2\repository\org\bouncycastle\bcutil-jdk18on\1.75\bcutil-jdk18on-1.75.jar;C:\Users\97798\.m2\repository\org\slf4j\jcl-over-slf4j\1.7.30\jcl-over-slf4j-1.7.30.jar;C:\Users\97798\.m2\repository\com\github\docker-java\docker-java-transport-httpclient5\3.3.3\docker-java-transport-httpclient5-3.3.3.jar;C:\Users\97798\.m2\repository\com\github\docker-java\docker-java-transport\3.3.3\docker-java-transport-3.3.3.jar;C:\Users\97798\.m2\repository\net\java\dev\jna\jna\5.12.1\jna-5.12.1.jar;C:\Users\97798\.m2\repository\org\brotli\dec\0.1.2\dec-0.1.2.jar;C:\Users\97798\.m2\repository\org\apache\commons\commons-lang3\3.13.0\commons-lang3-3.13.0.jar;C:\Users\97798\.m2\repository\org\apache\httpcomponents\client5\httpclient5\5.2.1\httpclient5-5.2.1.jar;C:\Users\97798\.m2\repository\org\apache\httpcomponents\core5\httpcore5\5.2\httpcore5-5.2.jar;C:\Users\97798\.m2\repository\org\apache\httpcomponents\core5\httpcore5-h2\5.2\httpcore5-h2-5.2.jar;C:\Users\97798\.m2\repository\com\aventstack\extentreports\5.0.9\extentreports-5.0.9.jar;C:\Users\97798\.m2\repository\io\reactivex\rxjava3\rxjava\3.0.4\rxjava-3.0.4.jar;C:\Users\97798\.m2\repository\org\reactivestreams\reactive-streams\1.0.3\reactive-streams-1.0.3.jar;C:\Users\97798\.m2\repository\org\freemarker\freemarker\2.3.30\freemarker-2.3.30.jar;C:\Users\97798\.m2\repository\org\testng\testng\7.10.0\testng-7.10.0.jar;C:\Users\97798\.m2\repository\com\beust\jcommander\1.82\jcommander-1.82.jar;C:\Users\97798\.m2\repository\org\webjars\jquery\3.7.1\jquery-3.7.1.jar;C:\Users\97798\.m2\repository\junit\junit\4.12\junit-4.12.jar;C:\Users\97798\.m2\repository\org\hamcrest\hamcrest-core\1.3\hamcrest-core-1.3.jar;C:\Users\97798\.m2\repository\tech\grasshopper\htmlextentreporter\1.1.0\htmlextentreporter-1.1.0.jar;C:\Users\97798\.m2\repository\org\projectlombok\lombok\1.18.30\lombok-1.18.30.jar;C:\Users\97798\.m2\repository\ch\qos\logback\logback-classic\1.4.11\logback-classic-1.4.11.jar;C:\Users\97798\.m2\repository\ch\qos\logback\logback-core\1.4.11\logback-core-1.4.11.jar;"/>
    <property name="sun.cpu.endian" value="little"/>
    <property name="user.home" value="C:\Users\97798"/>
    <property name="user.language" value="en"/>
    <property name="java.specification.vendor" value="Oracle Corporation"/>
    <property name="java.version.date" value="2024-07-16"/>
    <property name="java.home" value="C:\Program Files\Eclipse Adoptium\jdk-21.0.4.7-hotspot"/>
    <property name="file.separator" value="\"/>
    <property name="basedir" value="C:\Assignment F1\OrangeHRM\f1_assignment"/>
    <property name="java.vm.compressedOopsMode" value="Zero based"/>
    <property name="line.separator" value="&#10;"/>
    <property name="java.vm.specification.vendor" value="Oracle Corporation"/>
    <property name="java.specification.name" value="Java Platform API Specification"/>
    <property name="surefire.real.class.path" value="C:\Users\97798\AppData\Local\Temp\surefire441815862328162112\surefirebooter16045832961015386153.jar"/>
    <property name="user.script" value=""/>
    <property name="sun.management.compiler" value="HotSpot 64-Bit Tiered Compilers"/>
    <property name="java.runtime.version" value="21.0.4+7-LTS"/>
    <property name="user.name" value="97798"/>
    <property name="stdout.encoding" value="Cp1252"/>
    <property name="path.separator" value=";"/>
    <property name="os.version" value="10.0"/>
    <property name="java.runtime.name" value="OpenJDK Runtime Environment"/>
    <property name="file.encoding" value="UTF-8"/>
    <property name="java.vm.name" value="OpenJDK 64-Bit Server VM"/>
    <property name="java.vendor.version" value="Temurin-21.0.4+7"/>
    <property name="localRepository" value="C:\Users\97798\.m2\repository"/>
    <property name="java.vendor.url.bug" value="https://github.com/adoptium/adoptium-support/issues"/>
    <property name="java.io.tmpdir" value="C:\Users\97798\AppData\Local\Temp\"/>
    <property name="java.version" value="21.0.4"/>
    <property name="user.dir" value="C:\Assignment F1\OrangeHRM\f1_assignment"/>
    <property name="os.arch" value="amd64"/>
    <property name="java.vm.specification.name" value="Java Virtual Machine Specification"/>
    <property name="sun.os.patch.level" value=""/>
    <property name="native.encoding" value="Cp1252"/>
    <property name="java.library.path" value="C:\Program Files\Eclipse Adoptium\jdk-21.0.4.7-hotspot\bin;C:\Windows\Sun\Java\bin;C:\Windows\system32;C:\Windows;C:\Program Files\Eclipse Adoptium\jdk-21.0.4.7-hotspot\bin;C:\Program Files (x86)\Common Files\Oracle\Java\javapath;C:\Windows\system32;C:\Windows;C:\Windows\System32\Wbem;C:\Windows\System32\WindowsPowerShell\v1.0\;C:\Windows\System32\OpenSSH\;C:\Program Files (x86)\NVIDIA Corporation\PhysX\Common;C:\Program Files\NVIDIA Corporation\NVIDIA NvDLISR;C:\Program Files\nodejs\;C:\Program Files\Git\cmd;C:\Users\97798\AppData\Local\Android\Sdk\platform-tools;C:\Program Files\dotnet\;C:\ProgramData\chocolatey\bin;C:\ProgramData\chocolatey\lib\maven\apache-maven-3.9.8\bin;C:\Program Files\Eclipse Adoptium\jdk-21.0.4.7-hotspot\bin;C:\Jmeter\apache-jmeter-5.6.2\apache-jmeter-5.6.2\bin;C:\Users\97798\AppData\Local\Programs\Python\Launcher\;C:\Users\97798\AppData\Local\Microsoft\WindowsApps;C:\Users\97798\AppData\Local\Programs\Microsoft VS Code\bin;C:\Users\97798\AppData\Roaming\npm;C:\Users\97798\.dotnet\tools;C:\ProgramData\chocolatey\lib\maven\apache-maven-3.9.8\bin;;."/>
    <property name="java.vm.info" value="mixed mode, sharing"/>
    <property name="stderr.encoding" value="Cp1252"/>
    <property name="java.vendor" value="Eclipse Adoptium"/>
    <property name="java.vm.version" value="21.0.4+7-LTS"/>
    <property name="sun.io.unicode.encoding" value="UnicodeLittle"/>
    <property name="java.class.version" value="65.0"/>
  </properties>
  <testcase name="setUp" classname="com.orangehrm.LoginModule" time="1.194">
    <failure message="Unable to establish websocket connection to http://localhost:14533/devtools/browser/1c25c283-7a12-42aa-afb9-be98d4ace30f&#10;Build info: version: &apos;4.9.0&apos;, revision: &apos;d7057100a6&apos;&#10;System info: os.name: &apos;Windows 11&apos;, os.arch: &apos;amd64&apos;, os.version: &apos;10.0&apos;, java.version: &apos;21.0.4&apos;&#10;Driver info: driver.version: ChromeDriver" type="org.openqa.selenium.remote.http.ConnectionFailedException"><![CDATA[org.openqa.selenium.remote.http.ConnectionFailedException: 
Unable to establish websocket connection to http://localhost:14533/devtools/browser/1c25c283-7a12-42aa-afb9-be98d4ace30f
Build info: version: '4.9.0', revision: 'd7057100a6'
System info: os.name: 'Windows 11', os.arch: 'amd64', os.version: '10.0', java.version: '21.0.4'
Driver info: driver.version: ChromeDriver
]]></failure>
    <system-out><![CDATA[15:58:08.175 [main] DEBUG org.testng.TestNG -- suiteXmlPath: "C:\Assignment F1\OrangeHRM\f1_assignment\testng.xml"
15:58:08.490 [main] INFO com.orangehrm.ExtentManager -- Creating ExtentTest: LoginModule
15:58:08.490 [main] INFO com.orangehrm.ExtentManager -- Initializing ExtentReports
15:58:08.714 [TestNG-test-Login Module Test-2] INFO com.orangehrm.BaseTest -- Setting up WebDriver
15:58:08.714 [TestNG-test-Login Module Test-1] INFO com.orangehrm.BaseTest -- Setting up WebDriver
15:58:08.732 [TestNG-test-Login Module Test-2] DEBUG io.github.bonigarcia.wdm.WebDriverManager -- Using WebDriverManager 5.5.3
15:58:08.752 [TestNG-test-Login Module Test-1] DEBUG io.github.bonigarcia.wdm.WebDriverManager -- Using WebDriverManager 5.5.3
15:58:09.098 [TestNG-test-Login Module Test-2] DEBUG io.github.bonigarcia.wdm.cache.ResolutionCache -- Removing resolution chrome=126 from cache (expired on Wed Jul 24 12:26:05 NPT 2024)
15:58:09.098 [TestNG-test-Login Module Test-1] DEBUG io.github.bonigarcia.wdm.cache.ResolutionCache -- Removing resolution chrome=126 from cache (expired on Wed Jul 24 12:26:05 NPT 2024)
15:58:09.120 [TestNG-test-Login Module Test-2] DEBUG org.apache.hc.client5.http.impl.classic.InternalHttpClient -- ex-0000000001 preparing request execution
15:58:09.120 [TestNG-test-Login Module Test-1] DEBUG org.apache.hc.client5.http.impl.classic.InternalHttpClient -- ex-0000000002 preparing request execution
15:58:09.136 [TestNG-test-Login Module Test-2] DEBUG org.apache.hc.client5.http.impl.classic.ProtocolExec -- ex-0000000001 target auth state: UNCHALLENGED
15:58:09.136 [TestNG-test-Login Module Test-1] DEBUG org.apache.hc.client5.http.impl.classic.ProtocolExec -- ex-0000000002 target auth state: UNCHALLENGED
15:58:09.137 [TestNG-test-Login Module Test-1] DEBUG org.apache.hc.client5.http.impl.classic.ProtocolExec -- ex-0000000002 proxy auth state: UNCHALLENGED
15:58:09.137 [TestNG-test-Login Module Test-2] DEBUG org.apache.hc.client5.http.impl.classic.ProtocolExec -- ex-0000000001 proxy auth state: UNCHALLENGED
15:58:09.137 [TestNG-test-Login Module Test-1] DEBUG org.apache.hc.client5.http.impl.classic.ConnectExec -- ex-0000000002 acquiring connection with route {s}->https://raw.githubusercontent.com:443
15:58:09.137 [TestNG-test-Login Module Test-2] DEBUG org.apache.hc.client5.http.impl.classic.ConnectExec -- ex-0000000001 acquiring connection with route {s}->https://raw.githubusercontent.com:443
15:58:09.137 [TestNG-test-Login Module Test-1] DEBUG org.apache.hc.client5.http.impl.classic.InternalHttpClient -- ex-0000000002 acquiring endpoint (3 MINUTES)
15:58:09.137 [TestNG-test-Login Module Test-2] DEBUG org.apache.hc.client5.http.impl.classic.InternalHttpClient -- ex-0000000001 acquiring endpoint (3 MINUTES)
15:58:09.139 [TestNG-test-Login Module Test-1] DEBUG org.apache.hc.client5.http.impl.io.PoolingHttpClientConnectionManager -- ex-0000000002 endpoint lease request (3 MINUTES) [route: {s}->https://raw.githubusercontent.com:443][total available: 0; route allocated: 0 of 5; total allocated: 0 of 25]
15:58:09.139 [TestNG-test-Login Module Test-2] DEBUG org.apache.hc.client5.http.impl.io.PoolingHttpClientConnectionManager -- ex-0000000001 endpoint lease request (3 MINUTES) [route: {s}->https://raw.githubusercontent.com:443][total available: 0; route allocated: 0 of 5; total allocated: 0 of 25]
15:58:09.145 [TestNG-test-Login Module Test-2] DEBUG org.apache.hc.client5.http.impl.io.PoolingHttpClientConnectionManager -- ex-0000000001 endpoint leased [route: {s}->https://raw.githubusercontent.com:443][total available: 0; route allocated: 1 of 5; total allocated: 1 of 25]
15:58:09.145 [TestNG-test-Login Module Test-1] DEBUG org.apache.hc.client5.http.impl.io.PoolingHttpClientConnectionManager -- ex-0000000002 endpoint leased [route: {s}->https://raw.githubusercontent.com:443][total available: 0; route allocated: 1 of 5; total allocated: 1 of 25]
15:58:09.161 [TestNG-test-Login Module Test-2] DEBUG org.apache.hc.client5.http.impl.io.PoolingHttpClientConnectionManager -- ex-0000000001 acquired ep-0000000001
15:58:09.161 [TestNG-test-Login Module Test-1] DEBUG org.apache.hc.client5.http.impl.io.PoolingHttpClientConnectionManager -- ex-0000000002 acquired ep-0000000002
15:58:09.161 [TestNG-test-Login Module Test-2] DEBUG org.apache.hc.client5.http.impl.classic.InternalHttpClient -- ex-0000000001 acquired endpoint ep-0000000001
15:58:09.161 [TestNG-test-Login Module Test-1] DEBUG org.apache.hc.client5.http.impl.classic.InternalHttpClient -- ex-0000000002 acquired endpoint ep-0000000002
15:58:09.161 [TestNG-test-Login Module Test-2] DEBUG org.apache.hc.client5.http.impl.classic.ConnectExec -- ex-0000000001 opening connection {s}->https://raw.githubusercontent.com:443
15:58:09.161 [TestNG-test-Login Module Test-1] DEBUG org.apache.hc.client5.http.impl.classic.ConnectExec -- ex-0000000002 opening connection {s}->https://raw.githubusercontent.com:443
15:58:09.162 [TestNG-test-Login Module Test-2] DEBUG org.apache.hc.client5.http.impl.classic.InternalHttpClient -- ep-0000000001 connecting endpoint (null)
15:58:09.162 [TestNG-test-Login Module Test-1] DEBUG org.apache.hc.client5.http.impl.classic.InternalHttpClient -- ep-0000000002 connecting endpoint (null)
15:58:09.165 [TestNG-test-Login Module Test-2] DEBUG org.apache.hc.client5.http.impl.io.PoolingHttpClientConnectionManager -- ep-0000000001 connecting endpoint to https://raw.githubusercontent.com:443 (30 SECONDS)
15:58:09.165 [TestNG-test-Login Module Test-1] DEBUG org.apache.hc.client5.http.impl.io.PoolingHttpClientConnectionManager -- ep-0000000002 connecting endpoint to https://raw.githubusercontent.com:443 (30 SECONDS)
15:58:09.165 [TestNG-test-Login Module Test-1] DEBUG org.apache.hc.client5.http.impl.io.DefaultHttpClientConnectionOperator -- raw.githubusercontent.com resolving remote address
15:58:09.165 [TestNG-test-Login Module Test-2] DEBUG org.apache.hc.client5.http.impl.io.DefaultHttpClientConnectionOperator -- raw.githubusercontent.com resolving remote address
15:58:09.186 [TestNG-test-Login Module Test-2] DEBUG org.apache.hc.client5.http.impl.io.DefaultHttpClientConnectionOperator -- raw.githubusercontent.com resolved to [raw.githubusercontent.com/185.199.109.133, raw.githubusercontent.com/185.199.110.133, raw.githubusercontent.com/185.199.111.133, raw.githubusercontent.com/185.199.108.133, raw.githubusercontent.com/2606:50c0:8003:0:0:0:0:154, raw.githubusercontent.com/2606:50c0:8002:0:0:0:0:154, raw.githubusercontent.com/2606:50c0:8000:0:0:0:0:154, raw.githubusercontent.com/2606:50c0:8001:0:0:0:0:154]
15:58:09.186 [TestNG-test-Login Module Test-1] DEBUG org.apache.hc.client5.http.impl.io.DefaultHttpClientConnectionOperator -- raw.githubusercontent.com resolved to [raw.githubusercontent.com/185.199.109.133, raw.githubusercontent.com/185.199.110.133, raw.githubusercontent.com/185.199.111.133, raw.githubusercontent.com/185.199.108.133, raw.githubusercontent.com/2606:50c0:8003:0:0:0:0:154, raw.githubusercontent.com/2606:50c0:8002:0:0:0:0:154, raw.githubusercontent.com/2606:50c0:8000:0:0:0:0:154, raw.githubusercontent.com/2606:50c0:8001:0:0:0:0:154]
15:58:09.198 [TestNG-test-Login Module Test-2] DEBUG org.apache.hc.client5.http.impl.io.DefaultHttpClientConnectionOperator -- raw.githubusercontent.com:443 connecting null->raw.githubusercontent.com/185.199.109.133:443 (30 SECONDS)
15:58:09.198 [TestNG-test-Login Module Test-1] DEBUG org.apache.hc.client5.http.impl.io.DefaultHttpClientConnectionOperator -- raw.githubusercontent.com:443 connecting null->raw.githubusercontent.com/185.199.109.133:443 (30 SECONDS)
15:58:09.198 [TestNG-test-Login Module Test-2] DEBUG org.apache.hc.client5.http.ssl.SSLConnectionSocketFactory -- Connecting socket to raw.githubusercontent.com/185.199.109.133:443 with timeout 30 SECONDS
15:58:09.199 [TestNG-test-Login Module Test-1] DEBUG org.apache.hc.client5.http.ssl.SSLConnectionSocketFactory -- Connecting socket to raw.githubusercontent.com/185.199.109.133:443 with timeout 30 SECONDS
15:58:09.326 [TestNG-test-Login Module Test-1] DEBUG org.apache.hc.client5.http.ssl.SSLConnectionSocketFactory -- Enabled protocols: [TLSv1.3, TLSv1.2]
15:58:09.326 [TestNG-test-Login Module Test-2] DEBUG org.apache.hc.client5.http.ssl.SSLConnectionSocketFactory -- Enabled protocols: [TLSv1.3, TLSv1.2]
15:58:09.326 [TestNG-test-Login Module Test-1] DEBUG org.apache.hc.client5.http.ssl.SSLConnectionSocketFactory -- Enabled cipher suites: [TLS_AES_256_GCM_SHA384, TLS_AES_128_GCM_SHA256, TLS_CHACHA20_POLY1305_SHA256, TLS_ECDHE_ECDSA_WITH_AES_256_GCM_SHA384, TLS_ECDHE_ECDSA_WITH_AES_128_GCM_SHA256, TLS_ECDHE_ECDSA_WITH_CHACHA20_POLY1305_SHA256, TLS_ECDHE_RSA_WITH_AES_256_GCM_SHA384, TLS_ECDHE_RSA_WITH_CHACHA20_POLY1305_SHA256, TLS_ECDHE_RSA_WITH_AES_128_GCM_SHA256, TLS_DHE_RSA_WITH_AES_256_GCM_SHA384, TLS_DHE_RSA_WITH_CHACHA20_POLY1305_SHA256, TLS_DHE_DSS_WITH_AES_256_GCM_SHA384, TLS_DHE_RSA_WITH_AES_128_GCM_SHA256, TLS_DHE_DSS_WITH_AES_128_GCM_SHA256, TLS_ECDHE_ECDSA_WITH_AES_256_CBC_SHA384, TLS_ECDHE_RSA_WITH_AES_256_CBC_SHA384, TLS_ECDHE_ECDSA_WITH_AES_128_CBC_SHA256, TLS_ECDHE_RSA_WITH_AES_128_CBC_SHA256, TLS_DHE_RSA_WITH_AES_256_CBC_SHA256, TLS_DHE_DSS_WITH_AES_256_CBC_SHA256, TLS_DHE_RSA_WITH_AES_128_CBC_SHA256, TLS_DHE_DSS_WITH_AES_128_CBC_SHA256, TLS_ECDHE_ECDSA_WITH_AES_256_CBC_SHA, TLS_ECDHE_RSA_WITH_AES_256_CBC_SHA, TLS_ECDHE_ECDSA_WITH_AES_128_CBC_SHA, TLS_ECDHE_RSA_WITH_AES_128_CBC_SHA, TLS_DHE_RSA_WITH_AES_256_CBC_SHA, TLS_DHE_DSS_WITH_AES_256_CBC_SHA, TLS_DHE_RSA_WITH_AES_128_CBC_SHA, TLS_DHE_DSS_WITH_AES_128_CBC_SHA, TLS_RSA_WITH_AES_256_GCM_SHA384, TLS_RSA_WITH_AES_128_GCM_SHA256, TLS_RSA_WITH_AES_256_CBC_SHA256, TLS_RSA_WITH_AES_128_CBC_SHA256, TLS_RSA_WITH_AES_256_CBC_SHA, TLS_RSA_WITH_AES_128_CBC_SHA, TLS_EMPTY_RENEGOTIATION_INFO_SCSV]
15:58:09.326 [TestNG-test-Login Module Test-2] DEBUG org.apache.hc.client5.http.ssl.SSLConnectionSocketFactory -- Enabled cipher suites: [TLS_AES_256_GCM_SHA384, TLS_AES_128_GCM_SHA256, TLS_CHACHA20_POLY1305_SHA256, TLS_ECDHE_ECDSA_WITH_AES_256_GCM_SHA384, TLS_ECDHE_ECDSA_WITH_AES_128_GCM_SHA256, TLS_ECDHE_ECDSA_WITH_CHACHA20_POLY1305_SHA256, TLS_ECDHE_RSA_WITH_AES_256_GCM_SHA384, TLS_ECDHE_RSA_WITH_CHACHA20_POLY1305_SHA256, TLS_ECDHE_RSA_WITH_AES_128_GCM_SHA256, TLS_DHE_RSA_WITH_AES_256_GCM_SHA384, TLS_DHE_RSA_WITH_CHACHA20_POLY1305_SHA256, TLS_DHE_DSS_WITH_AES_256_GCM_SHA384, TLS_DHE_RSA_WITH_AES_128_GCM_SHA256, TLS_DHE_DSS_WITH_AES_128_GCM_SHA256, TLS_ECDHE_ECDSA_WITH_AES_256_CBC_SHA384, TLS_ECDHE_RSA_WITH_AES_256_CBC_SHA384, TLS_ECDHE_ECDSA_WITH_AES_128_CBC_SHA256, TLS_ECDHE_RSA_WITH_AES_128_CBC_SHA256, TLS_DHE_RSA_WITH_AES_256_CBC_SHA256, TLS_DHE_DSS_WITH_AES_256_CBC_SHA256, TLS_DHE_RSA_WITH_AES_128_CBC_SHA256, TLS_DHE_DSS_WITH_AES_128_CBC_SHA256, TLS_ECDHE_ECDSA_WITH_AES_256_CBC_SHA, TLS_ECDHE_RSA_WITH_AES_256_CBC_SHA, TLS_ECDHE_ECDSA_WITH_AES_128_CBC_SHA, TLS_ECDHE_RSA_WITH_AES_128_CBC_SHA, TLS_DHE_RSA_WITH_AES_256_CBC_SHA, TLS_DHE_DSS_WITH_AES_256_CBC_SHA, TLS_DHE_RSA_WITH_AES_128_CBC_SHA, TLS_DHE_DSS_WITH_AES_128_CBC_SHA, TLS_RSA_WITH_AES_256_GCM_SHA384, TLS_RSA_WITH_AES_128_GCM_SHA256, TLS_RSA_WITH_AES_256_CBC_SHA256, TLS_RSA_WITH_AES_128_CBC_SHA256, TLS_RSA_WITH_AES_256_CBC_SHA, TLS_RSA_WITH_AES_128_CBC_SHA, TLS_EMPTY_RENEGOTIATION_INFO_SCSV]
15:58:09.326 [TestNG-test-Login Module Test-1] DEBUG org.apache.hc.client5.http.ssl.SSLConnectionSocketFactory -- Starting handshake (null)
15:58:09.326 [TestNG-test-Login Module Test-2] DEBUG org.apache.hc.client5.http.ssl.SSLConnectionSocketFactory -- Starting handshake (null)
15:58:09.611 [TestNG-test-Login Module Test-2] DEBUG org.apache.hc.client5.http.ssl.SSLConnectionSocketFactory -- Secure session established
15:58:09.611 [TestNG-test-Login Module Test-1] DEBUG org.apache.hc.client5.http.ssl.SSLConnectionSocketFactory -- Secure session established
15:58:09.611 [TestNG-test-Login Module Test-2] DEBUG org.apache.hc.client5.http.ssl.SSLConnectionSocketFactory --  negotiated protocol: TLSv1.3
15:58:09.611 [TestNG-test-Login Module Test-1] DEBUG org.apache.hc.client5.http.ssl.SSLConnectionSocketFactory --  negotiated protocol: TLSv1.3
15:58:09.612 [TestNG-test-Login Module Test-2] DEBUG org.apache.hc.client5.http.ssl.SSLConnectionSocketFactory --  negotiated cipher suite: TLS_AES_128_GCM_SHA256
15:58:09.612 [TestNG-test-Login Module Test-1] DEBUG org.apache.hc.client5.http.ssl.SSLConnectionSocketFactory --  negotiated cipher suite: TLS_AES_128_GCM_SHA256
15:58:09.612 [TestNG-test-Login Module Test-1] DEBUG org.apache.hc.client5.http.ssl.SSLConnectionSocketFactory --  peer principal: CN=*.github.io, O="GitHub, Inc.", L=San Francisco, ST=California, C=US
15:58:09.612 [TestNG-test-Login Module Test-2] DEBUG org.apache.hc.client5.http.ssl.SSLConnectionSocketFactory --  peer principal: CN=*.github.io, O="GitHub, Inc.", L=San Francisco, ST=California, C=US
15:58:09.617 [TestNG-test-Login Module Test-1] DEBUG org.apache.hc.client5.http.ssl.SSLConnectionSocketFactory --  peer alternative names: [*.github.io, github.io, githubusercontent.com, www.github.com, *.github.com, *.githubusercontent.com, github.com]
15:58:09.617 [TestNG-test-Login Module Test-2] DEBUG org.apache.hc.client5.http.ssl.SSLConnectionSocketFactory --  peer alternative names: [*.github.io, github.io, githubusercontent.com, www.github.com, *.github.com, *.githubusercontent.com, github.com]
15:58:09.617 [TestNG-test-Login Module Test-1] DEBUG org.apache.hc.client5.http.ssl.SSLConnectionSocketFactory --  issuer principal: CN=DigiCert Global G2 TLS RSA SHA256 2020 CA1, O=DigiCert Inc, C=US
15:58:09.617 [TestNG-test-Login Module Test-2] DEBUG org.apache.hc.client5.http.ssl.SSLConnectionSocketFactory --  issuer principal: CN=DigiCert Global G2 TLS RSA SHA256 2020 CA1, O=DigiCert Inc, C=US
15:58:09.619 [TestNG-test-Login Module Test-1] DEBUG org.apache.hc.client5.http.impl.io.DefaultManagedHttpClientConnection -- http-outgoing-1 set socket timeout to 3 MINUTES
15:58:09.619 [TestNG-test-Login Module Test-2] DEBUG org.apache.hc.client5.http.impl.io.DefaultManagedHttpClientConnection -- http-outgoing-0 set socket timeout to 3 MINUTES
15:58:09.620 [TestNG-test-Login Module Test-2] DEBUG org.apache.hc.client5.http.impl.io.DefaultHttpClientConnectionOperator -- raw.githubusercontent.com:443 connected null->raw.githubusercontent.com/185.199.109.133:443 as http-outgoing-0
15:58:09.620 [TestNG-test-Login Module Test-1] DEBUG org.apache.hc.client5.http.impl.io.DefaultHttpClientConnectionOperator -- raw.githubusercontent.com:443 connected null->raw.githubusercontent.com/185.199.109.133:443 as http-outgoing-1
15:58:09.620 [TestNG-test-Login Module Test-2] DEBUG org.apache.hc.client5.http.impl.io.PoolingHttpClientConnectionManager -- ep-0000000001 connected http-outgoing-0
15:58:09.620 [TestNG-test-Login Module Test-1] DEBUG org.apache.hc.client5.http.impl.io.PoolingHttpClientConnectionManager -- ep-0000000002 connected http-outgoing-1
15:58:09.621 [TestNG-test-Login Module Test-2] DEBUG org.apache.hc.client5.http.impl.classic.InternalHttpClient -- ep-0000000001 endpoint connected
15:58:09.621 [TestNG-test-Login Module Test-1] DEBUG org.apache.hc.client5.http.impl.classic.InternalHttpClient -- ep-0000000002 endpoint connected
15:58:09.623 [TestNG-test-Login Module Test-2] DEBUG org.apache.hc.client5.http.impl.classic.MainClientExec -- ex-0000000001 executing GET /bonigarcia/webdrivermanager/master/src/main/resources/commands.properties HTTP/1.1
15:58:09.623 [TestNG-test-Login Module Test-1] DEBUG org.apache.hc.client5.http.impl.classic.MainClientExec -- ex-0000000002 executing GET /bonigarcia/webdrivermanager/master/src/main/resources/commands.properties HTTP/1.1
15:58:09.623 [TestNG-test-Login Module Test-2] DEBUG org.apache.hc.client5.http.protocol.RequestAddCookies -- ex-0000000001 Cookie spec selected: strict
15:58:09.623 [TestNG-test-Login Module Test-1] DEBUG org.apache.hc.client5.http.protocol.RequestAddCookies -- ex-0000000002 Cookie spec selected: strict
15:58:09.640 [TestNG-test-Login Module Test-2] DEBUG org.apache.hc.client5.http.impl.classic.InternalHttpClient -- ep-0000000001 start execution ex-0000000001
15:58:09.641 [TestNG-test-Login Module Test-1] DEBUG org.apache.hc.client5.http.impl.classic.InternalHttpClient -- ep-0000000002 start execution ex-0000000002
15:58:09.641 [TestNG-test-Login Module Test-2] DEBUG org.apache.hc.client5.http.impl.io.PoolingHttpClientConnectionManager -- ep-0000000001 executing exchange ex-0000000001 over http-outgoing-0
15:58:09.641 [TestNG-test-Login Module Test-1] DEBUG org.apache.hc.client5.http.impl.io.PoolingHttpClientConnectionManager -- ep-0000000002 executing exchange ex-0000000002 over http-outgoing-1
15:58:09.642 [TestNG-test-Login Module Test-1] DEBUG org.apache.hc.client5.http.headers -- http-outgoing-1 >> GET /bonigarcia/webdrivermanager/master/src/main/resources/commands.properties HTTP/1.1
15:58:09.642 [TestNG-test-Login Module Test-2] DEBUG org.apache.hc.client5.http.headers -- http-outgoing-0 >> GET /bonigarcia/webdrivermanager/master/src/main/resources/commands.properties HTTP/1.1
15:58:09.642 [TestNG-test-Login Module Test-1] DEBUG org.apache.hc.client5.http.headers -- http-outgoing-1 >> user-agent: Apache-HttpClient/5.0
15:58:09.642 [TestNG-test-Login Module Test-2] DEBUG org.apache.hc.client5.http.headers -- http-outgoing-0 >> user-agent: Apache-HttpClient/5.0
15:58:09.642 [TestNG-test-Login Module Test-1] DEBUG org.apache.hc.client5.http.headers -- http-outgoing-1 >> accept-encoding: gzip, deflate, br
15:58:09.642 [TestNG-test-Login Module Test-2] DEBUG org.apache.hc.client5.http.headers -- http-outgoing-0 >> accept-encoding: gzip, deflate, br
15:58:09.643 [TestNG-test-Login Module Test-1] DEBUG org.apache.hc.client5.http.headers -- http-outgoing-1 >> cache-control: max-age=0
15:58:09.643 [TestNG-test-Login Module Test-2] DEBUG org.apache.hc.client5.http.headers -- http-outgoing-0 >> cache-control: max-age=0
15:58:09.643 [TestNG-test-Login Module Test-1] DEBUG org.apache.hc.client5.http.headers -- http-outgoing-1 >> connection: keep-alive
15:58:09.643 [TestNG-test-Login Module Test-2] DEBUG org.apache.hc.client5.http.headers -- http-outgoing-0 >> connection: keep-alive
15:58:09.643 [TestNG-test-Login Module Test-1] DEBUG org.apache.hc.client5.http.headers -- http-outgoing-1 >> Host: raw.githubusercontent.com
15:58:09.643 [TestNG-test-Login Module Test-2] DEBUG org.apache.hc.client5.http.headers -- http-outgoing-0 >> Host: raw.githubusercontent.com
15:58:09.643 [TestNG-test-Login Module Test-1] DEBUG org.apache.hc.client5.http.wire -- http-outgoing-1 >> "GET /bonigarcia/webdrivermanager/master/src/main/resources/commands.properties HTTP/1.1[\r][\n]"
15:58:09.643 [TestNG-test-Login Module Test-2] DEBUG org.apache.hc.client5.http.wire -- http-outgoing-0 >> "GET /bonigarcia/webdrivermanager/master/src/main/resources/commands.properties HTTP/1.1[\r][\n]"
15:58:09.643 [TestNG-test-Login Module Test-1] DEBUG org.apache.hc.client5.http.wire -- http-outgoing-1 >> "user-agent: Apache-HttpClient/5.0[\r][\n]"
15:58:09.643 [TestNG-test-Login Module Test-2] DEBUG org.apache.hc.client5.http.wire -- http-outgoing-0 >> "user-agent: Apache-HttpClient/5.0[\r][\n]"
15:58:09.643 [TestNG-test-Login Module Test-1] DEBUG org.apache.hc.client5.http.wire -- http-outgoing-1 >> "accept-encoding: gzip, deflate, br[\r][\n]"
15:58:09.643 [TestNG-test-Login Module Test-1] DEBUG org.apache.hc.client5.http.wire -- http-outgoing-1 >> "cache-control: max-age=0[\r][\n]"
15:58:09.643 [TestNG-test-Login Module Test-2] DEBUG org.apache.hc.client5.http.wire -- http-outgoing-0 >> "accept-encoding: gzip, deflate, br[\r][\n]"
15:58:09.644 [TestNG-test-Login Module Test-1] DEBUG org.apache.hc.client5.http.wire -- http-outgoing-1 >> "connection: keep-alive[\r][\n]"
15:58:09.644 [TestNG-test-Login Module Test-1] DEBUG org.apache.hc.client5.http.wire -- http-outgoing-1 >> "Host: raw.githubusercontent.com[\r][\n]"
15:58:09.644 [TestNG-test-Login Module Test-2] DEBUG org.apache.hc.client5.http.wire -- http-outgoing-0 >> "cache-control: max-age=0[\r][\n]"
15:58:09.644 [TestNG-test-Login Module Test-1] DEBUG org.apache.hc.client5.http.wire -- http-outgoing-1 >> "[\r][\n]"
15:58:09.644 [TestNG-test-Login Module Test-2] DEBUG org.apache.hc.client5.http.wire -- http-outgoing-0 >> "connection: keep-alive[\r][\n]"
15:58:09.644 [TestNG-test-Login Module Test-2] DEBUG org.apache.hc.client5.http.wire -- http-outgoing-0 >> "Host: raw.githubusercontent.com[\r][\n]"
15:58:09.644 [TestNG-test-Login Module Test-2] DEBUG org.apache.hc.client5.http.wire -- http-outgoing-0 >> "[\r][\n]"
15:58:09.709 [TestNG-test-Login Module Test-2] DEBUG org.apache.hc.client5.http.wire -- http-outgoing-0 << "HTTP/1.1 200 OK[\r][\n]"
15:58:09.709 [TestNG-test-Login Module Test-2] DEBUG org.apache.hc.client5.http.wire -- http-outgoing-0 << "Connection: keep-alive[\r][\n]"
15:58:09.709 [TestNG-test-Login Module Test-2] DEBUG org.apache.hc.client5.http.wire -- http-outgoing-0 << "Content-Length: 745[\r][\n]"
15:58:09.709 [TestNG-test-Login Module Test-2] DEBUG org.apache.hc.client5.http.wire -- http-outgoing-0 << "Cache-Control: max-age=300[\r][\n]"
15:58:09.709 [TestNG-test-Login Module Test-2] DEBUG org.apache.hc.client5.http.wire -- http-outgoing-0 << "Content-Security-Policy: default-src 'none'; style-src 'unsafe-inline'; sandbox[\r][\n]"
15:58:09.709 [TestNG-test-Login Module Test-2] DEBUG org.apache.hc.client5.http.wire -- http-outgoing-0 << "Content-Type: text/plain; charset=utf-8[\r][\n]"
15:58:09.709 [TestNG-test-Login Module Test-2] DEBUG org.apache.hc.client5.http.wire -- http-outgoing-0 << "ETag: W/"dd41edff335272162022217759820159dac501cff56850e2510f504462cd9b5f"[\r][\n]"
15:58:09.709 [TestNG-test-Login Module Test-2] DEBUG org.apache.hc.client5.http.wire -- http-outgoing-0 << "Strict-Transport-Security: max-age=31536000[\r][\n]"
15:58:09.709 [TestNG-test-Login Module Test-2] DEBUG org.apache.hc.client5.http.wire -- http-outgoing-0 << "X-Content-Type-Options: nosniff[\r][\n]"
15:58:09.709 [TestNG-test-Login Module Test-2] DEBUG org.apache.hc.client5.http.wire -- http-outgoing-0 << "X-Frame-Options: deny[\r][\n]"
15:58:09.709 [TestNG-test-Login Module Test-2] DEBUG org.apache.hc.client5.http.wire -- http-outgoing-0 << "X-XSS-Protection: 1; mode=block[\r][\n]"
15:58:09.709 [TestNG-test-Login Module Test-2] DEBUG org.apache.hc.client5.http.wire -- http-outgoing-0 << "X-GitHub-Request-Id: C6BF:24F23B:1424F5:19937C:668DB565[\r][\n]"
15:58:09.709 [TestNG-test-Login Module Test-2] DEBUG org.apache.hc.client5.http.wire -- http-outgoing-0 << "Content-Encoding: gzip[\r][\n]"
15:58:09.709 [TestNG-test-Login Module Test-2] DEBUG org.apache.hc.client5.http.wire -- http-outgoing-0 << "Accept-Ranges: bytes[\r][\n]"
15:58:09.709 [TestNG-test-Login Module Test-2] DEBUG org.apache.hc.client5.http.wire -- http-outgoing-0 << "Date: Wed, 24 Jul 2024 10:13:06 GMT[\r][\n]"
15:58:09.710 [TestNG-test-Login Module Test-2] DEBUG org.apache.hc.client5.http.wire -- http-outgoing-0 << "Via: 1.1 varnish[\r][\n]"
15:58:09.710 [TestNG-test-Login Module Test-2] DEBUG org.apache.hc.client5.http.wire -- http-outgoing-0 << "X-Served-By: cache-del21726-DEL[\r][\n]"
15:58:09.710 [TestNG-test-Login Module Test-2] DEBUG org.apache.hc.client5.http.wire -- http-outgoing-0 << "X-Cache: HIT[\r][\n]"
15:58:09.710 [TestNG-test-Login Module Test-2] DEBUG org.apache.hc.client5.http.wire -- http-outgoing-0 << "X-Cache-Hits: 2[\r][\n]"
15:58:09.710 [TestNG-test-Login Module Test-2] DEBUG org.apache.hc.client5.http.wire -- http-outgoing-0 << "X-Timer: S1721815987.603246,VS0,VE0[\r][\n]"
15:58:09.710 [TestNG-test-Login Module Test-2] DEBUG org.apache.hc.client5.http.wire -- http-outgoing-0 << "Vary: Authorization,Accept-Encoding,Origin[\r][\n]"
15:58:09.710 [TestNG-test-Login Module Test-2] DEBUG org.apache.hc.client5.http.wire -- http-outgoing-0 << "Access-Control-Allow-Origin: *[\r][\n]"
15:58:09.710 [TestNG-test-Login Module Test-2] DEBUG org.apache.hc.client5.http.wire -- http-outgoing-0 << "Cross-Origin-Resource-Policy: cross-origin[\r][\n]"
15:58:09.710 [TestNG-test-Login Module Test-2] DEBUG org.apache.hc.client5.http.wire -- http-outgoing-0 << "X-Fastly-Request-ID: b40232d535c832b1dab47e88d4f750dbd95ed31a[\r][\n]"
15:58:09.710 [TestNG-test-Login Module Test-2] DEBUG org.apache.hc.client5.http.wire -- http-outgoing-0 << "Expires: Wed, 24 Jul 2024 10:18:06 GMT[\r][\n]"
15:58:09.710 [TestNG-test-Login Module Test-2] DEBUG org.apache.hc.client5.http.wire -- http-outgoing-0 << "Source-Age: 194[\r][\n]"
15:58:09.710 [TestNG-test-Login Module Test-2] DEBUG org.apache.hc.client5.http.wire -- http-outgoing-0 << "[\r][\n]"
15:58:09.713 [TestNG-test-Login Module Test-2] DEBUG org.apache.hc.client5.http.headers -- http-outgoing-0 << HTTP/1.1 200 OK
15:58:09.713 [TestNG-test-Login Module Test-2] DEBUG org.apache.hc.client5.http.headers -- http-outgoing-0 << Connection: keep-alive
15:58:09.713 [TestNG-test-Login Module Test-2] DEBUG org.apache.hc.client5.http.headers -- http-outgoing-0 << Content-Length: 745
15:58:09.713 [TestNG-test-Login Module Test-2] DEBUG org.apache.hc.client5.http.headers -- http-outgoing-0 << Cache-Control: max-age=300
15:58:09.713 [TestNG-test-Login Module Test-2] DEBUG org.apache.hc.client5.http.headers -- http-outgoing-0 << Content-Security-Policy: default-src 'none'; style-src 'unsafe-inline'; sandbox
15:58:09.713 [TestNG-test-Login Module Test-2] DEBUG org.apache.hc.client5.http.headers -- http-outgoing-0 << Content-Type: text/plain; charset=utf-8
15:58:09.713 [TestNG-test-Login Module Test-2] DEBUG org.apache.hc.client5.http.headers -- http-outgoing-0 << ETag: W/"dd41edff335272162022217759820159dac501cff56850e2510f504462cd9b5f"
15:58:09.713 [TestNG-test-Login Module Test-2] DEBUG org.apache.hc.client5.http.headers -- http-outgoing-0 << Strict-Transport-Security: max-age=31536000
15:58:09.713 [TestNG-test-Login Module Test-2] DEBUG org.apache.hc.client5.http.headers -- http-outgoing-0 << X-Content-Type-Options: nosniff
15:58:09.713 [TestNG-test-Login Module Test-2] DEBUG org.apache.hc.client5.http.headers -- http-outgoing-0 << X-Frame-Options: deny
15:58:09.713 [TestNG-test-Login Module Test-2] DEBUG org.apache.hc.client5.http.headers -- http-outgoing-0 << X-XSS-Protection: 1; mode=block
15:58:09.713 [TestNG-test-Login Module Test-2] DEBUG org.apache.hc.client5.http.headers -- http-outgoing-0 << X-GitHub-Request-Id: C6BF:24F23B:1424F5:19937C:668DB565
15:58:09.713 [TestNG-test-Login Module Test-2] DEBUG org.apache.hc.client5.http.headers -- http-outgoing-0 << Content-Encoding: gzip
15:58:09.713 [TestNG-test-Login Module Test-2] DEBUG org.apache.hc.client5.http.headers -- http-outgoing-0 << Accept-Ranges: bytes
15:58:09.713 [TestNG-test-Login Module Test-2] DEBUG org.apache.hc.client5.http.headers -- http-outgoing-0 << Date: Wed, 24 Jul 2024 10:13:06 GMT
15:58:09.714 [TestNG-test-Login Module Test-2] DEBUG org.apache.hc.client5.http.headers -- http-outgoing-0 << Via: 1.1 varnish
15:58:09.714 [TestNG-test-Login Module Test-2] DEBUG org.apache.hc.client5.http.headers -- http-outgoing-0 << X-Served-By: cache-del21726-DEL
15:58:09.714 [TestNG-test-Login Module Test-2] DEBUG org.apache.hc.client5.http.headers -- http-outgoing-0 << X-Cache: HIT
15:58:09.714 [TestNG-test-Login Module Test-2] DEBUG org.apache.hc.client5.http.headers -- http-outgoing-0 << X-Cache-Hits: 2
15:58:09.714 [TestNG-test-Login Module Test-2] DEBUG org.apache.hc.client5.http.headers -- http-outgoing-0 << X-Timer: S1721815987.603246,VS0,VE0
15:58:09.714 [TestNG-test-Login Module Test-2] DEBUG org.apache.hc.client5.http.headers -- http-outgoing-0 << Vary: Authorization,Accept-Encoding,Origin
15:58:09.714 [TestNG-test-Login Module Test-2] DEBUG org.apache.hc.client5.http.headers -- http-outgoing-0 << Access-Control-Allow-Origin: *
15:58:09.714 [TestNG-test-Login Module Test-2] DEBUG org.apache.hc.client5.http.headers -- http-outgoing-0 << Cross-Origin-Resource-Policy: cross-origin
15:58:09.714 [TestNG-test-Login Module Test-2] DEBUG org.apache.hc.client5.http.headers -- http-outgoing-0 << X-Fastly-Request-ID: b40232d535c832b1dab47e88d4f750dbd95ed31a
15:58:09.714 [TestNG-test-Login Module Test-2] DEBUG org.apache.hc.client5.http.headers -- http-outgoing-0 << Expires: Wed, 24 Jul 2024 10:18:06 GMT
15:58:09.714 [TestNG-test-Login Module Test-2] DEBUG org.apache.hc.client5.http.headers -- http-outgoing-0 << Source-Age: 194
15:58:09.718 [TestNG-test-Login Module Test-2] DEBUG org.apache.hc.client5.http.impl.classic.MainClientExec -- ex-0000000001 connection can be kept alive for 3 MINUTES
15:58:09.723 [TestNG-test-Login Module Test-1] DEBUG org.apache.hc.client5.http.wire -- http-outgoing-1 << "HTTP/1.1 200 OK[\r][\n]"
15:58:09.723 [TestNG-test-Login Module Test-1] DEBUG org.apache.hc.client5.http.wire -- http-outgoing-1 << "Connection: keep-alive[\r][\n]"
15:58:09.723 [TestNG-test-Login Module Test-1] DEBUG org.apache.hc.client5.http.wire -- http-outgoing-1 << "Content-Length: 745[\r][\n]"
15:58:09.723 [TestNG-test-Login Module Test-1] DEBUG org.apache.hc.client5.http.wire -- http-outgoing-1 << "Cache-Control: max-age=300[\r][\n]"
15:58:09.723 [TestNG-test-Login Module Test-1] DEBUG org.apache.hc.client5.http.wire -- http-outgoing-1 << "Content-Security-Policy: default-src 'none'; style-src 'unsafe-inline'; sandbox[\r][\n]"
15:58:09.723 [TestNG-test-Login Module Test-1] DEBUG org.apache.hc.client5.http.wire -- http-outgoing-1 << "Content-Type: text/plain; charset=utf-8[\r][\n]"
15:58:09.723 [TestNG-test-Login Module Test-1] DEBUG org.apache.hc.client5.http.wire -- http-outgoing-1 << "ETag: W/"dd41edff335272162022217759820159dac501cff56850e2510f504462cd9b5f"[\r][\n]"
15:58:09.723 [TestNG-test-Login Module Test-1] DEBUG org.apache.hc.client5.http.wire -- http-outgoing-1 << "Strict-Transport-Security: max-age=31536000[\r][\n]"
15:58:09.723 [TestNG-test-Login Module Test-1] DEBUG org.apache.hc.client5.http.wire -- http-outgoing-1 << "X-Content-Type-Options: nosniff[\r][\n]"
15:58:09.723 [TestNG-test-Login Module Test-1] DEBUG org.apache.hc.client5.http.wire -- http-outgoing-1 << "X-Frame-Options: deny[\r][\n]"
15:58:09.723 [TestNG-test-Login Module Test-1] DEBUG org.apache.hc.client5.http.wire -- http-outgoing-1 << "X-XSS-Protection: 1; mode=block[\r][\n]"
15:58:09.723 [TestNG-test-Login Module Test-1] DEBUG org.apache.hc.client5.http.wire -- http-outgoing-1 << "X-GitHub-Request-Id: C6BF:24F23B:1424F5:19937C:668DB565[\r][\n]"
15:58:09.723 [TestNG-test-Login Module Test-1] DEBUG org.apache.hc.client5.http.wire -- http-outgoing-1 << "Content-Encoding: gzip[\r][\n]"
15:58:09.723 [TestNG-test-Login Module Test-1] DEBUG org.apache.hc.client5.http.wire -- http-outgoing-1 << "Accept-Ranges: bytes[\r][\n]"
15:58:09.723 [TestNG-test-Login Module Test-1] DEBUG org.apache.hc.client5.http.wire -- http-outgoing-1 << "Date: Wed, 24 Jul 2024 10:13:06 GMT[\r][\n]"
15:58:09.723 [TestNG-test-Login Module Test-1] DEBUG org.apache.hc.client5.http.wire -- http-outgoing-1 << "Via: 1.1 varnish[\r][\n]"
15:58:09.723 [TestNG-test-Login Module Test-1] DEBUG org.apache.hc.client5.http.wire -- http-outgoing-1 << "X-Served-By: cache-del21736-DEL[\r][\n]"
15:58:09.723 [TestNG-test-Login Module Test-1] DEBUG org.apache.hc.client5.http.wire -- http-outgoing-1 << "X-Cache: HIT[\r][\n]"
15:58:09.723 [TestNG-test-Login Module Test-2] DEBUG org.apache.hc.client5.http.wire -- http-outgoing-0 << "[0x1f][0xffffff8b][0x8][0x0][0x0][0x0][0x0][0x0][0x0][0x3][0xffffffb5]W]o[0xffffffda]0[0x14]}[0xffffffe7]W\QUj% [0x1b][0xffffffad][0xffffffa6]i[0x12][0xf]4c[0xffffffdd]4*[0x18][0xffffffb4][0xffffffdd]&[0xfffffff9][0xffffffc5]$N[0xffffffb0][0xffffff94][0xffffffd8][0xffffffc8]NJ[0xffffffb7]_?[0xffffffdb][0xfffffff9]X[0xffffff92]:[0xffffffa3]k[0xffffffe8][0x1b][0xffffffb6][0xffffffef]=[0xffffffe7][0xffffffd8][0xfffffff7][0xffffffe4][0xffffffda][0xffffff9c][0xffffff80][0xffffffcb][0xffffffe3][0x18]3_[0xffffff82][0xffffff8f][0x13][0xffffffbc][0xffffffc1][0xffffff92][0xfffffff4]N[0xffffffe0]vK%[0x4]4"[0xffffffe0]q[0xffffff96]`[0xffffffca]$$[=[0xffffffc8]C[0x13][0xe][0x1b][0x2][0xffffffe4][0xffffff91]xiB|[0xffffffa0][0xffffffcc],[0xffffffcb]-[0xffffff89]"=[0xffffffe0][0xffffffc2]'B[0x7][0xfffffff9]$!^b[0x16][0x1f][0xffffff88][0xffffff90][0xffffff94][0xffffffab][0xffffffb5][0x0][0xffffff88][0xfffffffa][0x1d][\n]"
15:58:09.723 [TestNG-test-Login Module Test-1] DEBUG org.apache.hc.client5.http.wire -- http-outgoing-1 << "X-Cache-Hits: 3[\r][\n]"
15:58:09.723 [TestNG-test-Login Module Test-1] DEBUG org.apache.hc.client5.http.wire -- http-outgoing-1 << "X-Timer: S1721815987.604030,VS0,VE0[\r][\n]"
15:58:09.723 [TestNG-test-Login Module Test-1] DEBUG org.apache.hc.client5.http.wire -- http-outgoing-1 << "Vary: Authorization,Accept-Encoding,Origin[\r][\n]"
15:58:09.723 [TestNG-test-Login Module Test-1] DEBUG org.apache.hc.client5.http.wire -- http-outgoing-1 << "Access-Control-Allow-Origin: *[\r][\n]"
15:58:09.723 [TestNG-test-Login Module Test-1] DEBUG org.apache.hc.client5.http.wire -- http-outgoing-1 << "Cross-Origin-Resource-Policy: cross-origin[\r][\n]"
15:58:09.723 [TestNG-test-Login Module Test-1] DEBUG org.apache.hc.client5.http.wire -- http-outgoing-1 << "X-Fastly-Request-ID: 33ffbc0259cd4d131303fb61281412ad620fcfb4[\r][\n]"
15:58:09.723 [TestNG-test-Login Module Test-1] DEBUG org.apache.hc.client5.http.wire -- http-outgoing-1 << "Expires: Wed, 24 Jul 2024 10:18:06 GMT[\r][\n]"
15:58:09.723 [TestNG-test-Login Module Test-1] DEBUG org.apache.hc.client5.http.wire -- http-outgoing-1 << "Source-Age: 193[\r][\n]"
15:58:09.723 [TestNG-test-Login Module Test-1] DEBUG org.apache.hc.client5.http.wire -- http-outgoing-1 << "[\r][\n]"
15:58:09.723 [TestNG-test-Login Module Test-2] DEBUG org.apache.hc.client5.http.wire -- http-outgoing-0 << "B[0x18]l[0x4][0xffffffdf]K[0xffffffb5][0xffffffa0]([0xffffffcf][0xffffffdc][0xffffffad][0xffffffe0]1[0x19][0xffffffc0]'*H[0xffffffc0][0x1f][0x7][0xffffffb0][0xffffffd8][0x11][0xffffff81][0x7]0[0xfffffff3]C5kVi[0x1a][0xffffff9f]k|[0xffffff9f][0x6][0x1][0x11][0xffffff84]%[0xffffffc0]uLBY[0x8][0xfffffff2][0xffffff97]LH,[0xffffffe1][0xffffffec];e[0xffffffbe]B[0x1d][0xffffffc0][0xffffff9c][0xffffffb2]T[0xffffffc1][0xffffffdc]`[0xf][0x16][0xffffffeb][0xfffffff3][0xffffff9e][0xffffffe2][0xffffffc8](z[0xfffffff9]6F[0xffffff9e][0x19][0xffffff8e][0xfffffff6]Y[0xffffffc2][0xffffffe8][0xffffffcd][0xffffffdb][0xffffff89][0x17][0xfffffffb]#[0xffffffb5]+p\[0xffffffd8][0xffffffc7][0xffffffd4]3Gb[0xffffff8e]a[0xffffffbf]U|[0xffffffc0]pL&[0xfffffffd][0xffffffd3][0xffffffe5]jq[0xffffffbd][0xffffff9a][0xffffffde]|[0xfffffffa]2[0xffffff9f][0xffffffad]?[0xffffffa0][0x9]B[0xffffffa7][0x8]]s[0x1e]F[0x4][0xffffffa1][0xffffff8c][0x2][0xffffffa1][0xffffffe9]n[0x17]QOI[0xffffffe3][0xc][0xffffffa1][0xffffff9c]H![0xfffffff7]!$[0x9][0xffffffdc][0xffffffe7]g[0xffffffe1]<[0xffffffe0](m[0xffffffd7]3~[0xffffff81][0xffffff9e][0xffffffb3][0x1f][0xffffffef][0xffffffdf][0xffffff9d][0xffffffbf][0xffffffa6][0xffffffa8][0xffffff8b]g[0xffffff8a][0xffffff9a]/[0xffffffdc][0xffffffe9]|[0xffffffba]\~[0xffffff9c][0xffffffde]N_S[0xffffffcf][0xffffffe5]d5[0xffffffbb][0xffffff86]ow[0xffffffb3][0xffffffd5]O[0xfffffff8][0xfffffffc][0xffffffd5][0xffffffbd]Ck[0x1e]${,H[0xffffffc1][0xffffff96][0xffffff93]][0xffffffcd][0xffffffaf][0x8][0xfffffff6][0xc]^[0xffffffe1][0xffffffc5]^[0x13]4[0xffffffd2][0xffffff8e][0xffffffd1]>pR)[0xffffff9c][\r]eNh0[0xffffff86][0xffffffd9]:[0xc][0xffffff87]E[0xffffffa6]=q<i[0xffffff8b]o&[0xffffffc4][0xffffffd8]3<[0xffffff95][0x13][0xffffff90]N&8w[0xffffffe9][0x8][0xffffffef]v[0xffffff8e][0xffffffab][0xffffffbe]>es[0xffffffe9]([0x13]/[0xffffffd6][0xfffffff5][0xffffff80]*[0xffffffba][0xfffffff2]v[0xfffffffe][0xffffffd9][0xffffff94]DA6>[0xffffff8e][0xffffffbb]o[0xfffffff8]o[0x1a]E[0xffffffb8] A[0xffffffa8]@?T[0xffffffad]'*:{[0xfffffffa]xR.*[0xffffffce][0xffffffe9][0xffffffd7][0xffffffad][0xffffff93][0xffffff93]4[0xffffffc9][0xfffffffa][0xffffffda]<n*t[0xffffffeb][0xffffffb9]oV[0xffffffb6][0xffffffc0]/M[0xffffff94]O[0xffffffc0][0xfffffff0][0xffffffe1]i[0xffffff90][0xffffffb5][0xfffffffe]9[0xffffff8b][0xffffffad][0xfffffff2]U,Ul[0xffffffdd][0x13]KL[0xffffffa2][0x6][0xffffffdd][0xffffffca]\?`[0xffffffea][0x9].[0xffffffd5]I [0xffffffa4]i[0x1a]_i,[\r][0xffffffdd][0xffffffa1][0xffffffc3][0xffffffae]kzI[0xffffffd1]_Q[0xffffffce]Ek[0xffffffcb][0xfffffff8]Kf[0xffffffb8][0xfffffffe][0xffffffd9]3[0xc][0xffffffe6][0xffffffd3][0xffffff8e][0x11][0x17][0x10]C[0x1d]`i[0x19][0xffffffd5][0xffffffbc][0xfffffff1][0xffffffa4]5[0xffffffbc][0x1e]o[0xfffffff5]K[0xffffffa9][0xffffffd6][0xfffffff8][0xffffffc1]f[0xffffff9b]z[0x4][0xffffffd4][0x1a][0xffffff86][0xffffffb9]^K[0x16]s[0xffffff91][0xfffffffe][0xffffffbf][0xffffff8b]l]~)x(p,[0x11]2[0x14][0x8]E8e[0xffffff9e][0xffffffca]:X[0xffffffa6][0xffffff86][0xffffff88].[0xffffffb6]9[0xffffff9a][0xffffff88].[0xfffffff7]]G[0xffffffea][0xffffffcb][0xe][0xfffffffb][0x7f].u[0xffffff83][0xffffffbb][0xfffffff4][0xffffffb3][0x19][0xffffffda][0xffffffec][0xffffff98][0xffffffc5]Y[0xfffffffd]h8m6\4[0xffffffc1][0xffffff8a][0xffffffb7][0xffffff98]z[0xffffffd0][0xffffffd5]oF5q[0x1c][0x13][0x16][0xfffffff0][0x1d][0x1e][0x19]5-[0xffffff9d][0xffffffef][0xffffffad]c[0xb]z[0xffffffae]/m[0xffffffe6]8[0xffffffb6][0xffffff96][0xfffffff6]7X[0xffffffc9]t[0xfffffff8][0xfffffff9][0xffffffa5][0x11]K[0xfffffffb][0x15]3[0xffffffc3][0xfffffffc][0x1f]B[0xffffffdb][0xffffffd3][0xffffffab][0xffffff92]4.[0xffffff93]Z[0xffffffdf]]:[0xffffffda][0xffffffea][0xffffffdc]B[0xffffffa6][0xffffffcd][0xffffffbc][0xffffffae][0x5][0xfffffff5][0x4][0xffffffd6]8[0xffffffc0][0xffffff82][0xffffff96][0xfffffff0][0xffffffd2][0xc][0xffffffed][0xffffffe0]Y[0xffffffa8][\r]:[[0xffffffa9][0x0][0xffffffff][0x1][0xfffffff8][0x15][0xffffffb4][0xffffffee][0xffffff8e][\r][0x0][0x0]"
15:58:09.724 [TestNG-test-Login Module Test-1] DEBUG org.apache.hc.client5.http.headers -- http-outgoing-1 << HTTP/1.1 200 OK
15:58:09.724 [TestNG-test-Login Module Test-1] DEBUG org.apache.hc.client5.http.headers -- http-outgoing-1 << Connection: keep-alive
15:58:09.724 [TestNG-test-Login Module Test-1] DEBUG org.apache.hc.client5.http.headers -- http-outgoing-1 << Content-Length: 745
15:58:09.724 [TestNG-test-Login Module Test-1] DEBUG org.apache.hc.client5.http.headers -- http-outgoing-1 << Cache-Control: max-age=300
15:58:09.724 [TestNG-test-Login Module Test-1] DEBUG org.apache.hc.client5.http.headers -- http-outgoing-1 << Content-Security-Policy: default-src 'none'; style-src 'unsafe-inline'; sandbox
15:58:09.724 [TestNG-test-Login Module Test-1] DEBUG org.apache.hc.client5.http.headers -- http-outgoing-1 << Content-Type: text/plain; charset=utf-8
15:58:09.724 [TestNG-test-Login Module Test-1] DEBUG org.apache.hc.client5.http.headers -- http-outgoing-1 << ETag: W/"dd41edff335272162022217759820159dac501cff56850e2510f504462cd9b5f"
15:58:09.724 [TestNG-test-Login Module Test-1] DEBUG org.apache.hc.client5.http.headers -- http-outgoing-1 << Strict-Transport-Security: max-age=31536000
15:58:09.724 [TestNG-test-Login Module Test-1] DEBUG org.apache.hc.client5.http.headers -- http-outgoing-1 << X-Content-Type-Options: nosniff
15:58:09.724 [TestNG-test-Login Module Test-1] DEBUG org.apache.hc.client5.http.headers -- http-outgoing-1 << X-Frame-Options: deny
15:58:09.724 [TestNG-test-Login Module Test-1] DEBUG org.apache.hc.client5.http.headers -- http-outgoing-1 << X-XSS-Protection: 1; mode=block
15:58:09.724 [TestNG-test-Login Module Test-1] DEBUG org.apache.hc.client5.http.headers -- http-outgoing-1 << X-GitHub-Request-Id: C6BF:24F23B:1424F5:19937C:668DB565
15:58:09.724 [TestNG-test-Login Module Test-1] DEBUG org.apache.hc.client5.http.headers -- http-outgoing-1 << Content-Encoding: gzip
15:58:09.724 [TestNG-test-Login Module Test-1] DEBUG org.apache.hc.client5.http.headers -- http-outgoing-1 << Accept-Ranges: bytes
15:58:09.724 [TestNG-test-Login Module Test-1] DEBUG org.apache.hc.client5.http.headers -- http-outgoing-1 << Date: Wed, 24 Jul 2024 10:13:06 GMT
15:58:09.724 [TestNG-test-Login Module Test-1] DEBUG org.apache.hc.client5.http.headers -- http-outgoing-1 << Via: 1.1 varnish
15:58:09.724 [TestNG-test-Login Module Test-1] DEBUG org.apache.hc.client5.http.headers -- http-outgoing-1 << X-Served-By: cache-del21736-DEL
15:58:09.724 [TestNG-test-Login Module Test-1] DEBUG org.apache.hc.client5.http.headers -- http-outgoing-1 << X-Cache: HIT
15:58:09.724 [TestNG-test-Login Module Test-1] DEBUG org.apache.hc.client5.http.headers -- http-outgoing-1 << X-Cache-Hits: 3
15:58:09.724 [TestNG-test-Login Module Test-1] DEBUG org.apache.hc.client5.http.headers -- http-outgoing-1 << X-Timer: S1721815987.604030,VS0,VE0
15:58:09.724 [TestNG-test-Login Module Test-1] DEBUG org.apache.hc.client5.http.headers -- http-outgoing-1 << Vary: Authorization,Accept-Encoding,Origin
15:58:09.724 [TestNG-test-Login Module Test-1] DEBUG org.apache.hc.client5.http.headers -- http-outgoing-1 << Access-Control-Allow-Origin: *
15:58:09.724 [TestNG-test-Login Module Test-1] DEBUG org.apache.hc.client5.http.headers -- http-outgoing-1 << Cross-Origin-Resource-Policy: cross-origin
15:58:09.724 [TestNG-test-Login Module Test-2] DEBUG org.apache.hc.client5.http.impl.classic.InternalHttpClient -- ep-0000000001 releasing valid endpoint
15:58:09.725 [TestNG-test-Login Module Test-1] DEBUG org.apache.hc.client5.http.headers -- http-outgoing-1 << X-Fastly-Request-ID: 33ffbc0259cd4d131303fb61281412ad620fcfb4
15:58:09.725 [TestNG-test-Login Module Test-1] DEBUG org.apache.hc.client5.http.headers -- http-outgoing-1 << Expires: Wed, 24 Jul 2024 10:18:06 GMT
15:58:09.725 [TestNG-test-Login Module Test-1] DEBUG org.apache.hc.client5.http.headers -- http-outgoing-1 << Source-Age: 193
15:58:09.725 [TestNG-test-Login Module Test-2] DEBUG org.apache.hc.client5.http.impl.io.PoolingHttpClientConnectionManager -- ep-0000000001 releasing endpoint
15:58:09.725 [TestNG-test-Login Module Test-2] DEBUG org.apache.hc.client5.http.impl.io.PoolingHttpClientConnectionManager -- ep-0000000001 connection http-outgoing-0 can be kept alive for 3 MINUTES
15:58:09.725 [TestNG-test-Login Module Test-1] DEBUG org.apache.hc.client5.http.impl.classic.MainClientExec -- ex-0000000002 connection can be kept alive for 3 MINUTES
15:58:09.725 [TestNG-test-Login Module Test-1] DEBUG org.apache.hc.client5.http.wire -- http-outgoing-1 << "[0x1f][0xffffff8b][0x8][0x0][0x0][0x0][0x0][0x0][0x0][0x3][0xffffffb5]W]o[0xffffffda]0[0x14]}[0xffffffe7]W\QUj% [0x1b][0xffffffad][0xffffffa6]i[0x12][0xf]4c[0xffffffdd]4*[0x18][0xffffffb4][0xffffffdd]&[0xfffffff9][0xffffffc5]$N[0xffffffb0][0xffffff94][0xffffffd8][0xffffffc8]NJ[0xffffffb7]_?[0xffffffdb][0xfffffff9]X[0xffffff92]:[0xffffffa3]k[0xffffffe8][0x1b][0xffffffb6][0xffffffef]=[0xffffffe7][0xffffffd8][0xfffffff7][0xffffffe4][0xffffffda][0xffffff9c][0xffffff80][0xffffffcb][0xffffffe3][0x18]3_[0xffffff82][0xffffff8f][0x13][0xffffffbc][0xffffffc1][0xffffff92][0xfffffff4]N[0xffffffe0]vK%[0x4]4"[0xffffffe0]q[0xffffff96]`[0xffffffca]$$[=[0xffffffc8]C[0x13][0xe][0x1b][0x2][0xffffffe4][0xffffff91]xiB|[0xffffffa0][0xffffffcc],[0xffffffcb]-[0xffffff89]"=[0xffffffe0][0xffffffc2]'B[0x7][0xfffffff9]$!^b[0x16][0x1f][0xffffff88][0xffffff90][0xffffff94][0xffffffab][0xffffffb5][0x0][0xffffff88][0xfffffffa][0x1d][\n]"
15:58:09.726 [TestNG-test-Login Module Test-1] DEBUG org.apache.hc.client5.http.wire -- http-outgoing-1 << "B[0x18]l[0x4][0xffffffdf]K[0xffffffb5][0xffffffa0]([0xffffffcf][0xffffffdc][0xffffffad][0xffffffe0]1[0x19][0xffffffc0]'*H[0xffffffc0][0x1f][0x7][0xffffffb0][0xffffffd8][0x11][0xffffff81][0x7]0[0xfffffff3]C5kVi[0x1a][0xffffff9f]k|[0xffffff9f][0x6][0x1][0x11][0xffffff84]%[0xffffffc0]uLBY[0x8][0xfffffff2][0xffffff97]LH,[0xffffffe1][0xffffffec];e[0xffffffbe]B[0x1d][0xffffffc0][0xffffff9c][0xffffffb2]T[0xffffffc1][0xffffffdc]`[0xf][0x16][0xffffffeb][0xfffffff3][0xffffff9e][0xffffffe2][0xffffffc8](z[0xfffffff9]6F[0xffffff9e][0x19][0xffffff8e][0xfffffff6]Y[0xffffffc2][0xffffffe8][0xffffffcd][0xffffffdb][0xffffff89][0x17][0xfffffffb]#[0xffffffb5]+p\[0xffffffd8][0xffffffc7][0xffffffd4]3Gb[0xffffff8e]a[0xffffffbf]U|[0xffffffc0]pL&[0xfffffffd][0xffffffd3][0xffffffe5]jq[0xffffffbd][0xffffff9a][0xffffffde]|[0xfffffffa]2[0xffffff9f][0xffffffad]?[0xffffffa0][0x9]B[0xffffffa7][0x8]]s[0x1e]F[0x4][0xffffffa1][0xffffff8c][0x2][0xffffffa1][0xffffffe9]n[0x17]QOI[0xffffffe3][0xc][0xffffffa1][0xffffff9c]H![0xfffffff7]!$[0x9][0xffffffdc][0xffffffe7]g[0xffffffe1]<[0xffffffe0](m[0xffffffd7]3~[0xffffff81][0xffffff9e][0xffffffb3][0x1f][0xffffffef][0xffffffdf][0xffffff9d][0xffffffbf][0xffffffa6][0xffffffa8][0xffffff8b]g[0xffffff8a][0xffffff9a]/[0xffffffdc][0xffffffe9]|[0xffffffba]\~[0xffffff9c][0xffffffde]N_S[0xffffffcf][0xffffffe5]d5[0xffffffbb][0xffffff86]ow[0xffffffb3][0xffffffd5]O[0xfffffff8][0xfffffffc][0xffffffd5][0xffffffbd]Ck[0x1e]${,H[0xffffffc1][0xffffff96][0xffffff93]][0xffffffcd][0xffffffaf][0x8][0xfffffff6][0xc]^[0xffffffe1][0xffffffc5]^[0x13]4[0xffffffd2][0xffffff8e][0xffffffd1]>pR)[0xffffff9c][\r]eNh0[0xffffff86][0xffffffd9]:[0xc][0xffffff87]E[0xffffffa6]=q<i[0xffffff8b]o&[0xffffffc4][0xffffffd8]3<[0xffffff95][0x13][0xffffff90]N&8w[0xffffffe9][0x8][0xffffffef]v[0xffffff8e][0xffffffab][0xffffffbe]>es[0xffffffe9]([0x13]/[0xffffffd6][0xfffffff5][0xffffff80]*[0xffffffba][0xfffffff2]v[0xfffffffe][0xffffffd9][0xffffff94]DA6>[0xffffff8e][0xffffffbb]o[0xfffffff8]o[0x1a]E[0xffffffb8] A[0xffffffa8]@?T[0xffffffad]'*:{[0xfffffffa]xR.*[0xffffffce][0xffffffe9][0xffffffd7][0xffffffad][0xffffff93][0xffffff93]4[0xffffffc9][0xfffffffa][0xffffffda]<n*t[0xffffffeb][0xffffffb9]oV[0xffffffb6][0xffffffc0]/M[0xffffff94]O[0xffffffc0][0xfffffff0][0xffffffe1]i[0xffffff90][0xffffffb5][0xfffffffe]9[0xffffff8b][0xffffffad][0xfffffff2]U,Ul[0xffffffdd][0x13]KL[0xffffffa2][0x6][0xffffffdd][0xffffffca]\?`[0xffffffea][0x9].[0xffffffd5]I [0xffffffa4]i[0x1a]_i,[\r][0xffffffdd][0xffffffa1][0xffffffc3][0xffffffae]kzI[0xffffffd1]_Q[0xffffffce]Ek[0xffffffcb][0xfffffff8]Kf[0xffffffb8][0xfffffffe][0xffffffd9]3[0xc][0xffffffe6][0xffffffd3][0xffffff8e][0x11][0x17][0x10]C[0x1d]`i[0x19][0xffffffd5][0xffffffbc][0xfffffff1][0xffffffa4]5[0xffffffbc][0x1e]o[0xfffffff5]K[0xffffffa9][0xffffffd6][0xfffffff8][0xffffffc1]f[0xffffff9b]z[0x4][0xffffffd4][0x1a][0xffffff86][0xffffffb9]^K[0x16]s[0xffffff91][0xfffffffe][0xffffffbf][0xffffff8b]l]~)x(p,[0x11]2[0x14][0x8]E8e[0xffffff9e][0xffffffca]:X[0xffffffa6][0xffffff86][0xffffff88].[0xffffffb6]9[0xffffff9a][0xffffff88].[0xfffffff7]]G[0xffffffea][0xffffffcb][0xe][0xfffffffb][0x7f].u[0xffffff83][0xffffffbb][0xfffffff4][0xffffffb3][0x19][0xffffffda][0xffffffec][0xffffff98][0xffffffc5]Y[0xfffffffd]h8m6\4[0xffffffc1][0xffffff8a][0xffffffb7][0xffffff98]z[0xffffffd0][0xffffffd5]oF5q[0x1c][0x13][0x16][0xfffffff0][0x1d][0x1e][0x19]5-[0xffffff9d][0xffffffef][0xffffffad]c[0xb]z[0xffffffae]/m[0xffffffe6]8[0xffffffb6][0xffffff96][0xfffffff6]7X[0xffffffc9]t[0xfffffff8][0xfffffff9][0xffffffa5][0x11]K[0xfffffffb][0x15]3[0xffffffc3][0xfffffffc][0x1f]B[0xffffffdb][0xffffffd3][0xffffffab][0xffffff92]4.[0xffffff93]Z[0xffffffdf]]:[0xffffffda][0xffffffea][0xffffffdc]B[0xffffffa6][0xffffffcd][0xffffffbc][0xffffffae][0x5][0xfffffff5][0x4][0xffffffd6]8[0xffffffc0][0xffffff82][0xffffff96][0xfffffff0][0xffffffd2][0xc][0xffffffed][0xffffffe0]Y[0xffffffa8][\r]:[[0xffffffa9][0x0][0xffffffff][0x1][0xfffffff8][0x15][0xffffffb4][0xffffffee][0xffffff8e][\r][0x0][0x0]"
15:58:09.726 [TestNG-test-Login Module Test-2] DEBUG org.apache.hc.client5.http.impl.io.PoolingHttpClientConnectionManager -- ep-0000000001 connection released [route: {s}->https://raw.githubusercontent.com:443][total available: 1; route allocated: 1 of 5; total allocated: 1 of 25]
15:58:09.726 [TestNG-test-Login Module Test-2] DEBUG io.github.bonigarcia.wdm.versions.VersionDetector -- Detecting chrome version using online commands.properties
15:58:09.726 [TestNG-test-Login Module Test-1] DEBUG org.apache.hc.client5.http.impl.classic.InternalHttpClient -- ep-0000000002 releasing valid endpoint
15:58:09.726 [TestNG-test-Login Module Test-1] DEBUG org.apache.hc.client5.http.impl.io.PoolingHttpClientConnectionManager -- ep-0000000002 releasing endpoint
15:58:09.726 [TestNG-test-Login Module Test-1] DEBUG org.apache.hc.client5.http.impl.io.PoolingHttpClientConnectionManager -- ep-0000000002 connection http-outgoing-1 can be kept alive for 3 MINUTES
15:58:09.727 [TestNG-test-Login Module Test-1] DEBUG org.apache.hc.client5.http.impl.io.PoolingHttpClientConnectionManager -- ep-0000000002 connection released [route: {s}->https://raw.githubusercontent.com:443][total available: 1; route allocated: 1 of 5; total allocated: 1 of 25]
15:58:09.727 [TestNG-test-Login Module Test-1] DEBUG io.github.bonigarcia.wdm.versions.VersionDetector -- Detecting chrome version using online commands.properties
15:58:09.729 [TestNG-test-Login Module Test-1] DEBUG io.github.bonigarcia.wdm.versions.Shell -- Running command on the shell: [cmd.exe, /C, wmic, datafile, where, name="%PROGRAMFILES:\=\\%\\Google\\Chrome\\Application\\chrome.exe", get, Version, /value]
15:58:09.729 [TestNG-test-Login Module Test-2] DEBUG io.github.bonigarcia.wdm.versions.Shell -- Running command on the shell: [cmd.exe, /C, wmic, datafile, where, name="%PROGRAMFILES:\=\\%\\Google\\Chrome\\Application\\chrome.exe", get, Version, /value]
15:58:10.059 [TestNG-test-Login Module Test-1] DEBUG io.github.bonigarcia.wdm.versions.Shell -- Result: Version=126.0.6478.183
15:58:10.061 [TestNG-test-Login Module Test-1] DEBUG io.github.bonigarcia.wdm.cache.ResolutionCache -- Resolution chrome126=126.0.6478.182 in cache (valid until 10:24:20 25/07/2024 NPT)
15:58:10.061 [TestNG-test-Login Module Test-1] INFO io.github.bonigarcia.wdm.WebDriverManager -- Using chromedriver 126.0.6478.182 (resolved driver for Chrome 126)
15:58:10.062 [TestNG-test-Login Module Test-2] DEBUG io.github.bonigarcia.wdm.versions.Shell -- Result: Version=126.0.6478.183
15:58:10.062 [TestNG-test-Login Module Test-1] DEBUG io.github.bonigarcia.wdm.cache.ResolutionCache -- Storing resolution chrome=126 in cache (valid until 16:58:10 24/07/2024 NPT)
15:58:10.063 [TestNG-test-Login Module Test-2] DEBUG io.github.bonigarcia.wdm.cache.ResolutionCache -- Resolution chrome126=126.0.6478.182 in cache (valid until 10:24:20 25/07/2024 NPT)
15:58:10.063 [TestNG-test-Login Module Test-2] INFO io.github.bonigarcia.wdm.WebDriverManager -- Using chromedriver 126.0.6478.182 (resolved driver for Chrome 126)
15:58:10.065 [TestNG-test-Login Module Test-2] DEBUG io.github.bonigarcia.wdm.cache.ResolutionCache -- Storing resolution chrome=126 in cache (valid until 16:58:10 24/07/2024 NPT)
15:58:10.074 [TestNG-test-Login Module Test-1] DEBUG io.github.bonigarcia.wdm.WebDriverManager -- Driver chromedriver 126.0.6478.182 found in cache
15:58:10.074 [TestNG-test-Login Module Test-2] DEBUG io.github.bonigarcia.wdm.WebDriverManager -- Driver chromedriver 126.0.6478.182 found in cache
15:58:10.075 [TestNG-test-Login Module Test-1] INFO io.github.bonigarcia.wdm.WebDriverManager -- Exporting webdriver.chrome.driver as C:\Users\97798\.cache\selenium\chromedriver\win64\126.0.6478.182\chromedriver.exe
15:58:10.075 [TestNG-test-Login Module Test-2] INFO io.github.bonigarcia.wdm.WebDriverManager -- Exporting webdriver.chrome.driver as C:\Users\97798\.cache\selenium\chromedriver\win64\126.0.6478.182\chromedriver.exe
15:58:10.189 [TestNG-test-Login Module Test-1] DEBUG io.netty.util.internal.logging.InternalLoggerFactory -- Using SLF4J as the default logging framework
15:58:10.192 [TestNG-test-Login Module Test-1] DEBUG io.netty.util.ResourceLeakDetector -- -Dio.netty.leakDetection.level: simple
15:58:10.192 [TestNG-test-Login Module Test-1] DEBUG io.netty.util.ResourceLeakDetector -- -Dio.netty.leakDetection.targetRecords: 4
15:58:10.196 [TestNG-test-Login Module Test-1] DEBUG io.netty.util.ResourceLeakDetectorFactory -- Loaded default ResourceLeakDetector: io.netty.util.ResourceLeakDetector@35ad292e
15:58:10.214 [TestNG-test-Login Module Test-1] DEBUG io.netty.util.internal.PlatformDependent0 -- -Dio.netty.noUnsafe: false
15:58:10.214 [TestNG-test-Login Module Test-1] DEBUG io.netty.util.internal.PlatformDependent0 -- Java version: 21
15:58:10.215 [TestNG-test-Login Module Test-1] DEBUG io.netty.util.internal.PlatformDependent0 -- sun.misc.Unsafe.theUnsafe: available
15:58:10.215 [TestNG-test-Login Module Test-1] DEBUG io.netty.util.internal.PlatformDependent0 -- sun.misc.Unsafe.copyMemory: available
15:58:10.216 [TestNG-test-Login Module Test-1] DEBUG io.netty.util.internal.PlatformDependent0 -- sun.misc.Unsafe.storeFence: available
15:58:10.216 [TestNG-test-Login Module Test-1] DEBUG io.netty.util.internal.PlatformDependent0 -- java.nio.Buffer.address: available
15:58:10.217 [TestNG-test-Login Module Test-1] DEBUG io.netty.util.internal.PlatformDependent0 -- direct buffer constructor: unavailable: java.nio.DirectByteBuffer.<init>(long,int)
15:58:10.218 [TestNG-test-Login Module Test-1] DEBUG io.netty.util.internal.PlatformDependent0 -- java.nio.Bits.unaligned: available, true
15:58:10.219 [TestNG-test-Login Module Test-1] DEBUG io.netty.util.internal.PlatformDependent0 -- jdk.internal.misc.Unsafe.allocateUninitializedArray(int): unavailable: class io.netty.util.internal.PlatformDependent0$7 cannot access class jdk.internal.misc.Unsafe (in module java.base) because module java.base does not export jdk.internal.misc to unnamed module @1283bb96
15:58:10.221 [TestNG-test-Login Module Test-1] DEBUG io.netty.util.internal.PlatformDependent0 -- java.nio.DirectByteBuffer.<init>(long, int): unavailable
15:58:10.221 [TestNG-test-Login Module Test-1] DEBUG io.netty.util.internal.PlatformDependent -- sun.misc.Unsafe: available
15:58:10.223 [TestNG-test-Login Module Test-1] DEBUG io.netty.util.internal.PlatformDependent -- maxDirectMemory: 4242538496 bytes (maybe)
15:58:10.223 [TestNG-test-Login Module Test-1] DEBUG io.netty.util.internal.PlatformDependent -- -Dio.netty.tmpdir: C:\Users\97798\AppData\Local\Temp (java.io.tmpdir)
15:58:10.224 [TestNG-test-Login Module Test-1] DEBUG io.netty.util.internal.PlatformDependent -- -Dio.netty.bitMode: 64 (sun.arch.data.model)
15:58:10.224 [TestNG-test-Login Module Test-1] DEBUG io.netty.util.internal.PlatformDependent -- Platform: Windows
15:58:10.225 [TestNG-test-Login Module Test-1] DEBUG io.netty.util.internal.PlatformDependent -- -Dio.netty.maxDirectMemory: -1 bytes
15:58:10.225 [TestNG-test-Login Module Test-1] DEBUG io.netty.util.internal.PlatformDependent -- -Dio.netty.uninitializedArrayAllocationThreshold: -1
15:58:10.227 [TestNG-test-Login Module Test-1] DEBUG io.netty.util.internal.CleanerJava9 -- java.nio.ByteBuffer.cleaner(): available
15:58:10.227 [TestNG-test-Login Module Test-1] DEBUG io.netty.util.internal.PlatformDependent -- -Dio.netty.noPreferDirect: false
15:58:10.234 [TestNG-test-Login Module Test-1] DEBUG io.netty.util.internal.PlatformDependent -- org.jctools-core.MpscChunkedArrayQueue: available
15:58:10.253 [TestNG-test-Login Module Test-1] DEBUG io.netty.util.internal.InternalThreadLocalMap -- -Dio.netty.threadLocalMap.stringBuilder.initialSize: 1024
15:58:10.253 [TestNG-test-Login Module Test-1] DEBUG io.netty.util.internal.InternalThreadLocalMap -- -Dio.netty.threadLocalMap.stringBuilder.maxSize: 4096
15:58:10.267 [TestNG-test-Login Module Test-1] DEBUG io.netty.handler.ssl.JdkSslContext -- Default protocols (JDK): [TLSv1.3, TLSv1.2] 
15:58:10.267 [TestNG-test-Login Module Test-1] DEBUG io.netty.handler.ssl.JdkSslContext -- Default cipher suites (JDK): [TLS_ECDHE_ECDSA_WITH_AES_256_GCM_SHA384, TLS_ECDHE_ECDSA_WITH_AES_128_GCM_SHA256, TLS_ECDHE_RSA_WITH_AES_128_GCM_SHA256, TLS_ECDHE_RSA_WITH_AES_256_GCM_SHA384, TLS_ECDHE_RSA_WITH_AES_128_CBC_SHA, TLS_ECDHE_RSA_WITH_AES_256_CBC_SHA, TLS_RSA_WITH_AES_128_GCM_SHA256, TLS_RSA_WITH_AES_128_CBC_SHA, TLS_RSA_WITH_AES_256_CBC_SHA, TLS_AES_128_GCM_SHA256, TLS_AES_256_GCM_SHA384]
15:58:10.282 [TestNG-test-Login Module Test-1] DEBUG io.netty.util.concurrent.GlobalEventExecutor -- -Dio.netty.globalEventExecutor.quietPeriodSeconds: 1
15:58:10.294 [TestNG-test-Login Module Test-1] DEBUG io.netty.channel.MultithreadEventLoopGroup -- -Dio.netty.eventLoopThreads: 40
15:58:10.303 [TestNG-test-Login Module Test-1] DEBUG io.netty.channel.nio.NioEventLoop -- -Dio.netty.noKeySetOptimization: false
15:58:10.303 [TestNG-test-Login Module Test-1] DEBUG io.netty.channel.nio.NioEventLoop -- -Dio.netty.selectorAutoRebuildThreshold: 512
15:58:10.368 [TestNG-test-Login Module Test-1] DEBUG io.netty.buffer.PooledByteBufAllocator -- -Dio.netty.allocator.numHeapArenas: 40
15:58:10.368 [TestNG-test-Login Module Test-1] DEBUG io.netty.buffer.PooledByteBufAllocator -- -Dio.netty.allocator.numDirectArenas: 40
15:58:10.368 [TestNG-test-Login Module Test-1] DEBUG io.netty.buffer.PooledByteBufAllocator -- -Dio.netty.allocator.pageSize: 8192
15:58:10.369 [TestNG-test-Login Module Test-1] DEBUG io.netty.buffer.PooledByteBufAllocator -- -Dio.netty.allocator.maxOrder: 9
15:58:10.369 [TestNG-test-Login Module Test-1] DEBUG io.netty.buffer.PooledByteBufAllocator -- -Dio.netty.allocator.chunkSize: 4194304
15:58:10.369 [TestNG-test-Login Module Test-1] DEBUG io.netty.buffer.PooledByteBufAllocator -- -Dio.netty.allocator.smallCacheSize: 256
15:58:10.369 [TestNG-test-Login Module Test-1] DEBUG io.netty.buffer.PooledByteBufAllocator -- -Dio.netty.allocator.normalCacheSize: 64
15:58:10.369 [TestNG-test-Login Module Test-1] DEBUG io.netty.buffer.PooledByteBufAllocator -- -Dio.netty.allocator.maxCachedBufferCapacity: 32768
15:58:10.369 [TestNG-test-Login Module Test-1] DEBUG io.netty.buffer.PooledByteBufAllocator -- -Dio.netty.allocator.cacheTrimInterval: 8192
15:58:10.369 [TestNG-test-Login Module Test-1] DEBUG io.netty.buffer.PooledByteBufAllocator -- -Dio.netty.allocator.cacheTrimIntervalMillis: 0
15:58:10.369 [TestNG-test-Login Module Test-1] DEBUG io.netty.buffer.PooledByteBufAllocator -- -Dio.netty.allocator.useCacheForAllThreads: false
15:58:10.369 [TestNG-test-Login Module Test-1] DEBUG io.netty.buffer.PooledByteBufAllocator -- -Dio.netty.allocator.maxCachedByteBuffersPerChunk: 1023
15:58:10.379 [TestNG-test-Login Module Test-1] DEBUG io.netty.buffer.ByteBufUtil -- -Dio.netty.allocator.type: pooled
15:58:10.379 [TestNG-test-Login Module Test-1] DEBUG io.netty.buffer.ByteBufUtil -- -Dio.netty.threadLocalDirectBufferSize: 0
15:58:10.379 [TestNG-test-Login Module Test-1] DEBUG io.netty.buffer.ByteBufUtil -- -Dio.netty.maxThreadLocalCharBufferSize: 16384
15:58:12.816 [Forwarding newSession on session null to remote] DEBUG io.netty.channel.DefaultChannelId -- -Dio.netty.processId: 3336 (auto-detected)
15:58:12.818 [Forwarding newSession on session null to remote] DEBUG io.netty.util.NetUtil -- -Djava.net.preferIPv4Stack: false
15:58:12.818 [Forwarding newSession on session null to remote] DEBUG io.netty.util.NetUtil -- -Djava.net.preferIPv6Addresses: false
15:58:12.820 [Forwarding newSession on session null to remote] DEBUG io.netty.util.NetUtilInitializations -- Loopback interface: loopback_0 (Software Loopback Interface 1, 0:0:0:0:0:0:0:1)
15:58:12.822 [Forwarding newSession on session null to remote] DEBUG io.netty.util.NetUtil -- Failed to get SOMAXCONN from sysctl and file \proc\sys\net\core\somaxconn. Default: 200
15:58:12.823 [Forwarding newSession on session null to remote] DEBUG io.netty.channel.DefaultChannelId -- -Dio.netty.machineId: 08:8f:c3:ff:fe:e6:40:59 (auto-detected)
15:58:12.872 [AsyncHttpClient-1-2] DEBUG io.netty.buffer.AbstractByteBuf -- -Dio.netty.buffer.checkAccessible: true
15:58:12.873 [AsyncHttpClient-1-2] DEBUG io.netty.buffer.AbstractByteBuf -- -Dio.netty.buffer.checkBounds: true
15:58:12.873 [AsyncHttpClient-1-2] DEBUG io.netty.util.ResourceLeakDetectorFactory -- Loaded default ResourceLeakDetector: io.netty.util.ResourceLeakDetector@34ef973b
15:58:12.891 [AsyncHttpClient-1-2] DEBUG org.asynchttpclient.netty.channel.NettyConnectListener -- Using new Channel '[id: 0xe8dfc488, L:/127.0.0.1:14736 - R:localhost/127.0.0.1:32789]' for 'POST' to '/session'
15:58:12.917 [AsyncHttpClient-1-2] DEBUG io.netty.util.Recycler -- -Dio.netty.recycler.maxCapacityPerThread: 4096
15:58:12.918 [AsyncHttpClient-1-2] DEBUG io.netty.util.Recycler -- -Dio.netty.recycler.ratio: 8
15:58:12.918 [AsyncHttpClient-1-2] DEBUG io.netty.util.Recycler -- -Dio.netty.recycler.chunkSize: 32
15:58:12.918 [AsyncHttpClient-1-2] DEBUG io.netty.util.Recycler -- -Dio.netty.recycler.blocking: false
15:58:12.918 [AsyncHttpClient-1-2] DEBUG io.netty.util.Recycler -- -Dio.netty.recycler.batchFastThreadLocalOnly: true
15:58:13.004 [AsyncHttpClient-1-3] DEBUG org.asynchttpclient.netty.channel.NettyConnectListener -- Using new Channel '[id: 0xa94375f3, L:/127.0.0.1:14734 - R:localhost/127.0.0.1:43464]' for 'POST' to '/session'
15:58:16.626 [AsyncHttpClient-1-3] DEBUG io.netty.handler.codec.compression.Brotli -- brotli4j not in the classpath; Brotli support will be unavailable.
15:58:16.626 [AsyncHttpClient-1-3] DEBUG org.asynchttpclient.netty.handler.HttpHandler -- 

Request DefaultHttpRequest(decodeResult: success, version: HTTP/1.1)
POST /session HTTP/1.1
User-Agent: selenium/4.9.0 (java windows)
Content-Length: 254
Content-Type: application/json; charset=utf-8
host: localhost:43464
accept: */*

Response DefaultHttpResponse(decodeResult: success, version: HTTP/1.1)
HTTP/1.1 200 OK
Content-Length: 884
Content-Type: application/json; charset=utf-8
cache-control: no-cache

15:58:16.637 [AsyncHttpClient-1-3] DEBUG org.asynchttpclient.netty.channel.ChannelManager -- Adding key: http://localhost:43464 for channel [id: 0xa94375f3, L:/127.0.0.1:14734 - R:localhost/127.0.0.1:43464]
15:58:16.723 [AsyncHttpClient-1-5] DEBUG org.asynchttpclient.netty.channel.NettyConnectListener -- Trying to recover from failing to connect channel [id: 0x68f258c2, L:null ! R:localhost/[0:0:0:0:0:0:0:1]:14758] with a retry value of false 
15:58:16.723 [AsyncHttpClient-1-5] DEBUG org.asynchttpclient.netty.channel.NettyConnectListener -- Failed to recover from connect exception: io.netty.channel.AbstractChannel$AnnotatedSocketException: No buffer space available (maximum connections reached?): connect: localhost/[0:0:0:0:0:0:0:1]:14758 with channel [id: 0x68f258c2, L:null ! R:localhost/[0:0:0:0:0:0:0:1]:14758]
15:58:16.723 [AsyncHttpClient-1-5] DEBUG org.asynchttpclient.AsyncCompletionHandler -- No buffer space available (maximum connections reached?): connect: localhost/[0:0:0:0:0:0:0:1]:14758
java.net.ConnectException: No buffer space available (maximum connections reached?): connect: localhost/[0:0:0:0:0:0:0:1]:14758
	at org.asynchttpclient.netty.channel.NettyConnectListener.onFailure(NettyConnectListener.java:179)
	at org.asynchttpclient.netty.channel.NettyChannelConnector$1.onFailure(NettyChannelConnector.java:108)
	at org.asynchttpclient.netty.SimpleChannelFutureListener.operationComplete(SimpleChannelFutureListener.java:28)
	at org.asynchttpclient.netty.SimpleChannelFutureListener.operationComplete(SimpleChannelFutureListener.java:20)
	at io.netty.util.concurrent.DefaultPromise.notifyListener0(DefaultPromise.java:590)
	at io.netty.util.concurrent.DefaultPromise.notifyListenersNow(DefaultPromise.java:557)
	at io.netty.util.concurrent.DefaultPromise.notifyListeners(DefaultPromise.java:492)
	at io.netty.util.concurrent.DefaultPromise.setValue0(DefaultPromise.java:636)
	at io.netty.util.concurrent.DefaultPromise.setFailure0(DefaultPromise.java:629)
	at io.netty.util.concurrent.DefaultPromise.tryFailure(DefaultPromise.java:118)
	at io.netty.channel.nio.AbstractNioChannel$AbstractNioUnsafe.connect(AbstractNioChannel.java:284)
	at io.netty.channel.DefaultChannelPipeline$HeadContext.connect(DefaultChannelPipeline.java:1342)
	at io.netty.channel.AbstractChannelHandlerContext.invokeConnect(AbstractChannelHandlerContext.java:653)
	at io.netty.channel.AbstractChannelHandlerContext.connect(AbstractChannelHandlerContext.java:632)
	at io.netty.channel.CombinedChannelDuplexHandler$DelegatingChannelHandlerContext.connect(CombinedChannelDuplexHandler.java:495)
	at io.netty.channel.ChannelOutboundHandlerAdapter.connect(ChannelOutboundHandlerAdapter.java:51)
	at io.netty.channel.CombinedChannelDuplexHandler.connect(CombinedChannelDuplexHandler.java:296)
	at io.netty.channel.AbstractChannelHandlerContext.invokeConnect(AbstractChannelHandlerContext.java:655)
	at io.netty.channel.AbstractChannelHandlerContext.connect(AbstractChannelHandlerContext.java:632)
	at io.netty.channel.AbstractChannelHandlerContext.connect(AbstractChannelHandlerContext.java:616)
	at io.netty.channel.DefaultChannelPipeline.connect(DefaultChannelPipeline.java:978)
	at io.netty.channel.AbstractChannel.connect(AbstractChannel.java:265)
	at io.netty.bootstrap.Bootstrap$3.run(Bootstrap.java:250)
	at io.netty.util.concurrent.AbstractEventExecutor.runTask(AbstractEventExecutor.java:174)
	at io.netty.util.concurrent.AbstractEventExecutor.safeExecute(AbstractEventExecutor.java:167)
	at io.netty.util.concurrent.SingleThreadEventExecutor.runAllTasks(SingleThreadEventExecutor.java:470)
	at io.netty.channel.nio.NioEventLoop.run(NioEventLoop.java:569)
	at io.netty.util.concurrent.SingleThreadEventExecutor$4.run(SingleThreadEventExecutor.java:997)
	at io.netty.util.internal.ThreadExecutorMap$2.run(ThreadExecutorMap.java:74)
	at io.netty.util.concurrent.FastThreadLocalRunnable.run(FastThreadLocalRunnable.java:30)
	at java.base/java.lang.Thread.run(Thread.java:1583)
Caused by: io.netty.channel.AbstractChannel$AnnotatedSocketException: No buffer space available (maximum connections reached?): connect: localhost/[0:0:0:0:0:0:0:1]:14758
Caused by: java.net.SocketException: No buffer space available (maximum connections reached?): connect
	at java.base/sun.nio.ch.Net.connect0(Native Method)
	at java.base/sun.nio.ch.Net.connect(Net.java:589)
	at java.base/sun.nio.ch.Net.connect(Net.java:596)
	at java.base/sun.nio.ch.SocketChannelImpl.connect(SocketChannelImpl.java:880)
	at io.netty.util.internal.SocketUtils$3.run(SocketUtils.java:91)
	at io.netty.util.internal.SocketUtils$3.run(SocketUtils.java:88)
	at java.base/java.security.AccessController.doPrivileged(AccessController.java:571)
	at io.netty.util.internal.SocketUtils.connect(SocketUtils.java:88)
	at io.netty.channel.socket.nio.NioSocketChannel.doConnect(NioSocketChannel.java:322)
	at io.netty.channel.nio.AbstractNioChannel$AbstractNioUnsafe.connect(AbstractNioChannel.java:248)
	at io.netty.channel.DefaultChannelPipeline$HeadContext.connect(DefaultChannelPipeline.java:1342)
	at io.netty.channel.AbstractChannelHandlerContext.invokeConnect(AbstractChannelHandlerContext.java:653)
	at io.netty.channel.AbstractChannelHandlerContext.connect(AbstractChannelHandlerContext.java:632)
	at io.netty.channel.CombinedChannelDuplexHandler$DelegatingChannelHandlerContext.connect(CombinedChannelDuplexHandler.java:495)
	at io.netty.channel.ChannelOutboundHandlerAdapter.connect(ChannelOutboundHandlerAdapter.java:51)
	at io.netty.channel.CombinedChannelDuplexHandler.connect(CombinedChannelDuplexHandler.java:296)
	at io.netty.channel.AbstractChannelHandlerContext.invokeConnect(AbstractChannelHandlerContext.java:655)
	at io.netty.channel.AbstractChannelHandlerContext.connect(AbstractChannelHandlerContext.java:632)
	at io.netty.channel.AbstractChannelHandlerContext.connect(AbstractChannelHandlerContext.java:616)
	at io.netty.channel.DefaultChannelPipeline.connect(DefaultChannelPipeline.java:978)
	at io.netty.channel.AbstractChannel.connect(AbstractChannel.java:265)
	at io.netty.bootstrap.Bootstrap$3.run(Bootstrap.java:250)
	at io.netty.util.concurrent.AbstractEventExecutor.runTask(AbstractEventExecutor.java:174)
	at io.netty.util.concurrent.AbstractEventExecutor.safeExecute(AbstractEventExecutor.java:167)
	at io.netty.util.concurrent.SingleThreadEventExecutor.runAllTasks(SingleThreadEventExecutor.java:470)
	at io.netty.channel.nio.NioEventLoop.run(NioEventLoop.java:569)
	at io.netty.util.concurrent.SingleThreadEventExecutor$4.run(SingleThreadEventExecutor.java:997)
	at io.netty.util.internal.ThreadExecutorMap$2.run(ThreadExecutorMap.java:74)
	at io.netty.util.concurrent.FastThreadLocalRunnable.run(FastThreadLocalRunnable.java:30)
	at java.base/java.lang.Thread.run(Thread.java:1583)
15:58:16.765 [Forwarding maximizeCurrentWindow on session cc6c0319056aa4000b1cb5c23c4409c5 to remote] DEBUG org.asynchttpclient.netty.request.NettyRequestSender -- Using pooled Channel '[id: 0xa94375f3, L:/127.0.0.1:14734 - R:localhost/127.0.0.1:43464]' for 'POST' to 'http://localhost:43464/session/cc6c0319056aa4000b1cb5c23c4409c5/window/maximize'
15:58:16.765 [Forwarding maximizeCurrentWindow on session cc6c0319056aa4000b1cb5c23c4409c5 to remote] DEBUG org.asynchttpclient.netty.request.NettyRequestSender -- Using open Channel [id: 0xa94375f3, L:/127.0.0.1:14734 - R:localhost/127.0.0.1:43464] for POST '/session/cc6c0319056aa4000b1cb5c23c4409c5/window/maximize'
15:58:16.819 [AsyncHttpClient-1-3] DEBUG org.asynchttpclient.netty.handler.HttpHandler -- 

Request DefaultHttpRequest(decodeResult: success, version: HTTP/1.1)
POST /session/cc6c0319056aa4000b1cb5c23c4409c5/window/maximize HTTP/1.1
User-Agent: selenium/4.9.0 (java windows)
Content-Length: 3
Content-Type: application/json; charset=utf-8
host: localhost:43464
accept: */*

Response DefaultHttpResponse(decodeResult: success, version: HTTP/1.1)
HTTP/1.1 200 OK
Content-Length: 51
Content-Type: application/json; charset=utf-8
cache-control: no-cache

15:58:16.820 [AsyncHttpClient-1-3] DEBUG org.asynchttpclient.netty.channel.ChannelManager -- Adding key: http://localhost:43464 for channel [id: 0xa94375f3, L:/127.0.0.1:14734 - R:localhost/127.0.0.1:43464]
15:58:16.822 [Forwarding get on session cc6c0319056aa4000b1cb5c23c4409c5 to remote] DEBUG org.asynchttpclient.netty.request.NettyRequestSender -- Using pooled Channel '[id: 0xa94375f3, L:/127.0.0.1:14734 - R:localhost/127.0.0.1:43464]' for 'POST' to 'http://localhost:43464/session/cc6c0319056aa4000b1cb5c23c4409c5/url'
15:58:16.822 [Forwarding get on session cc6c0319056aa4000b1cb5c23c4409c5 to remote] DEBUG org.asynchttpclient.netty.request.NettyRequestSender -- Using open Channel [id: 0xa94375f3, L:/127.0.0.1:14734 - R:localhost/127.0.0.1:43464] for POST '/session/cc6c0319056aa4000b1cb5c23c4409c5/url'
15:58:17.610 [AsyncHttpClient-1-3] DEBUG org.asynchttpclient.netty.handler.HttpHandler -- 

Request DefaultHttpRequest(decodeResult: success, version: HTTP/1.1)
POST /session/cc6c0319056aa4000b1cb5c23c4409c5/url HTTP/1.1
User-Agent: selenium/4.9.0 (java windows)
Content-Length: 66
Content-Type: application/json; charset=utf-8
host: localhost:43464
accept: */*

Response DefaultHttpResponse(decodeResult: success, version: HTTP/1.1)
HTTP/1.1 200 OK
Content-Length: 14
Content-Type: application/json; charset=utf-8
cache-control: no-cache

15:58:17.611 [AsyncHttpClient-1-3] DEBUG org.asynchttpclient.netty.channel.ChannelManager -- Adding key: http://localhost:43464 for channel [id: 0xa94375f3, L:/127.0.0.1:14734 - R:localhost/127.0.0.1:43464]
15:58:17.614 [TestNG-test-Login Module Test-2] INFO com.orangehrm.ExtentManager -- Creating ExtentTest: Login Test
15:58:17.615 [TestNG-test-Login Module Test-2] INFO com.orangehrm.LoginModule -- Starting Login test
15:58:17.621 [Forwarding findElement on session cc6c0319056aa4000b1cb5c23c4409c5 to remote] DEBUG org.asynchttpclient.netty.request.NettyRequestSender -- Using pooled Channel '[id: 0xa94375f3, L:/127.0.0.1:14734 - R:localhost/127.0.0.1:43464]' for 'POST' to 'http://localhost:43464/session/cc6c0319056aa4000b1cb5c23c4409c5/element'
15:58:17.621 [Forwarding findElement on session cc6c0319056aa4000b1cb5c23c4409c5 to remote] DEBUG org.asynchttpclient.netty.request.NettyRequestSender -- Using open Channel [id: 0xa94375f3, L:/127.0.0.1:14734 - R:localhost/127.0.0.1:43464] for POST '/session/cc6c0319056aa4000b1cb5c23c4409c5/element'
15:58:17.640 [AsyncHttpClient-1-3] DEBUG org.asynchttpclient.netty.handler.HttpHandler -- 

Request DefaultHttpRequest(decodeResult: success, version: HTTP/1.1)
POST /session/cc6c0319056aa4000b1cb5c23c4409c5/element HTTP/1.1
User-Agent: selenium/4.9.0 (java windows)
Content-Length: 62
Content-Type: application/json; charset=utf-8
host: localhost:43464
accept: */*

Response DefaultHttpResponse(decodeResult: success, version: HTTP/1.1)
HTTP/1.1 404 Not Found
Content-Length: 933
Content-Type: application/json; charset=utf-8
cache-control: no-cache

15:58:17.641 [AsyncHttpClient-1-3] DEBUG org.asynchttpclient.netty.channel.ChannelManager -- Adding key: http://localhost:43464 for channel [id: 0xa94375f3, L:/127.0.0.1:14734 - R:localhost/127.0.0.1:43464]
15:58:17.940 [AsyncHttpClient-1-1] DEBUG org.asynchttpclient.netty.channel.DefaultChannelPool -- Entry count for : http://localhost:43464 : 1
15:58:18.154 [Forwarding findElement on session cc6c0319056aa4000b1cb5c23c4409c5 to remote] DEBUG org.asynchttpclient.netty.request.NettyRequestSender -- Using pooled Channel '[id: 0xa94375f3, L:/127.0.0.1:14734 - R:localhost/127.0.0.1:43464]' for 'POST' to 'http://localhost:43464/session/cc6c0319056aa4000b1cb5c23c4409c5/element'
15:58:18.155 [Forwarding findElement on session cc6c0319056aa4000b1cb5c23c4409c5 to remote] DEBUG org.asynchttpclient.netty.request.NettyRequestSender -- Using open Channel [id: 0xa94375f3, L:/127.0.0.1:14734 - R:localhost/127.0.0.1:43464] for POST '/session/cc6c0319056aa4000b1cb5c23c4409c5/element'
15:58:18.167 [AsyncHttpClient-1-3] DEBUG org.asynchttpclient.netty.handler.HttpHandler -- 

Request DefaultHttpRequest(decodeResult: success, version: HTTP/1.1)
POST /session/cc6c0319056aa4000b1cb5c23c4409c5/element HTTP/1.1
User-Agent: selenium/4.9.0 (java windows)
Content-Length: 62
Content-Type: application/json; charset=utf-8
host: localhost:43464
accept: */*

Response DefaultHttpResponse(decodeResult: success, version: HTTP/1.1)
HTTP/1.1 404 Not Found
Content-Length: 933
Content-Type: application/json; charset=utf-8
cache-control: no-cache

15:58:18.168 [AsyncHttpClient-1-3] DEBUG org.asynchttpclient.netty.channel.ChannelManager -- Adding key: http://localhost:43464 for channel [id: 0xa94375f3, L:/127.0.0.1:14734 - R:localhost/127.0.0.1:43464]
15:58:18.679 [Forwarding findElement on session cc6c0319056aa4000b1cb5c23c4409c5 to remote] DEBUG org.asynchttpclient.netty.request.NettyRequestSender -- Using pooled Channel '[id: 0xa94375f3, L:/127.0.0.1:14734 - R:localhost/127.0.0.1:43464]' for 'POST' to 'http://localhost:43464/session/cc6c0319056aa4000b1cb5c23c4409c5/element'
15:58:18.679 [Forwarding findElement on session cc6c0319056aa4000b1cb5c23c4409c5 to remote] DEBUG org.asynchttpclient.netty.request.NettyRequestSender -- Using open Channel [id: 0xa94375f3, L:/127.0.0.1:14734 - R:localhost/127.0.0.1:43464] for POST '/session/cc6c0319056aa4000b1cb5c23c4409c5/element'
15:58:18.689 [AsyncHttpClient-1-3] DEBUG org.asynchttpclient.netty.handler.HttpHandler -- 

Request DefaultHttpRequest(decodeResult: success, version: HTTP/1.1)
POST /session/cc6c0319056aa4000b1cb5c23c4409c5/element HTTP/1.1
User-Agent: selenium/4.9.0 (java windows)
Content-Length: 62
Content-Type: application/json; charset=utf-8
host: localhost:43464
accept: */*

Response DefaultHttpResponse(decodeResult: success, version: HTTP/1.1)
HTTP/1.1 404 Not Found
Content-Length: 933
Content-Type: application/json; charset=utf-8
cache-control: no-cache

15:58:18.689 [AsyncHttpClient-1-3] DEBUG org.asynchttpclient.netty.channel.ChannelManager -- Adding key: http://localhost:43464 for channel [id: 0xa94375f3, L:/127.0.0.1:14734 - R:localhost/127.0.0.1:43464]
15:58:18.776 [AsyncHttpClient-1-2] DEBUG org.asynchttpclient.netty.handler.HttpHandler -- 

Request DefaultHttpRequest(decodeResult: success, version: HTTP/1.1)
POST /session HTTP/1.1
User-Agent: selenium/4.9.0 (java windows)
Content-Length: 254
Content-Type: application/json; charset=utf-8
host: localhost:32789
accept: */*

Response DefaultHttpResponse(decodeResult: success, version: HTTP/1.1)
HTTP/1.1 200 OK
Content-Length: 883
Content-Type: application/json; charset=utf-8
cache-control: no-cache

15:58:18.777 [AsyncHttpClient-1-2] DEBUG org.asynchttpclient.netty.channel.ChannelManager -- Adding key: http://localhost:32789 for channel [id: 0xe8dfc488, L:/127.0.0.1:14736 - R:localhost/127.0.0.1:32789]
15:58:18.784 [AsyncHttpClient-1-6] DEBUG org.asynchttpclient.netty.channel.NettyConnectListener -- Using new Channel '[id: 0x46f46642, L:/127.0.0.1:14757 - R:localhost/127.0.0.1:14533]' for 'GET' to '/json/version'
15:58:18.787 [AsyncHttpClient-1-6] DEBUG org.asynchttpclient.netty.handler.HttpHandler -- 

Request DefaultFullHttpRequest(decodeResult: success, version: HTTP/1.1, content: EmptyByteBufBE)
GET /json/version HTTP/1.1
User-Agent: selenium/4.9.0 (java windows)
host: localhost:14533
accept: */*

Response DefaultHttpResponse(decodeResult: success, version: HTTP/1.1)
HTTP/1.1 200 OK
Content-Security-Policy: frame-ancestors 'none'
Content-Length: 424
Content-Type: application/json; charset=UTF-8

15:58:18.788 [AsyncHttpClient-1-6] DEBUG org.asynchttpclient.netty.channel.ChannelManager -- Adding key: http://localhost:14533 for channel [id: 0x46f46642, L:/127.0.0.1:14757 - R:localhost/127.0.0.1:14533]
15:58:18.796 [TestNG-test-Login Module Test-1] DEBUG io.netty.util.internal.ThreadLocalRandom -- -Dio.netty.initialSeedUniquifier: 0xa32a7fcdf7a17c82
15:58:18.801 [AsyncHttpClient-1-8] DEBUG org.asynchttpclient.netty.channel.NettyConnectListener -- Trying to recover from failing to connect channel [id: 0x28c0e26e, L:null ! R:localhost/[0:0:0:0:0:0:0:1]:14533] with a retry value of false 
15:58:18.801 [AsyncHttpClient-1-8] DEBUG org.asynchttpclient.netty.channel.NettyConnectListener -- Failed to recover from connect exception: io.netty.channel.AbstractChannel$AnnotatedSocketException: No buffer space available (maximum connections reached?): connect: localhost/[0:0:0:0:0:0:0:1]:14533 with channel [id: 0x28c0e26e, L:null ! R:localhost/[0:0:0:0:0:0:0:1]:14533]
]]></system-out>
    <system-err><![CDATA[Starting ChromeDriver 126.0.6478.182 (5b5d8292ddf182f8b2096fa665b473b6317906d5-refs/branch-heads/6478@{#1776}) on port 32789
Only local connections are allowed.
Please see https://chromedriver.chromium.org/security-considerations for suggestions on keeping ChromeDriver safe.
ChromeDriver was started successfully.
Starting ChromeDriver 126.0.6478.182 (5b5d8292ddf182f8b2096fa665b473b6317906d5-refs/branch-heads/6478@{#1776}) on port 43464
Only local connections are allowed.
Please see https://chromedriver.chromium.org/security-considerations for suggestions on keeping ChromeDriver safe.
ChromeDriver was started successfully.
[1721815993.842][SEVERE]: connect failed: 10055
[1721815993.842][WARNING]: Unknown error 10055 mapped to net::ERR_FAILED
[1721815993.843][SEVERE]: connect failed: 10055
[1721815993.843][WARNING]: Unknown error 10055 mapped to net::ERR_FAILED
[1721815993.871][SEVERE]: connect failed: 10055
[1721815993.871][WARNING]: Unknown error 10055 mapped to net::ERR_FAILED
[1721815993.872][SEVERE]: connect failed: 10055
[1721815993.872][WARNING]: Unknown error 10055 mapped to net::ERR_FAILED
[1721815993.900][SEVERE]: connect failed: 10055
[1721815993.900][WARNING]: Unknown error 10055 mapped to net::ERR_FAILED
[1721815993.900][SEVERE]: connect failed: 10055
[1721815993.900][WARNING]: Unknown error 10055 mapped to net::ERR_FAILED
[1721815993.932][SEVERE]: connect failed: 10055
[1721815993.932][WARNING]: Unknown error 10055 mapped to net::ERR_FAILED
[1721815993.933][SEVERE]: connect failed: 10055
[1721815993.933][WARNING]: Unknown error 10055 mapped to net::ERR_FAILED
[1721815993.964][SEVERE]: connect failed: 10055
[1721815993.964][WARNING]: Unknown error 10055 mapped to net::ERR_FAILED
[1721815993.964][SEVERE]: connect failed: 10055
[1721815993.964][WARNING]: Unknown error 10055 mapped to net::ERR_FAILED
[1721815993.995][SEVERE]: connect failed: 10055
[1721815993.996][WARNING]: Unknown error 10055 mapped to net::ERR_FAILED
[1721815993.996][SEVERE]: connect failed: 10055
[1721815993.996][WARNING]: Unknown error 10055 mapped to net::ERR_FAILED
[1721815994.027][SEVERE]: connect failed: 10055
[1721815994.027][WARNING]: Unknown error 10055 mapped to net::ERR_FAILED
[1721815994.027][SEVERE]: connect failed: 10055
[1721815994.027][WARNING]: Unknown error 10055 mapped to net::ERR_FAILED
[1721815994.058][SEVERE]: connect failed: 10055
[1721815994.059][WARNING]: Unknown error 10055 mapped to net::ERR_FAILED
[1721815994.059][SEVERE]: connect failed: 10055
[1721815994.059][WARNING]: Unknown error 10055 mapped to net::ERR_FAILED
[1721815994.087][SEVERE]: connect failed: 10055
[1721815994.088][WARNING]: Unknown error 10055 mapped to net::ERR_FAILED
[1721815994.088][SEVERE]: connect failed: 10055
[1721815994.088][WARNING]: Unknown error 10055 mapped to net::ERR_FAILED
[1721815994.119][SEVERE]: connect failed: 10055
[1721815994.119][WARNING]: Unknown error 10055 mapped to net::ERR_FAILED
[1721815994.119][SEVERE]: connect failed: 10055
[1721815994.119][WARNING]: Unknown error 10055 mapped to net::ERR_FAILED
[1721815994.149][SEVERE]: connect failed: 10055
[1721815994.149][WARNING]: Unknown error 10055 mapped to net::ERR_FAILED
[1721815994.149][SEVERE]: connect failed: 10055
[1721815994.149][WARNING]: Unknown error 10055 mapped to net::ERR_FAILED
[1721815994.211][SEVERE]: connect failed: 10055
[1721815994.211][WARNING]: Unknown error 10055 mapped to net::ERR_FAILED
[1721815994.211][SEVERE]: connect failed: 10055
[1721815994.211][WARNING]: Unknown error 10055 mapped to net::ERR_FAILED
[1721815994.273][SEVERE]: connect failed: 10055
[1721815994.273][WARNING]: Unknown error 10055 mapped to net::ERR_FAILED
[1721815994.273][SEVERE]: connect failed: 10055
[1721815994.273][WARNING]: Unknown error 10055 mapped to net::ERR_FAILED
[1721815994.335][SEVERE]: connect failed: 10055
[1721815994.335][WARNING]: Unknown error 10055 mapped to net::ERR_FAILED
[1721815994.335][SEVERE]: connect failed: 10055
[1721815994.335][WARNING]: Unknown error 10055 mapped to net::ERR_FAILED
[1721815994.396][SEVERE]: connect failed: 10055
[1721815994.396][WARNING]: Unknown error 10055 mapped to net::ERR_FAILED
[1721815994.396][SEVERE]: connect failed: 10055
[1721815994.396][WARNING]: Unknown error 10055 mapped to net::ERR_FAILED
[1721815994.442][SEVERE]: connect failed: 10055
[1721815994.443][WARNING]: Unknown error 10055 mapped to net::ERR_FAILED
[1721815994.443][SEVERE]: connect failed: 10055
[1721815994.443][WARNING]: Unknown error 10055 mapped to net::ERR_FAILED
[1721815994.457][SEVERE]: connect failed: 10055
[1721815994.457][WARNING]: Unknown error 10055 mapped to net::ERR_FAILED
[1721815994.458][SEVERE]: connect failed: 10055
[1721815994.458][WARNING]: Unknown error 10055 mapped to net::ERR_FAILED
[1721815994.488][SEVERE]: connect failed: 10055
[1721815994.488][WARNING]: Unknown error 10055 mapped to net::ERR_FAILED
[1721815994.503][SEVERE]: connect failed: 10055
[1721815994.503][WARNING]: Unknown error 10055 mapped to net::ERR_FAILED
[1721815994.503][SEVERE]: connect failed: 10055
[1721815994.503][WARNING]: Unknown error 10055 mapped to net::ERR_FAILED
[1721815994.518][SEVERE]: connect failed: 10055
[1721815994.518][WARNING]: Unknown error 10055 mapped to net::ERR_FAILED
[1721815994.518][SEVERE]: connect failed: 10055
[1721815994.518][WARNING]: Unknown error 10055 mapped to net::ERR_FAILED
[1721815994.564][SEVERE]: connect failed: 10055
[1721815994.564][WARNING]: Unknown error 10055 mapped to net::ERR_FAILED
[1721815994.564][SEVERE]: connect failed: 10055
[1721815994.564][WARNING]: Unknown error 10055 mapped to net::ERR_FAILED
[1721815994.579][SEVERE]: connect failed: 10055
[1721815994.579][WARNING]: Unknown error 10055 mapped to net::ERR_FAILED
[1721815994.580][SEVERE]: connect failed: 10055
[1721815994.580][WARNING]: Unknown error 10055 mapped to net::ERR_FAILED
[1721815994.626][SEVERE]: connect failed: 10055
[1721815994.626][WARNING]: Unknown error 10055 mapped to net::ERR_FAILED
[1721815994.627][SEVERE]: connect failed: 10055
[1721815994.627][WARNING]: Unknown error 10055 mapped to net::ERR_FAILED
[1721815994.640][SEVERE]: connect failed: 10055
[1721815994.640][WARNING]: Unknown error 10055 mapped to net::ERR_FAILED
[1721815994.641][SEVERE]: connect failed: 10055
[1721815994.641][WARNING]: Unknown error 10055 mapped to net::ERR_FAILED
[1721815994.688][SEVERE]: connect failed: 10055
[1721815994.688][WARNING]: Unknown error 10055 mapped to net::ERR_FAILED
[1721815994.688][SEVERE]: connect failed: 10055
[1721815994.688][WARNING]: Unknown error 10055 mapped to net::ERR_FAILED
[1721815994.703][SEVERE]: connect failed: 10055
[1721815994.703][WARNING]: Unknown error 10055 mapped to net::ERR_FAILED
[1721815994.703][SEVERE]: connect failed: 10055
[1721815994.703][WARNING]: Unknown error 10055 mapped to net::ERR_FAILED
[1721815994.748][SEVERE]: connect failed: 10055
[1721815994.749][WARNING]: Unknown error 10055 mapped to net::ERR_FAILED
[1721815994.749][SEVERE]: connect failed: 10055
[1721815994.749][WARNING]: Unknown error 10055 mapped to net::ERR_FAILED
[1721815995.028][SEVERE]: connect failed: 10055
[1721815995.028][WARNING]: Unknown error 10055 mapped to net::ERR_FAILED
[1721815995.028][SEVERE]: connect failed: 10055
[1721815995.028][WARNING]: Unknown error 10055 mapped to net::ERR_FAILED
[1721815995.076][SEVERE]: connect failed: 10055
[1721815995.076][WARNING]: Unknown error 10055 mapped to net::ERR_FAILED
[1721815995.092][SEVERE]: connect failed: 10055
[1721815995.092][WARNING]: Unknown error 10055 mapped to net::ERR_FAILED
[1721815995.092][SEVERE]: connect failed: 10055
[1721815995.092][WARNING]: Unknown error 10055 mapped to net::ERR_FAILED
[1721815995.122][SEVERE]: connect failed: 10055
[1721815995.122][WARNING]: Unknown error 10055 mapped to net::ERR_FAILED
[1721815995.153][SEVERE]: connect failed: 10055
[1721815995.153][WARNING]: Unknown error 10055 mapped to net::ERR_FAILED
[1721815995.153][SEVERE]: connect failed: 10055
[1721815995.153][WARNING]: Unknown error 10055 mapped to net::ERR_FAILED
[1721815995.214][SEVERE]: connect failed: 10055
[1721815995.214][WARNING]: Unknown error 10055 mapped to net::ERR_FAILED
[1721815995.214][SEVERE]: connect failed: 10055
[1721815995.214][WARNING]: Unknown error 10055 mapped to net::ERR_FAILED
[1721815995.276][SEVERE]: connect failed: 10055
[1721815995.276][WARNING]: Unknown error 10055 mapped to net::ERR_FAILED
[1721815995.276][SEVERE]: connect failed: 10055
[1721815995.276][WARNING]: Unknown error 10055 mapped to net::ERR_FAILED
[1721815995.337][SEVERE]: connect failed: 10055
[1721815995.337][WARNING]: Unknown error 10055 mapped to net::ERR_FAILED
[1721815995.337][SEVERE]: connect failed: 10055
[1721815995.337][WARNING]: Unknown error 10055 mapped to net::ERR_FAILED
[1721815995.399][SEVERE]: connect failed: 10055
[1721815995.399][WARNING]: Unknown error 10055 mapped to net::ERR_FAILED
[1721815995.399][SEVERE]: connect failed: 10055
[1721815995.399][WARNING]: Unknown error 10055 mapped to net::ERR_FAILED
[1721815995.460][SEVERE]: connect failed: 10055
[1721815995.460][WARNING]: Unknown error 10055 mapped to net::ERR_FAILED
[1721815995.460][SEVERE]: connect failed: 10055
[1721815995.460][WARNING]: Unknown error 10055 mapped to net::ERR_FAILED
[1721815995.522][SEVERE]: connect failed: 10055
[1721815995.522][WARNING]: Unknown error 10055 mapped to net::ERR_FAILED
[1721815995.522][SEVERE]: connect failed: 10055
[1721815995.522][WARNING]: Unknown error 10055 mapped to net::ERR_FAILED
[1721815995.584][SEVERE]: connect failed: 10055
[1721815995.584][WARNING]: Unknown error 10055 mapped to net::ERR_FAILED
[1721815995.584][SEVERE]: connect failed: 10055
[1721815995.584][WARNING]: Unknown error 10055 mapped to net::ERR_FAILED
[1721815995.645][SEVERE]: connect failed: 10055
[1721815995.645][WARNING]: Unknown error 10055 mapped to net::ERR_FAILED
[1721815995.646][SEVERE]: connect failed: 10055
[1721815995.646][WARNING]: Unknown error 10055 mapped to net::ERR_FAILED
[1721815995.709][SEVERE]: connect failed: 10055
[1721815995.709][WARNING]: Unknown error 10055 mapped to net::ERR_FAILED
[1721815995.709][SEVERE]: connect failed: 10055
[1721815995.709][WARNING]: Unknown error 10055 mapped to net::ERR_FAILED
[1721815995.771][SEVERE]: connect failed: 10055
[1721815995.771][WARNING]: Unknown error 10055 mapped to net::ERR_FAILED
[1721815995.771][SEVERE]: connect failed: 10055
[1721815995.771][WARNING]: Unknown error 10055 mapped to net::ERR_FAILED
[1721815995.833][SEVERE]: connect failed: 10055
[1721815995.833][WARNING]: Unknown error 10055 mapped to net::ERR_FAILED
[1721815995.833][SEVERE]: connect failed: 10055
[1721815995.833][WARNING]: Unknown error 10055 mapped to net::ERR_FAILED
[1721815995.895][SEVERE]: connect failed: 10055
[1721815995.895][WARNING]: Unknown error 10055 mapped to net::ERR_FAILED
[1721815995.896][SEVERE]: connect failed: 10055
[1721815995.896][WARNING]: Unknown error 10055 mapped to net::ERR_FAILED
[1721815995.956][SEVERE]: connect failed: 10055
[1721815995.956][WARNING]: Unknown error 10055 mapped to net::ERR_FAILED
[1721815995.957][SEVERE]: connect failed: 10055
[1721815995.957][WARNING]: Unknown error 10055 mapped to net::ERR_FAILED
[1721815996.017][SEVERE]: connect failed: 10055
[1721815996.017][WARNING]: Unknown error 10055 mapped to net::ERR_FAILED
[1721815996.017][SEVERE]: connect failed: 10055
[1721815996.017][WARNING]: Unknown error 10055 mapped to net::ERR_FAILED
[1721815996.080][SEVERE]: connect failed: 10055
[1721815996.080][WARNING]: Unknown error 10055 mapped to net::ERR_FAILED
[1721815996.081][SEVERE]: connect failed: 10055
[1721815996.081][WARNING]: Unknown error 10055 mapped to net::ERR_FAILED
[1721815996.141][SEVERE]: connect failed: 10055
[1721815996.141][WARNING]: Unknown error 10055 mapped to net::ERR_FAILED
[1721815996.141][SEVERE]: connect failed: 10055
[1721815996.141][WARNING]: Unknown error 10055 mapped to net::ERR_FAILED
[1721815996.202][SEVERE]: connect failed: 10055
[1721815996.202][WARNING]: Unknown error 10055 mapped to net::ERR_FAILED
[1721815996.202][SEVERE]: connect failed: 10055
[1721815996.202][WARNING]: Unknown error 10055 mapped to net::ERR_FAILED
[1721815996.281][SEVERE]: connect failed: 10055
[1721815996.281][WARNING]: Unknown error 10055 mapped to net::ERR_FAILED
[1721815996.284][SEVERE]: connect failed: 10055
[1721815996.284][WARNING]: Unknown error 10055 mapped to net::ERR_FAILED
[1721815996.648][SEVERE]: connect failed: 10055
[1721815996.648][WARNING]: Unknown error 10055 mapped to net::ERR_FAILED
Jul 24, 2024 3:58:16 PM org.openqa.selenium.devtools.CdpEndpointFinder getCdpEndPoint
WARNING: Unable to connect to determine websocket url: java.net.ConnectException: No buffer space available (maximum connections reached?): connect: localhost/[0:0:0:0:0:0:0:1]:14758
Jul 24, 2024 3:58:16 PM org.openqa.selenium.devtools.CdpVersionFinder findNearestMatch
WARNING: Unable to find CDP implementation matching 126
Jul 24, 2024 3:58:16 PM org.openqa.selenium.chromium.ChromiumDriver lambda$new$3
WARNING: Unable to find version of CDP to use for . You may need to include a dependency on a specific version of the CDP using something similar to `org.seleniumhq.selenium:selenium-devtools-v86:4.9.0` where the version ("v86") matches the version of the chromium-based browser you're using and the version number of the artifact is the same as Selenium's.
[1721815997.215][SEVERE]: connect failed: 10055
[1721815997.215][WARNING]: Unknown error 10055 mapped to net::ERR_FAILED
Jul 24, 2024 3:58:18 PM org.openqa.selenium.remote.http.netty.NettyWebSocket lambda$new$0
WARNING: No buffer space available (maximum connections reached?): connect: localhost/[0:0:0:0:0:0:0:1]:14533
java.net.ConnectException: No buffer space available (maximum connections reached?): connect: localhost/[0:0:0:0:0:0:0:1]:14533
	at org.asynchttpclient.netty.channel.NettyConnectListener.onFailure(NettyConnectListener.java:179)
	at org.asynchttpclient.netty.channel.NettyChannelConnector$1.onFailure(NettyChannelConnector.java:108)
	at org.asynchttpclient.netty.SimpleChannelFutureListener.operationComplete(SimpleChannelFutureListener.java:28)
	at org.asynchttpclient.netty.SimpleChannelFutureListener.operationComplete(SimpleChannelFutureListener.java:20)
	at io.netty.util.concurrent.DefaultPromise.notifyListener0(DefaultPromise.java:590)
	at io.netty.util.concurrent.DefaultPromise.notifyListenersNow(DefaultPromise.java:557)
	at io.netty.util.concurrent.DefaultPromise.notifyListeners(DefaultPromise.java:492)
	at io.netty.util.concurrent.DefaultPromise.setValue0(DefaultPromise.java:636)
	at io.netty.util.concurrent.DefaultPromise.setFailure0(DefaultPromise.java:629)
	at io.netty.util.concurrent.DefaultPromise.tryFailure(DefaultPromise.java:118)
	at io.netty.channel.nio.AbstractNioChannel$AbstractNioUnsafe.connect(AbstractNioChannel.java:284)
	at io.netty.channel.DefaultChannelPipeline$HeadContext.connect(DefaultChannelPipeline.java:1342)
	at io.netty.channel.AbstractChannelHandlerContext.invokeConnect(AbstractChannelHandlerContext.java:653)
	at io.netty.channel.AbstractChannelHandlerContext.connect(AbstractChannelHandlerContext.java:632)
	at io.netty.handler.logging.LoggingHandler.connect(LoggingHandler.java:240)
	at io.netty.channel.AbstractChannelHandlerContext.invokeConnect(AbstractChannelHandlerContext.java:655)
	at io.netty.channel.AbstractChannelHandlerContext.connect(AbstractChannelHandlerContext.java:632)
	at io.netty.channel.CombinedChannelDuplexHandler$DelegatingChannelHandlerContext.connect(CombinedChannelDuplexHandler.java:495)
	at io.netty.channel.ChannelOutboundHandlerAdapter.connect(ChannelOutboundHandlerAdapter.java:51)
	at io.netty.channel.CombinedChannelDuplexHandler.connect(CombinedChannelDuplexHandler.java:296)
	at io.netty.channel.AbstractChannelHandlerContext.invokeConnect(AbstractChannelHandlerContext.java:655)
	at io.netty.channel.AbstractChannelHandlerContext.connect(AbstractChannelHandlerContext.java:632)
	at io.netty.channel.AbstractChannelHandlerContext.connect(AbstractChannelHandlerContext.java:616)
	at io.netty.channel.DefaultChannelPipeline.connect(DefaultChannelPipeline.java:978)
	at io.netty.channel.AbstractChannel.connect(AbstractChannel.java:265)
	at io.netty.bootstrap.Bootstrap$3.run(Bootstrap.java:250)
	at io.netty.util.concurrent.AbstractEventExecutor.runTask(AbstractEventExecutor.java:174)
	at io.netty.util.concurrent.AbstractEventExecutor.safeExecute(AbstractEventExecutor.java:167)
	at io.netty.util.concurrent.SingleThreadEventExecutor.runAllTasks(SingleThreadEventExecutor.java:470)
	at io.netty.channel.nio.NioEventLoop.run(NioEventLoop.java:569)
	at io.netty.util.concurrent.SingleThreadEventExecutor$4.run(SingleThreadEventExecutor.java:997)
	at io.netty.util.internal.ThreadExecutorMap$2.run(ThreadExecutorMap.java:74)
	at io.netty.util.concurrent.FastThreadLocalRunnable.run(FastThreadLocalRunnable.java:30)
	at java.base/java.lang.Thread.run(Thread.java:1583)
Caused by: io.netty.channel.AbstractChannel$AnnotatedSocketException: No buffer space available (maximum connections reached?): connect: localhost/[0:0:0:0:0:0:0:1]:14533
Caused by: java.net.SocketException: No buffer space available (maximum connections reached?): connect
	at java.base/sun.nio.ch.Net.connect0(Native Method)
	at java.base/sun.nio.ch.Net.connect(Net.java:589)
	at java.base/sun.nio.ch.Net.connect(Net.java:596)
	at java.base/sun.nio.ch.SocketChannelImpl.connect(SocketChannelImpl.java:880)
	at io.netty.util.internal.SocketUtils$3.run(SocketUtils.java:91)
	at io.netty.util.internal.SocketUtils$3.run(SocketUtils.java:88)
	at java.base/java.security.AccessController.doPrivileged(AccessController.java:571)
	at io.netty.util.internal.SocketUtils.connect(SocketUtils.java:88)
	at io.netty.channel.socket.nio.NioSocketChannel.doConnect(NioSocketChannel.java:322)
	at io.netty.channel.nio.AbstractNioChannel$AbstractNioUnsafe.connect(AbstractNioChannel.java:248)
	at io.netty.channel.DefaultChannelPipeline$HeadContext.connect(DefaultChannelPipeline.java:1342)
	at io.netty.channel.AbstractChannelHandlerContext.invokeConnect(AbstractChannelHandlerContext.java:653)
	at io.netty.channel.AbstractChannelHandlerContext.connect(AbstractChannelHandlerContext.java:632)
	at io.netty.handler.logging.LoggingHandler.connect(LoggingHandler.java:240)
	at io.netty.channel.AbstractChannelHandlerContext.invokeConnect(AbstractChannelHandlerContext.java:655)
	at io.netty.channel.AbstractChannelHandlerContext.connect(AbstractChannelHandlerContext.java:632)
	at io.netty.channel.CombinedChannelDuplexHandler$DelegatingChannelHandlerContext.connect(CombinedChannelDuplexHandler.java:495)
	at io.netty.channel.ChannelOutboundHandlerAdapter.connect(ChannelOutboundHandlerAdapter.java:51)
	at io.netty.channel.CombinedChannelDuplexHandler.connect(CombinedChannelDuplexHandler.java:296)
	at io.netty.channel.AbstractChannelHandlerContext.invokeConnect(AbstractChannelHandlerContext.java:655)
	at io.netty.channel.AbstractChannelHandlerContext.connect(AbstractChannelHandlerContext.java:632)
	at io.netty.channel.AbstractChannelHandlerContext.connect(AbstractChannelHandlerContext.java:616)
	at io.netty.channel.DefaultChannelPipeline.connect(DefaultChannelPipeline.java:978)
	at io.netty.channel.AbstractChannel.connect(AbstractChannel.java:265)
	at io.netty.bootstrap.Bootstrap$3.run(Bootstrap.java:250)
	at io.netty.util.concurrent.AbstractEventExecutor.runTask(AbstractEventExecutor.java:174)
	at io.netty.util.concurrent.AbstractEventExecutor.safeExecute(AbstractEventExecutor.java:167)
	at io.netty.util.concurrent.SingleThreadEventExecutor.runAllTasks(SingleThreadEventExecutor.java:470)
	at io.netty.channel.nio.NioEventLoop.run(NioEventLoop.java:569)
	at io.netty.util.concurrent.SingleThreadEventExecutor$4.run(SingleThreadEventExecutor.java:997)
	at io.netty.util.internal.ThreadExecutorMap$2.run(ThreadExecutorMap.java:74)
	at io.netty.util.concurrent.FastThreadLocalRunnable.run(FastThreadLocalRunnable.java:30)
	at java.base/java.lang.Thread.run(Thread.java:1583)

Jul 24, 2024 3:58:18 PM org.openqa.selenium.remote.http.WebSocket$Listener onError
WARNING: No buffer space available (maximum connections reached?): connect: localhost/[0:0:0:0:0:0:0:1]:14533
java.net.ConnectException: No buffer space available (maximum connections reached?): connect: localhost/[0:0:0:0:0:0:0:1]:14533
	at org.asynchttpclient.netty.channel.NettyConnectListener.onFailure(NettyConnectListener.java:179)
	at org.asynchttpclient.netty.channel.NettyChannelConnector$1.onFailure(NettyChannelConnector.java:108)
	at org.asynchttpclient.netty.SimpleChannelFutureListener.operationComplete(SimpleChannelFutureListener.java:28)
	at org.asynchttpclient.netty.SimpleChannelFutureListener.operationComplete(SimpleChannelFutureListener.java:20)
	at io.netty.util.concurrent.DefaultPromise.notifyListener0(DefaultPromise.java:590)
	at io.netty.util.concurrent.DefaultPromise.notifyListenersNow(DefaultPromise.java:557)
	at io.netty.util.concurrent.DefaultPromise.notifyListeners(DefaultPromise.java:492)
	at io.netty.util.concurrent.DefaultPromise.setValue0(DefaultPromise.java:636)
	at io.netty.util.concurrent.DefaultPromise.setFailure0(DefaultPromise.java:629)
	at io.netty.util.concurrent.DefaultPromise.tryFailure(DefaultPromise.java:118)
	at io.netty.channel.nio.AbstractNioChannel$AbstractNioUnsafe.connect(AbstractNioChannel.java:284)
	at io.netty.channel.DefaultChannelPipeline$HeadContext.connect(DefaultChannelPipeline.java:1342)
	at io.netty.channel.AbstractChannelHandlerContext.invokeConnect(AbstractChannelHandlerContext.java:653)
	at io.netty.channel.AbstractChannelHandlerContext.connect(AbstractChannelHandlerContext.java:632)
	at io.netty.handler.logging.LoggingHandler.connect(LoggingHandler.java:240)
	at io.netty.channel.AbstractChannelHandlerContext.invokeConnect(AbstractChannelHandlerContext.java:655)
	at io.netty.channel.AbstractChannelHandlerContext.connect(AbstractChannelHandlerContext.java:632)
	at io.netty.channel.CombinedChannelDuplexHandler$DelegatingChannelHandlerContext.connect(CombinedChannelDuplexHandler.java:495)
	at io.netty.channel.ChannelOutboundHandlerAdapter.connect(ChannelOutboundHandlerAdapter.java:51)
	at io.netty.channel.CombinedChannelDuplexHandler.connect(CombinedChannelDuplexHandler.java:296)
	at io.netty.channel.AbstractChannelHandlerContext.invokeConnect(AbstractChannelHandlerContext.java:655)
	at io.netty.channel.AbstractChannelHandlerContext.connect(AbstractChannelHandlerContext.java:632)
	at io.netty.channel.AbstractChannelHandlerContext.connect(AbstractChannelHandlerContext.java:616)
	at io.netty.channel.DefaultChannelPipeline.connect(DefaultChannelPipeline.java:978)
	at io.netty.channel.AbstractChannel.connect(AbstractChannel.java:265)
	at io.netty.bootstrap.Bootstrap$3.run(Bootstrap.java:250)
	at io.netty.util.concurrent.AbstractEventExecutor.runTask(AbstractEventExecutor.java:174)
	at io.netty.util.concurrent.AbstractEventExecutor.safeExecute(AbstractEventExecutor.java:167)
	at io.netty.util.concurrent.SingleThreadEventExecutor.runAllTasks(SingleThreadEventExecutor.java:470)
	at io.netty.channel.nio.NioEventLoop.run(NioEventLoop.java:569)
	at io.netty.util.concurrent.SingleThreadEventExecutor$4.run(SingleThreadEventExecutor.java:997)
	at io.netty.util.internal.ThreadExecutorMap$2.run(ThreadExecutorMap.java:74)
	at io.netty.util.concurrent.FastThreadLocalRunnable.run(FastThreadLocalRunnable.java:30)
	at java.base/java.lang.Thread.run(Thread.java:1583)
Caused by: io.netty.channel.AbstractChannel$AnnotatedSocketException: No buffer space available (maximum connections reached?): connect: localhost/[0:0:0:0:0:0:0:1]:14533
Caused by: java.net.SocketException: No buffer space available (maximum connections reached?): connect
	at java.base/sun.nio.ch.Net.connect0(Native Method)
	at java.base/sun.nio.ch.Net.connect(Net.java:589)
	at java.base/sun.nio.ch.Net.connect(Net.java:596)
	at java.base/sun.nio.ch.SocketChannelImpl.connect(SocketChannelImpl.java:880)
	at io.netty.util.internal.SocketUtils$3.run(SocketUtils.java:91)
	at io.netty.util.internal.SocketUtils$3.run(SocketUtils.java:88)
	at java.base/java.security.AccessController.doPrivileged(AccessController.java:571)
	at io.netty.util.internal.SocketUtils.connect(SocketUtils.java:88)
	at io.netty.channel.socket.nio.NioSocketChannel.doConnect(NioSocketChannel.java:322)
	at io.netty.channel.nio.AbstractNioChannel$AbstractNioUnsafe.connect(AbstractNioChannel.java:248)
	at io.netty.channel.DefaultChannelPipeline$HeadContext.connect(DefaultChannelPipeline.java:1342)
	at io.netty.channel.AbstractChannelHandlerContext.invokeConnect(AbstractChannelHandlerContext.java:653)
	at io.netty.channel.AbstractChannelHandlerContext.connect(AbstractChannelHandlerContext.java:632)
	at io.netty.handler.logging.LoggingHandler.connect(LoggingHandler.java:240)
	at io.netty.channel.AbstractChannelHandlerContext.invokeConnect(AbstractChannelHandlerContext.java:655)
	at io.netty.channel.AbstractChannelHandlerContext.connect(AbstractChannelHandlerContext.java:632)
	at io.netty.channel.CombinedChannelDuplexHandler$DelegatingChannelHandlerContext.connect(CombinedChannelDuplexHandler.java:495)
	at io.netty.channel.ChannelOutboundHandlerAdapter.connect(ChannelOutboundHandlerAdapter.java:51)
	at io.netty.channel.CombinedChannelDuplexHandler.connect(CombinedChannelDuplexHandler.java:296)
	at io.netty.channel.AbstractChannelHandlerContext.invokeConnect(AbstractChannelHandlerContext.java:655)
	at io.netty.channel.AbstractChannelHandlerContext.connect(AbstractChannelHandlerContext.java:632)
	at io.netty.channel.AbstractChannelHandlerContext.connect(AbstractChannelHandlerContext.java:616)
	at io.netty.channel.DefaultChannelPipeline.connect(DefaultChannelPipeline.java:978)
	at io.netty.channel.AbstractChannel.connect(AbstractChannel.java:265)
	at io.netty.bootstrap.Bootstrap$3.run(Bootstrap.java:250)
	at io.netty.util.concurrent.AbstractEventExecutor.runTask(AbstractEventExecutor.java:174)
	at io.netty.util.concurrent.AbstractEventExecutor.safeExecute(AbstractEventExecutor.java:167)
	at io.netty.util.concurrent.SingleThreadEventExecutor.runAllTasks(SingleThreadEventExecutor.java:470)
	at io.netty.channel.nio.NioEventLoop.run(NioEventLoop.java:569)
	at io.netty.util.concurrent.SingleThreadEventExecutor$4.run(SingleThreadEventExecutor.java:997)
	at io.netty.util.internal.ThreadExecutorMap$2.run(ThreadExecutorMap.java:74)
	at io.netty.util.concurrent.FastThreadLocalRunnable.run(FastThreadLocalRunnable.java:30)
	at java.base/java.lang.Thread.run(Thread.java:1583)

]]></system-err>
  </testcase>
  <testcase name="testInvalidUsername" classname="com.orangehrm.LoginModule" time="0">
    <skipped message="Unable to establish websocket connection to http://localhost:14533/devtools/browser/1c25c283-7a12-42aa-afb9-be98d4ace30f&#10;Build info: version: &apos;4.9.0&apos;, revision: &apos;d7057100a6&apos;&#10;System info: os.name: &apos;Windows 11&apos;, os.arch: &apos;amd64&apos;, os.version: &apos;10.0&apos;, java.version: &apos;21.0.4&apos;&#10;Driver info: driver.version: ChromeDriver"/>
  </testcase>
  <testcase name="tearDown" classname="com.orangehrm.LoginModule" time="0">
    <skipped/>
  </testcase>
  <testcase name="tearDown" classname="com.orangehrm.LoginModule" time="0">
    <skipped/>
  </testcase>
  <testcase name="testLogin" classname="com.orangehrm.LoginModule" time="9.408">
    <failure message="Expected condition failed: waiting for visibility of element located by By.name: username (tried for 10 second(s) with 500 milliseconds interval)" type="org.openqa.selenium.TimeoutException"><![CDATA[org.openqa.selenium.TimeoutException: Expected condition failed: waiting for visibility of element located by By.name: username (tried for 10 second(s) with 500 milliseconds interval)
	at com.orangehrm.LoginModule.testLogin(LoginModule.java:23)
Caused by: org.openqa.selenium.NoSuchWindowException: 
no such window: target window already closed
from unknown error: web view not found
  (Session info: chrome=126.0.6478.183)
Build info: version: '4.9.0', revision: 'd7057100a6'
System info: os.name: 'Windows 11', os.arch: 'amd64', os.version: '10.0', java.version: '21.0.4'
Driver info: org.openqa.selenium.chrome.ChromeDriver
Command: [cc6c0319056aa4000b1cb5c23c4409c5, findElement {using=name, value=username}]
Capabilities {acceptInsecureCerts: false, browserName: chrome, browserVersion: 126.0.6478.183, chrome: {chromedriverVersion: 126.0.6478.182 (5b5d8292ddf..., userDataDir: C:\Users\97798\AppData\Loca...}, fedcm:accounts: true, goog:chromeOptions: {debuggerAddress: localhost:14758}, networkConnectionEnabled: false, pageLoadStrategy: normal, platformName: WINDOWS, proxy: Proxy(), setWindowRect: true, strictFileInteractability: false, timeouts: {implicit: 0, pageLoad: 300000, script: 30000}, unhandledPromptBehavior: dismiss and notify, webauthn:extension:credBlob: true, webauthn:extension:largeBlob: true, webauthn:extension:minPinLength: true, webauthn:extension:prf: true, webauthn:virtualAuthenticators: true}
Session ID: cc6c0319056aa4000b1cb5c23c4409c5
	at com.orangehrm.LoginModule.testLogin(LoginModule.java:23)
]]></failure>
    <system-out><![CDATA[15:58:19.039 [AsyncHttpClient-1-1] DEBUG org.asynchttpclient.netty.channel.DefaultChannelPool -- Entry count for : http://localhost:14533 : 1
15:58:19.039 [AsyncHttpClient-1-1] DEBUG org.asynchttpclient.netty.channel.DefaultChannelPool -- Entry count for : http://localhost:32789 : 1
15:58:19.039 [AsyncHttpClient-1-1] DEBUG org.asynchttpclient.netty.channel.DefaultChannelPool -- Entry count for : http://localhost:43464 : 1
15:58:19.207 [Forwarding findElement on session cc6c0319056aa4000b1cb5c23c4409c5 to remote] DEBUG org.asynchttpclient.netty.request.NettyRequestSender -- Using pooled Channel '[id: 0xa94375f3, L:/127.0.0.1:14734 - R:localhost/127.0.0.1:43464]' for 'POST' to 'http://localhost:43464/session/cc6c0319056aa4000b1cb5c23c4409c5/element'
15:58:19.207 [Forwarding findElement on session cc6c0319056aa4000b1cb5c23c4409c5 to remote] DEBUG org.asynchttpclient.netty.request.NettyRequestSender -- Using open Channel [id: 0xa94375f3, L:/127.0.0.1:14734 - R:localhost/127.0.0.1:43464] for POST '/session/cc6c0319056aa4000b1cb5c23c4409c5/element'
15:58:19.216 [AsyncHttpClient-1-3] DEBUG org.asynchttpclient.netty.handler.HttpHandler -- 

Request DefaultHttpRequest(decodeResult: success, version: HTTP/1.1)
POST /session/cc6c0319056aa4000b1cb5c23c4409c5/element HTTP/1.1
User-Agent: selenium/4.9.0 (java windows)
Content-Length: 62
Content-Type: application/json; charset=utf-8
host: localhost:43464
accept: */*

Response DefaultHttpResponse(decodeResult: success, version: HTTP/1.1)
HTTP/1.1 404 Not Found
Content-Length: 933
Content-Type: application/json; charset=utf-8
cache-control: no-cache

15:58:19.216 [AsyncHttpClient-1-3] DEBUG org.asynchttpclient.netty.channel.ChannelManager -- Adding key: http://localhost:43464 for channel [id: 0xa94375f3, L:/127.0.0.1:14734 - R:localhost/127.0.0.1:43464]
15:58:19.729 [Forwarding findElement on session cc6c0319056aa4000b1cb5c23c4409c5 to remote] DEBUG org.asynchttpclient.netty.request.NettyRequestSender -- Using pooled Channel '[id: 0xa94375f3, L:/127.0.0.1:14734 - R:localhost/127.0.0.1:43464]' for 'POST' to 'http://localhost:43464/session/cc6c0319056aa4000b1cb5c23c4409c5/element'
15:58:19.730 [Forwarding findElement on session cc6c0319056aa4000b1cb5c23c4409c5 to remote] DEBUG org.asynchttpclient.netty.request.NettyRequestSender -- Using open Channel [id: 0xa94375f3, L:/127.0.0.1:14734 - R:localhost/127.0.0.1:43464] for POST '/session/cc6c0319056aa4000b1cb5c23c4409c5/element'
15:58:19.739 [AsyncHttpClient-1-3] DEBUG org.asynchttpclient.netty.handler.HttpHandler -- 

Request DefaultHttpRequest(decodeResult: success, version: HTTP/1.1)
POST /session/cc6c0319056aa4000b1cb5c23c4409c5/element HTTP/1.1
User-Agent: selenium/4.9.0 (java windows)
Content-Length: 62
Content-Type: application/json; charset=utf-8
host: localhost:43464
accept: */*

Response DefaultHttpResponse(decodeResult: success, version: HTTP/1.1)
HTTP/1.1 404 Not Found
Content-Length: 933
Content-Type: application/json; charset=utf-8
cache-control: no-cache

15:58:19.739 [AsyncHttpClient-1-3] DEBUG org.asynchttpclient.netty.channel.ChannelManager -- Adding key: http://localhost:43464 for channel [id: 0xa94375f3, L:/127.0.0.1:14734 - R:localhost/127.0.0.1:43464]
15:58:20.139 [AsyncHttpClient-1-1] DEBUG org.asynchttpclient.netty.channel.DefaultChannelPool -- Entry count for : http://localhost:14533 : 1
15:58:20.139 [AsyncHttpClient-1-1] DEBUG org.asynchttpclient.netty.channel.DefaultChannelPool -- Entry count for : http://localhost:32789 : 1
15:58:20.139 [AsyncHttpClient-1-1] DEBUG org.asynchttpclient.netty.channel.DefaultChannelPool -- Entry count for : http://localhost:43464 : 1
15:58:20.244 [Forwarding findElement on session cc6c0319056aa4000b1cb5c23c4409c5 to remote] DEBUG org.asynchttpclient.netty.request.NettyRequestSender -- Using pooled Channel '[id: 0xa94375f3, L:/127.0.0.1:14734 - R:localhost/127.0.0.1:43464]' for 'POST' to 'http://localhost:43464/session/cc6c0319056aa4000b1cb5c23c4409c5/element'
15:58:20.244 [Forwarding findElement on session cc6c0319056aa4000b1cb5c23c4409c5 to remote] DEBUG org.asynchttpclient.netty.request.NettyRequestSender -- Using open Channel [id: 0xa94375f3, L:/127.0.0.1:14734 - R:localhost/127.0.0.1:43464] for POST '/session/cc6c0319056aa4000b1cb5c23c4409c5/element'
15:58:20.257 [AsyncHttpClient-1-3] DEBUG org.asynchttpclient.netty.handler.HttpHandler -- 

Request DefaultHttpRequest(decodeResult: success, version: HTTP/1.1)
POST /session/cc6c0319056aa4000b1cb5c23c4409c5/element HTTP/1.1
User-Agent: selenium/4.9.0 (java windows)
Content-Length: 62
Content-Type: application/json; charset=utf-8
host: localhost:43464
accept: */*

Response DefaultHttpResponse(decodeResult: success, version: HTTP/1.1)
HTTP/1.1 404 Not Found
Content-Length: 933
Content-Type: application/json; charset=utf-8
cache-control: no-cache

15:58:20.257 [AsyncHttpClient-1-3] DEBUG org.asynchttpclient.netty.channel.ChannelManager -- Adding key: http://localhost:43464 for channel [id: 0xa94375f3, L:/127.0.0.1:14734 - R:localhost/127.0.0.1:43464]
15:58:20.769 [Forwarding findElement on session cc6c0319056aa4000b1cb5c23c4409c5 to remote] DEBUG org.asynchttpclient.netty.request.NettyRequestSender -- Using pooled Channel '[id: 0xa94375f3, L:/127.0.0.1:14734 - R:localhost/127.0.0.1:43464]' for 'POST' to 'http://localhost:43464/session/cc6c0319056aa4000b1cb5c23c4409c5/element'
15:58:20.769 [Forwarding findElement on session cc6c0319056aa4000b1cb5c23c4409c5 to remote] DEBUG org.asynchttpclient.netty.request.NettyRequestSender -- Using open Channel [id: 0xa94375f3, L:/127.0.0.1:14734 - R:localhost/127.0.0.1:43464] for POST '/session/cc6c0319056aa4000b1cb5c23c4409c5/element'
15:58:20.781 [AsyncHttpClient-1-3] DEBUG org.asynchttpclient.netty.handler.HttpHandler -- 

Request DefaultHttpRequest(decodeResult: success, version: HTTP/1.1)
POST /session/cc6c0319056aa4000b1cb5c23c4409c5/element HTTP/1.1
User-Agent: selenium/4.9.0 (java windows)
Content-Length: 62
Content-Type: application/json; charset=utf-8
host: localhost:43464
accept: */*

Response DefaultHttpResponse(decodeResult: success, version: HTTP/1.1)
HTTP/1.1 404 Not Found
Content-Length: 933
Content-Type: application/json; charset=utf-8
cache-control: no-cache

15:58:20.782 [AsyncHttpClient-1-3] DEBUG org.asynchttpclient.netty.channel.ChannelManager -- Adding key: http://localhost:43464 for channel [id: 0xa94375f3, L:/127.0.0.1:14734 - R:localhost/127.0.0.1:43464]
15:58:21.243 [AsyncHttpClient-1-1] DEBUG org.asynchttpclient.netty.channel.DefaultChannelPool -- Entry count for : http://localhost:14533 : 1
15:58:21.243 [AsyncHttpClient-1-1] DEBUG org.asynchttpclient.netty.channel.DefaultChannelPool -- Entry count for : http://localhost:32789 : 1
15:58:21.243 [AsyncHttpClient-1-1] DEBUG org.asynchttpclient.netty.channel.DefaultChannelPool -- Entry count for : http://localhost:43464 : 1
15:58:21.291 [Forwarding findElement on session cc6c0319056aa4000b1cb5c23c4409c5 to remote] DEBUG org.asynchttpclient.netty.request.NettyRequestSender -- Using pooled Channel '[id: 0xa94375f3, L:/127.0.0.1:14734 - R:localhost/127.0.0.1:43464]' for 'POST' to 'http://localhost:43464/session/cc6c0319056aa4000b1cb5c23c4409c5/element'
15:58:21.291 [Forwarding findElement on session cc6c0319056aa4000b1cb5c23c4409c5 to remote] DEBUG org.asynchttpclient.netty.request.NettyRequestSender -- Using open Channel [id: 0xa94375f3, L:/127.0.0.1:14734 - R:localhost/127.0.0.1:43464] for POST '/session/cc6c0319056aa4000b1cb5c23c4409c5/element'
15:58:21.310 [AsyncHttpClient-1-3] DEBUG org.asynchttpclient.netty.handler.HttpHandler -- 

Request DefaultHttpRequest(decodeResult: success, version: HTTP/1.1)
POST /session/cc6c0319056aa4000b1cb5c23c4409c5/element HTTP/1.1
User-Agent: selenium/4.9.0 (java windows)
Content-Length: 62
Content-Type: application/json; charset=utf-8
host: localhost:43464
accept: */*

Response DefaultHttpResponse(decodeResult: success, version: HTTP/1.1)
HTTP/1.1 404 Not Found
Content-Length: 933
Content-Type: application/json; charset=utf-8
cache-control: no-cache

15:58:21.310 [AsyncHttpClient-1-3] DEBUG org.asynchttpclient.netty.channel.ChannelManager -- Adding key: http://localhost:43464 for channel [id: 0xa94375f3, L:/127.0.0.1:14734 - R:localhost/127.0.0.1:43464]
15:58:21.816 [Forwarding findElement on session cc6c0319056aa4000b1cb5c23c4409c5 to remote] DEBUG org.asynchttpclient.netty.request.NettyRequestSender -- Using pooled Channel '[id: 0xa94375f3, L:/127.0.0.1:14734 - R:localhost/127.0.0.1:43464]' for 'POST' to 'http://localhost:43464/session/cc6c0319056aa4000b1cb5c23c4409c5/element'
15:58:21.816 [Forwarding findElement on session cc6c0319056aa4000b1cb5c23c4409c5 to remote] DEBUG org.asynchttpclient.netty.request.NettyRequestSender -- Using open Channel [id: 0xa94375f3, L:/127.0.0.1:14734 - R:localhost/127.0.0.1:43464] for POST '/session/cc6c0319056aa4000b1cb5c23c4409c5/element'
15:58:21.833 [AsyncHttpClient-1-3] DEBUG org.asynchttpclient.netty.handler.HttpHandler -- 

Request DefaultHttpRequest(decodeResult: success, version: HTTP/1.1)
POST /session/cc6c0319056aa4000b1cb5c23c4409c5/element HTTP/1.1
User-Agent: selenium/4.9.0 (java windows)
Content-Length: 62
Content-Type: application/json; charset=utf-8
host: localhost:43464
accept: */*

Response DefaultHttpResponse(decodeResult: success, version: HTTP/1.1)
HTTP/1.1 404 Not Found
Content-Length: 933
Content-Type: application/json; charset=utf-8
cache-control: no-cache

15:58:21.834 [AsyncHttpClient-1-3] DEBUG org.asynchttpclient.netty.channel.ChannelManager -- Adding key: http://localhost:43464 for channel [id: 0xa94375f3, L:/127.0.0.1:14734 - R:localhost/127.0.0.1:43464]
15:58:22.341 [AsyncHttpClient-1-1] DEBUG org.asynchttpclient.netty.channel.DefaultChannelPool -- Entry count for : http://localhost:14533 : 1
15:58:22.341 [AsyncHttpClient-1-1] DEBUG org.asynchttpclient.netty.channel.DefaultChannelPool -- Entry count for : http://localhost:32789 : 1
15:58:22.341 [AsyncHttpClient-1-1] DEBUG org.asynchttpclient.netty.channel.DefaultChannelPool -- Entry count for : http://localhost:43464 : 1
15:58:22.342 [Forwarding findElement on session cc6c0319056aa4000b1cb5c23c4409c5 to remote] DEBUG org.asynchttpclient.netty.request.NettyRequestSender -- Using pooled Channel '[id: 0xa94375f3, L:/127.0.0.1:14734 - R:localhost/127.0.0.1:43464]' for 'POST' to 'http://localhost:43464/session/cc6c0319056aa4000b1cb5c23c4409c5/element'
15:58:22.342 [Forwarding findElement on session cc6c0319056aa4000b1cb5c23c4409c5 to remote] DEBUG org.asynchttpclient.netty.request.NettyRequestSender -- Using open Channel [id: 0xa94375f3, L:/127.0.0.1:14734 - R:localhost/127.0.0.1:43464] for POST '/session/cc6c0319056aa4000b1cb5c23c4409c5/element'
15:58:22.356 [AsyncHttpClient-1-3] DEBUG org.asynchttpclient.netty.handler.HttpHandler -- 

Request DefaultHttpRequest(decodeResult: success, version: HTTP/1.1)
POST /session/cc6c0319056aa4000b1cb5c23c4409c5/element HTTP/1.1
User-Agent: selenium/4.9.0 (java windows)
Content-Length: 62
Content-Type: application/json; charset=utf-8
host: localhost:43464
accept: */*

Response DefaultHttpResponse(decodeResult: success, version: HTTP/1.1)
HTTP/1.1 404 Not Found
Content-Length: 933
Content-Type: application/json; charset=utf-8
cache-control: no-cache

15:58:22.356 [AsyncHttpClient-1-3] DEBUG org.asynchttpclient.netty.channel.ChannelManager -- Adding key: http://localhost:43464 for channel [id: 0xa94375f3, L:/127.0.0.1:14734 - R:localhost/127.0.0.1:43464]
15:58:22.868 [Forwarding findElement on session cc6c0319056aa4000b1cb5c23c4409c5 to remote] DEBUG org.asynchttpclient.netty.request.NettyRequestSender -- Using pooled Channel '[id: 0xa94375f3, L:/127.0.0.1:14734 - R:localhost/127.0.0.1:43464]' for 'POST' to 'http://localhost:43464/session/cc6c0319056aa4000b1cb5c23c4409c5/element'
15:58:22.868 [Forwarding findElement on session cc6c0319056aa4000b1cb5c23c4409c5 to remote] DEBUG org.asynchttpclient.netty.request.NettyRequestSender -- Using open Channel [id: 0xa94375f3, L:/127.0.0.1:14734 - R:localhost/127.0.0.1:43464] for POST '/session/cc6c0319056aa4000b1cb5c23c4409c5/element'
15:58:22.881 [AsyncHttpClient-1-3] DEBUG org.asynchttpclient.netty.handler.HttpHandler -- 

Request DefaultHttpRequest(decodeResult: success, version: HTTP/1.1)
POST /session/cc6c0319056aa4000b1cb5c23c4409c5/element HTTP/1.1
User-Agent: selenium/4.9.0 (java windows)
Content-Length: 62
Content-Type: application/json; charset=utf-8
host: localhost:43464
accept: */*

Response DefaultHttpResponse(decodeResult: success, version: HTTP/1.1)
HTTP/1.1 404 Not Found
Content-Length: 933
Content-Type: application/json; charset=utf-8
cache-control: no-cache

15:58:22.881 [AsyncHttpClient-1-3] DEBUG org.asynchttpclient.netty.channel.ChannelManager -- Adding key: http://localhost:43464 for channel [id: 0xa94375f3, L:/127.0.0.1:14734 - R:localhost/127.0.0.1:43464]
15:58:23.391 [Forwarding findElement on session cc6c0319056aa4000b1cb5c23c4409c5 to remote] DEBUG org.asynchttpclient.netty.request.NettyRequestSender -- Using pooled Channel '[id: 0xa94375f3, L:/127.0.0.1:14734 - R:localhost/127.0.0.1:43464]' for 'POST' to 'http://localhost:43464/session/cc6c0319056aa4000b1cb5c23c4409c5/element'
15:58:23.392 [Forwarding findElement on session cc6c0319056aa4000b1cb5c23c4409c5 to remote] DEBUG org.asynchttpclient.netty.request.NettyRequestSender -- Using open Channel [id: 0xa94375f3, L:/127.0.0.1:14734 - R:localhost/127.0.0.1:43464] for POST '/session/cc6c0319056aa4000b1cb5c23c4409c5/element'
15:58:23.407 [AsyncHttpClient-1-3] DEBUG org.asynchttpclient.netty.handler.HttpHandler -- 

Request DefaultHttpRequest(decodeResult: success, version: HTTP/1.1)
POST /session/cc6c0319056aa4000b1cb5c23c4409c5/element HTTP/1.1
User-Agent: selenium/4.9.0 (java windows)
Content-Length: 62
Content-Type: application/json; charset=utf-8
host: localhost:43464
accept: */*

Response DefaultHttpResponse(decodeResult: success, version: HTTP/1.1)
HTTP/1.1 404 Not Found
Content-Length: 933
Content-Type: application/json; charset=utf-8
cache-control: no-cache

15:58:23.408 [AsyncHttpClient-1-3] DEBUG org.asynchttpclient.netty.channel.ChannelManager -- Adding key: http://localhost:43464 for channel [id: 0xa94375f3, L:/127.0.0.1:14734 - R:localhost/127.0.0.1:43464]
15:58:23.451 [AsyncHttpClient-1-1] DEBUG org.asynchttpclient.netty.channel.DefaultChannelPool -- Entry count for : http://localhost:14533 : 1
15:58:23.451 [AsyncHttpClient-1-1] DEBUG org.asynchttpclient.netty.channel.DefaultChannelPool -- Entry count for : http://localhost:32789 : 1
15:58:23.451 [AsyncHttpClient-1-1] DEBUG org.asynchttpclient.netty.channel.DefaultChannelPool -- Entry count for : http://localhost:43464 : 1
15:58:23.918 [Forwarding findElement on session cc6c0319056aa4000b1cb5c23c4409c5 to remote] DEBUG org.asynchttpclient.netty.request.NettyRequestSender -- Using pooled Channel '[id: 0xa94375f3, L:/127.0.0.1:14734 - R:localhost/127.0.0.1:43464]' for 'POST' to 'http://localhost:43464/session/cc6c0319056aa4000b1cb5c23c4409c5/element'
15:58:23.918 [Forwarding findElement on session cc6c0319056aa4000b1cb5c23c4409c5 to remote] DEBUG org.asynchttpclient.netty.request.NettyRequestSender -- Using open Channel [id: 0xa94375f3, L:/127.0.0.1:14734 - R:localhost/127.0.0.1:43464] for POST '/session/cc6c0319056aa4000b1cb5c23c4409c5/element'
15:58:23.932 [AsyncHttpClient-1-3] DEBUG org.asynchttpclient.netty.handler.HttpHandler -- 

Request DefaultHttpRequest(decodeResult: success, version: HTTP/1.1)
POST /session/cc6c0319056aa4000b1cb5c23c4409c5/element HTTP/1.1
User-Agent: selenium/4.9.0 (java windows)
Content-Length: 62
Content-Type: application/json; charset=utf-8
host: localhost:43464
accept: */*

Response DefaultHttpResponse(decodeResult: success, version: HTTP/1.1)
HTTP/1.1 404 Not Found
Content-Length: 933
Content-Type: application/json; charset=utf-8
cache-control: no-cache

15:58:23.933 [AsyncHttpClient-1-3] DEBUG org.asynchttpclient.netty.channel.ChannelManager -- Adding key: http://localhost:43464 for channel [id: 0xa94375f3, L:/127.0.0.1:14734 - R:localhost/127.0.0.1:43464]
15:58:24.443 [Forwarding findElement on session cc6c0319056aa4000b1cb5c23c4409c5 to remote] DEBUG org.asynchttpclient.netty.request.NettyRequestSender -- Using pooled Channel '[id: 0xa94375f3, L:/127.0.0.1:14734 - R:localhost/127.0.0.1:43464]' for 'POST' to 'http://localhost:43464/session/cc6c0319056aa4000b1cb5c23c4409c5/element'
15:58:24.443 [Forwarding findElement on session cc6c0319056aa4000b1cb5c23c4409c5 to remote] DEBUG org.asynchttpclient.netty.request.NettyRequestSender -- Using open Channel [id: 0xa94375f3, L:/127.0.0.1:14734 - R:localhost/127.0.0.1:43464] for POST '/session/cc6c0319056aa4000b1cb5c23c4409c5/element'
15:58:24.454 [AsyncHttpClient-1-3] DEBUG org.asynchttpclient.netty.handler.HttpHandler -- 

Request DefaultHttpRequest(decodeResult: success, version: HTTP/1.1)
POST /session/cc6c0319056aa4000b1cb5c23c4409c5/element HTTP/1.1
User-Agent: selenium/4.9.0 (java windows)
Content-Length: 62
Content-Type: application/json; charset=utf-8
host: localhost:43464
accept: */*

Response DefaultHttpResponse(decodeResult: success, version: HTTP/1.1)
HTTP/1.1 404 Not Found
Content-Length: 933
Content-Type: application/json; charset=utf-8
cache-control: no-cache

15:58:24.455 [AsyncHttpClient-1-3] DEBUG org.asynchttpclient.netty.channel.ChannelManager -- Adding key: http://localhost:43464 for channel [id: 0xa94375f3, L:/127.0.0.1:14734 - R:localhost/127.0.0.1:43464]
15:58:24.549 [AsyncHttpClient-1-1] DEBUG org.asynchttpclient.netty.channel.DefaultChannelPool -- Entry count for : http://localhost:14533 : 1
15:58:24.549 [AsyncHttpClient-1-1] DEBUG org.asynchttpclient.netty.channel.DefaultChannelPool -- Entry count for : http://localhost:32789 : 1
15:58:24.549 [AsyncHttpClient-1-1] DEBUG org.asynchttpclient.netty.channel.DefaultChannelPool -- Entry count for : http://localhost:43464 : 1
15:58:24.969 [Forwarding findElement on session cc6c0319056aa4000b1cb5c23c4409c5 to remote] DEBUG org.asynchttpclient.netty.request.NettyRequestSender -- Using pooled Channel '[id: 0xa94375f3, L:/127.0.0.1:14734 - R:localhost/127.0.0.1:43464]' for 'POST' to 'http://localhost:43464/session/cc6c0319056aa4000b1cb5c23c4409c5/element'
15:58:24.970 [Forwarding findElement on session cc6c0319056aa4000b1cb5c23c4409c5 to remote] DEBUG org.asynchttpclient.netty.request.NettyRequestSender -- Using open Channel [id: 0xa94375f3, L:/127.0.0.1:14734 - R:localhost/127.0.0.1:43464] for POST '/session/cc6c0319056aa4000b1cb5c23c4409c5/element'
15:58:24.990 [AsyncHttpClient-1-3] DEBUG org.asynchttpclient.netty.handler.HttpHandler -- 

Request DefaultHttpRequest(decodeResult: success, version: HTTP/1.1)
POST /session/cc6c0319056aa4000b1cb5c23c4409c5/element HTTP/1.1
User-Agent: selenium/4.9.0 (java windows)
Content-Length: 62
Content-Type: application/json; charset=utf-8
host: localhost:43464
accept: */*

Response DefaultHttpResponse(decodeResult: success, version: HTTP/1.1)
HTTP/1.1 404 Not Found
Content-Length: 933
Content-Type: application/json; charset=utf-8
cache-control: no-cache

15:58:24.990 [AsyncHttpClient-1-3] DEBUG org.asynchttpclient.netty.channel.ChannelManager -- Adding key: http://localhost:43464 for channel [id: 0xa94375f3, L:/127.0.0.1:14734 - R:localhost/127.0.0.1:43464]
15:58:25.501 [Forwarding findElement on session cc6c0319056aa4000b1cb5c23c4409c5 to remote] DEBUG org.asynchttpclient.netty.request.NettyRequestSender -- Using pooled Channel '[id: 0xa94375f3, L:/127.0.0.1:14734 - R:localhost/127.0.0.1:43464]' for 'POST' to 'http://localhost:43464/session/cc6c0319056aa4000b1cb5c23c4409c5/element'
15:58:25.501 [Forwarding findElement on session cc6c0319056aa4000b1cb5c23c4409c5 to remote] DEBUG org.asynchttpclient.netty.request.NettyRequestSender -- Using open Channel [id: 0xa94375f3, L:/127.0.0.1:14734 - R:localhost/127.0.0.1:43464] for POST '/session/cc6c0319056aa4000b1cb5c23c4409c5/element'
15:58:25.517 [AsyncHttpClient-1-3] DEBUG org.asynchttpclient.netty.handler.HttpHandler -- 

Request DefaultHttpRequest(decodeResult: success, version: HTTP/1.1)
POST /session/cc6c0319056aa4000b1cb5c23c4409c5/element HTTP/1.1
User-Agent: selenium/4.9.0 (java windows)
Content-Length: 62
Content-Type: application/json; charset=utf-8
host: localhost:43464
accept: */*

Response DefaultHttpResponse(decodeResult: success, version: HTTP/1.1)
HTTP/1.1 404 Not Found
Content-Length: 933
Content-Type: application/json; charset=utf-8
cache-control: no-cache

15:58:25.517 [AsyncHttpClient-1-3] DEBUG org.asynchttpclient.netty.channel.ChannelManager -- Adding key: http://localhost:43464 for channel [id: 0xa94375f3, L:/127.0.0.1:14734 - R:localhost/127.0.0.1:43464]
15:58:25.638 [AsyncHttpClient-1-1] DEBUG org.asynchttpclient.netty.channel.DefaultChannelPool -- Entry count for : http://localhost:14533 : 1
15:58:25.638 [AsyncHttpClient-1-1] DEBUG org.asynchttpclient.netty.channel.DefaultChannelPool -- Entry count for : http://localhost:32789 : 1
15:58:25.638 [AsyncHttpClient-1-1] DEBUG org.asynchttpclient.netty.channel.DefaultChannelPool -- Entry count for : http://localhost:43464 : 1
15:58:26.026 [Forwarding findElement on session cc6c0319056aa4000b1cb5c23c4409c5 to remote] DEBUG org.asynchttpclient.netty.request.NettyRequestSender -- Using pooled Channel '[id: 0xa94375f3, L:/127.0.0.1:14734 - R:localhost/127.0.0.1:43464]' for 'POST' to 'http://localhost:43464/session/cc6c0319056aa4000b1cb5c23c4409c5/element'
15:58:26.027 [Forwarding findElement on session cc6c0319056aa4000b1cb5c23c4409c5 to remote] DEBUG org.asynchttpclient.netty.request.NettyRequestSender -- Using open Channel [id: 0xa94375f3, L:/127.0.0.1:14734 - R:localhost/127.0.0.1:43464] for POST '/session/cc6c0319056aa4000b1cb5c23c4409c5/element'
15:58:26.050 [AsyncHttpClient-1-3] DEBUG org.asynchttpclient.netty.handler.HttpHandler -- 

Request DefaultHttpRequest(decodeResult: success, version: HTTP/1.1)
POST /session/cc6c0319056aa4000b1cb5c23c4409c5/element HTTP/1.1
User-Agent: selenium/4.9.0 (java windows)
Content-Length: 62
Content-Type: application/json; charset=utf-8
host: localhost:43464
accept: */*

Response DefaultHttpResponse(decodeResult: success, version: HTTP/1.1)
HTTP/1.1 404 Not Found
Content-Length: 933
Content-Type: application/json; charset=utf-8
cache-control: no-cache

15:58:26.051 [AsyncHttpClient-1-3] DEBUG org.asynchttpclient.netty.channel.ChannelManager -- Adding key: http://localhost:43464 for channel [id: 0xa94375f3, L:/127.0.0.1:14734 - R:localhost/127.0.0.1:43464]
15:58:26.556 [Forwarding findElement on session cc6c0319056aa4000b1cb5c23c4409c5 to remote] DEBUG org.asynchttpclient.netty.request.NettyRequestSender -- Using pooled Channel '[id: 0xa94375f3, L:/127.0.0.1:14734 - R:localhost/127.0.0.1:43464]' for 'POST' to 'http://localhost:43464/session/cc6c0319056aa4000b1cb5c23c4409c5/element'
15:58:26.557 [Forwarding findElement on session cc6c0319056aa4000b1cb5c23c4409c5 to remote] DEBUG org.asynchttpclient.netty.request.NettyRequestSender -- Using open Channel [id: 0xa94375f3, L:/127.0.0.1:14734 - R:localhost/127.0.0.1:43464] for POST '/session/cc6c0319056aa4000b1cb5c23c4409c5/element'
15:58:26.574 [AsyncHttpClient-1-3] DEBUG org.asynchttpclient.netty.handler.HttpHandler -- 

Request DefaultHttpRequest(decodeResult: success, version: HTTP/1.1)
POST /session/cc6c0319056aa4000b1cb5c23c4409c5/element HTTP/1.1
User-Agent: selenium/4.9.0 (java windows)
Content-Length: 62
Content-Type: application/json; charset=utf-8
host: localhost:43464
accept: */*

Response DefaultHttpResponse(decodeResult: success, version: HTTP/1.1)
HTTP/1.1 404 Not Found
Content-Length: 933
Content-Type: application/json; charset=utf-8
cache-control: no-cache

15:58:26.574 [AsyncHttpClient-1-3] DEBUG org.asynchttpclient.netty.channel.ChannelManager -- Adding key: http://localhost:43464 for channel [id: 0xa94375f3, L:/127.0.0.1:14734 - R:localhost/127.0.0.1:43464]
15:58:26.740 [AsyncHttpClient-1-1] DEBUG org.asynchttpclient.netty.channel.DefaultChannelPool -- Entry count for : http://localhost:14533 : 1
15:58:26.740 [AsyncHttpClient-1-1] DEBUG org.asynchttpclient.netty.channel.DefaultChannelPool -- Entry count for : http://localhost:32789 : 1
15:58:26.740 [AsyncHttpClient-1-1] DEBUG org.asynchttpclient.netty.channel.DefaultChannelPool -- Entry count for : http://localhost:43464 : 1
15:58:27.082 [Forwarding findElement on session cc6c0319056aa4000b1cb5c23c4409c5 to remote] DEBUG org.asynchttpclient.netty.request.NettyRequestSender -- Using pooled Channel '[id: 0xa94375f3, L:/127.0.0.1:14734 - R:localhost/127.0.0.1:43464]' for 'POST' to 'http://localhost:43464/session/cc6c0319056aa4000b1cb5c23c4409c5/element'
15:58:27.083 [Forwarding findElement on session cc6c0319056aa4000b1cb5c23c4409c5 to remote] DEBUG org.asynchttpclient.netty.request.NettyRequestSender -- Using open Channel [id: 0xa94375f3, L:/127.0.0.1:14734 - R:localhost/127.0.0.1:43464] for POST '/session/cc6c0319056aa4000b1cb5c23c4409c5/element'
15:58:27.100 [AsyncHttpClient-1-3] DEBUG org.asynchttpclient.netty.handler.HttpHandler -- 

Request DefaultHttpRequest(decodeResult: success, version: HTTP/1.1)
POST /session/cc6c0319056aa4000b1cb5c23c4409c5/element HTTP/1.1
User-Agent: selenium/4.9.0 (java windows)
Content-Length: 62
Content-Type: application/json; charset=utf-8
host: localhost:43464
accept: */*

Response DefaultHttpResponse(decodeResult: success, version: HTTP/1.1)
HTTP/1.1 404 Not Found
Content-Length: 933
Content-Type: application/json; charset=utf-8
cache-control: no-cache

15:58:27.100 [AsyncHttpClient-1-3] DEBUG org.asynchttpclient.netty.channel.ChannelManager -- Adding key: http://localhost:43464 for channel [id: 0xa94375f3, L:/127.0.0.1:14734 - R:localhost/127.0.0.1:43464]
15:58:27.608 [Forwarding findElement on session cc6c0319056aa4000b1cb5c23c4409c5 to remote] DEBUG org.asynchttpclient.netty.request.NettyRequestSender -- Using pooled Channel '[id: 0xa94375f3, L:/127.0.0.1:14734 - R:localhost/127.0.0.1:43464]' for 'POST' to 'http://localhost:43464/session/cc6c0319056aa4000b1cb5c23c4409c5/element'
15:58:27.608 [Forwarding findElement on session cc6c0319056aa4000b1cb5c23c4409c5 to remote] DEBUG org.asynchttpclient.netty.request.NettyRequestSender -- Using open Channel [id: 0xa94375f3, L:/127.0.0.1:14734 - R:localhost/127.0.0.1:43464] for POST '/session/cc6c0319056aa4000b1cb5c23c4409c5/element'
15:58:27.610 [AsyncHttpClient-1-3] DEBUG org.asynchttpclient.netty.handler.HttpHandler -- 

Request DefaultHttpRequest(decodeResult: success, version: HTTP/1.1)
POST /session/cc6c0319056aa4000b1cb5c23c4409c5/element HTTP/1.1
User-Agent: selenium/4.9.0 (java windows)
Content-Length: 62
Content-Type: application/json; charset=utf-8
host: localhost:43464
accept: */*

Response DefaultHttpResponse(decodeResult: success, version: HTTP/1.1)
HTTP/1.1 404 Not Found
Content-Length: 852
Content-Type: application/json; charset=utf-8
cache-control: no-cache

15:58:27.610 [AsyncHttpClient-1-3] DEBUG org.asynchttpclient.netty.channel.ChannelManager -- Adding key: http://localhost:43464 for channel [id: 0xa94375f3, L:/127.0.0.1:14734 - R:localhost/127.0.0.1:43464]
15:58:27.838 [AsyncHttpClient-1-1] DEBUG org.asynchttpclient.netty.channel.DefaultChannelPool -- Entry count for : http://localhost:14533 : 1
15:58:27.838 [AsyncHttpClient-1-1] DEBUG org.asynchttpclient.netty.channel.DefaultChannelPool -- Entry count for : http://localhost:32789 : 1
15:58:27.838 [AsyncHttpClient-1-1] DEBUG org.asynchttpclient.netty.channel.DefaultChannelPool -- Entry count for : http://localhost:43464 : 1
15:58:28.119 [Forwarding findElement on session cc6c0319056aa4000b1cb5c23c4409c5 to remote] DEBUG org.asynchttpclient.netty.request.NettyRequestSender -- Using pooled Channel '[id: 0xa94375f3, L:/127.0.0.1:14734 - R:localhost/127.0.0.1:43464]' for 'POST' to 'http://localhost:43464/session/cc6c0319056aa4000b1cb5c23c4409c5/element'
15:58:28.119 [Forwarding findElement on session cc6c0319056aa4000b1cb5c23c4409c5 to remote] DEBUG org.asynchttpclient.netty.request.NettyRequestSender -- Using open Channel [id: 0xa94375f3, L:/127.0.0.1:14734 - R:localhost/127.0.0.1:43464] for POST '/session/cc6c0319056aa4000b1cb5c23c4409c5/element'
15:58:28.122 [AsyncHttpClient-1-3] DEBUG org.asynchttpclient.netty.handler.HttpHandler -- 

Request DefaultHttpRequest(decodeResult: success, version: HTTP/1.1)
POST /session/cc6c0319056aa4000b1cb5c23c4409c5/element HTTP/1.1
User-Agent: selenium/4.9.0 (java windows)
Content-Length: 62
Content-Type: application/json; charset=utf-8
host: localhost:43464
accept: */*

Response DefaultHttpResponse(decodeResult: success, version: HTTP/1.1)
HTTP/1.1 404 Not Found
Content-Length: 852
Content-Type: application/json; charset=utf-8
cache-control: no-cache

15:58:28.122 [AsyncHttpClient-1-3] DEBUG org.asynchttpclient.netty.channel.ChannelManager -- Adding key: http://localhost:43464 for channel [id: 0xa94375f3, L:/127.0.0.1:14734 - R:localhost/127.0.0.1:43464]
]]></system-out>
  </testcase>
  <testcase name="setUp" classname="com.orangehrm.AdminModule" time="12.622">
    <failure message="unknown error: net::ERR_CONNECTION_FAILED&#10;  (Session info: chrome=126.0.6478.183)&#10;Build info: version: &apos;4.9.0&apos;, revision: &apos;d7057100a6&apos;&#10;System info: os.name: &apos;Windows 11&apos;, os.arch: &apos;amd64&apos;, os.version: &apos;10.0&apos;, java.version: &apos;21.0.4&apos;&#10;Driver info: org.openqa.selenium.chrome.ChromeDriver&#10;Command: [e321dea745f76f862258528fa53303b6, get {url=https://opensource-demo.orangehrmlive.com}]&#10;Capabilities {acceptInsecureCerts: false, browserName: chrome, browserVersion: 126.0.6478.183, chrome: {chromedriverVersion: 126.0.6478.182 (5b5d8292ddf..., userDataDir: C:\Users\97798\AppData\Loca...}, fedcm:accounts: true, goog:chromeOptions: {debuggerAddress: localhost:14921}, networkConnectionEnabled: false, pageLoadStrategy: normal, platformName: WINDOWS, proxy: Proxy(), setWindowRect: true, strictFileInteractability: false, timeouts: {implicit: 0, pageLoad: 300000, script: 30000}, unhandledPromptBehavior: dismiss and notify, webauthn:extension:credBlob: true, webauthn:extension:largeBlob: true, webauthn:extension:minPinLength: true, webauthn:extension:prf: true, webauthn:virtualAuthenticators: true}&#10;Session ID: e321dea745f76f862258528fa53303b6" type="org.openqa.selenium.WebDriverException"><![CDATA[org.openqa.selenium.WebDriverException: 
unknown error: net::ERR_CONNECTION_FAILED
  (Session info: chrome=126.0.6478.183)
Build info: version: '4.9.0', revision: 'd7057100a6'
System info: os.name: 'Windows 11', os.arch: 'amd64', os.version: '10.0', java.version: '21.0.4'
Driver info: org.openqa.selenium.chrome.ChromeDriver
Command: [e321dea745f76f862258528fa53303b6, get {url=https://opensource-demo.orangehrmlive.com}]
Capabilities {acceptInsecureCerts: false, browserName: chrome, browserVersion: 126.0.6478.183, chrome: {chromedriverVersion: 126.0.6478.182 (5b5d8292ddf..., userDataDir: C:\Users\97798\AppData\Loca...}, fedcm:accounts: true, goog:chromeOptions: {debuggerAddress: localhost:14921}, networkConnectionEnabled: false, pageLoadStrategy: normal, platformName: WINDOWS, proxy: Proxy(), setWindowRect: true, strictFileInteractability: false, timeouts: {implicit: 0, pageLoad: 300000, script: 30000}, unhandledPromptBehavior: dismiss and notify, webauthn:extension:credBlob: true, webauthn:extension:largeBlob: true, webauthn:extension:minPinLength: true, webauthn:extension:prf: true, webauthn:virtualAuthenticators: true}
Session ID: e321dea745f76f862258528fa53303b6
]]></failure>
    <system-out><![CDATA[15:58:28.130 [main] INFO com.orangehrm.ExtentManager -- Flushing ExtentReports
15:58:28.735 [main] INFO com.orangehrm.ExtentManager -- Creating ExtentTest: AdminModule
15:58:28.739 [TestNG-test-Admin Module Test-1] INFO com.orangehrm.BaseTest -- Setting up WebDriver
15:58:28.741 [TestNG-test-Admin Module Test-1] DEBUG io.github.bonigarcia.wdm.WebDriverManager -- Using WebDriverManager 5.5.3
15:58:28.758 [TestNG-test-Admin Module Test-1] DEBUG io.github.bonigarcia.wdm.cache.ResolutionCache -- Resolution chrome=126 in cache (valid until 16:58:10 24/07/2024 NPT)
15:58:28.759 [TestNG-test-Admin Module Test-1] DEBUG io.github.bonigarcia.wdm.cache.ResolutionCache -- Resolution chrome126=126.0.6478.182 in cache (valid until 10:24:20 25/07/2024 NPT)
15:58:28.759 [TestNG-test-Admin Module Test-1] INFO io.github.bonigarcia.wdm.WebDriverManager -- Using chromedriver 126.0.6478.182 (resolved driver for Chrome 126)
15:58:28.769 [TestNG-test-Admin Module Test-1] DEBUG io.github.bonigarcia.wdm.WebDriverManager -- Driver chromedriver 126.0.6478.182 found in cache
15:58:28.770 [TestNG-test-Admin Module Test-1] INFO io.github.bonigarcia.wdm.WebDriverManager -- Exporting webdriver.chrome.driver as C:\Users\97798\.cache\selenium\chromedriver\win64\126.0.6478.182\chromedriver.exe
15:58:28.951 [AsyncHttpClient-1-1] DEBUG org.asynchttpclient.netty.channel.DefaultChannelPool -- Entry count for : http://localhost:14533 : 1
15:58:28.951 [AsyncHttpClient-1-1] DEBUG org.asynchttpclient.netty.channel.DefaultChannelPool -- Entry count for : http://localhost:32789 : 1
15:58:28.951 [AsyncHttpClient-1-1] DEBUG org.asynchttpclient.netty.channel.DefaultChannelPool -- Entry count for : http://localhost:43464 : 1
15:58:29.232 [AsyncHttpClient-1-9] DEBUG org.asynchttpclient.netty.channel.NettyConnectListener -- Using new Channel '[id: 0x8c62d9bc, L:/127.0.0.1:14758 - R:localhost/127.0.0.1:48320]' for 'POST' to '/session'
15:58:30.041 [AsyncHttpClient-1-1] DEBUG org.asynchttpclient.netty.channel.DefaultChannelPool -- Entry count for : http://localhost:14533 : 1
15:58:30.043 [AsyncHttpClient-1-1] DEBUG org.asynchttpclient.netty.channel.DefaultChannelPool -- Entry count for : http://localhost:32789 : 1
15:58:30.043 [AsyncHttpClient-1-1] DEBUG org.asynchttpclient.netty.channel.DefaultChannelPool -- Entry count for : http://localhost:43464 : 1
15:58:30.451 [AsyncHttpClient-1-9] DEBUG org.asynchttpclient.netty.handler.HttpHandler -- 

Request DefaultHttpRequest(decodeResult: success, version: HTTP/1.1)
POST /session HTTP/1.1
User-Agent: selenium/4.9.0 (java windows)
Content-Length: 254
Content-Type: application/json; charset=utf-8
host: localhost:48320
accept: */*

Response DefaultHttpResponse(decodeResult: success, version: HTTP/1.1)
HTTP/1.1 200 OK
Content-Length: 883
Content-Type: application/json; charset=utf-8
cache-control: no-cache

15:58:30.452 [AsyncHttpClient-1-9] DEBUG org.asynchttpclient.netty.channel.ChannelManager -- Adding key: http://localhost:48320 for channel [id: 0x8c62d9bc, L:/127.0.0.1:14758 - R:localhost/127.0.0.1:48320]
15:58:30.526 [AsyncHttpClient-1-11] DEBUG org.asynchttpclient.netty.channel.NettyConnectListener -- Trying to recover from failing to connect channel [id: 0x30bd336c, L:null ! R:localhost/[0:0:0:0:0:0:0:1]:14921] with a retry value of false 
15:58:30.527 [AsyncHttpClient-1-11] DEBUG org.asynchttpclient.netty.channel.NettyConnectListener -- Failed to recover from connect exception: io.netty.channel.AbstractChannel$AnnotatedSocketException: No buffer space available (maximum connections reached?): connect: localhost/[0:0:0:0:0:0:0:1]:14921 with channel [id: 0x30bd336c, L:null ! R:localhost/[0:0:0:0:0:0:0:1]:14921]
15:58:30.527 [AsyncHttpClient-1-11] DEBUG org.asynchttpclient.AsyncCompletionHandler -- No buffer space available (maximum connections reached?): connect: localhost/[0:0:0:0:0:0:0:1]:14921
java.net.ConnectException: No buffer space available (maximum connections reached?): connect: localhost/[0:0:0:0:0:0:0:1]:14921
	at org.asynchttpclient.netty.channel.NettyConnectListener.onFailure(NettyConnectListener.java:179)
	at org.asynchttpclient.netty.channel.NettyChannelConnector$1.onFailure(NettyChannelConnector.java:108)
	at org.asynchttpclient.netty.SimpleChannelFutureListener.operationComplete(SimpleChannelFutureListener.java:28)
	at org.asynchttpclient.netty.SimpleChannelFutureListener.operationComplete(SimpleChannelFutureListener.java:20)
	at io.netty.util.concurrent.DefaultPromise.notifyListener0(DefaultPromise.java:590)
	at io.netty.util.concurrent.DefaultPromise.notifyListenersNow(DefaultPromise.java:557)
	at io.netty.util.concurrent.DefaultPromise.notifyListeners(DefaultPromise.java:492)
	at io.netty.util.concurrent.DefaultPromise.setValue0(DefaultPromise.java:636)
	at io.netty.util.concurrent.DefaultPromise.setFailure0(DefaultPromise.java:629)
	at io.netty.util.concurrent.DefaultPromise.tryFailure(DefaultPromise.java:118)
	at io.netty.channel.nio.AbstractNioChannel$AbstractNioUnsafe.connect(AbstractNioChannel.java:284)
	at io.netty.channel.DefaultChannelPipeline$HeadContext.connect(DefaultChannelPipeline.java:1342)
	at io.netty.channel.AbstractChannelHandlerContext.invokeConnect(AbstractChannelHandlerContext.java:653)
	at io.netty.channel.AbstractChannelHandlerContext.connect(AbstractChannelHandlerContext.java:632)
	at io.netty.channel.CombinedChannelDuplexHandler$DelegatingChannelHandlerContext.connect(CombinedChannelDuplexHandler.java:495)
	at io.netty.channel.ChannelOutboundHandlerAdapter.connect(ChannelOutboundHandlerAdapter.java:51)
	at io.netty.channel.CombinedChannelDuplexHandler.connect(CombinedChannelDuplexHandler.java:296)
	at io.netty.channel.AbstractChannelHandlerContext.invokeConnect(AbstractChannelHandlerContext.java:655)
	at io.netty.channel.AbstractChannelHandlerContext.connect(AbstractChannelHandlerContext.java:632)
	at io.netty.channel.AbstractChannelHandlerContext.connect(AbstractChannelHandlerContext.java:616)
	at io.netty.channel.DefaultChannelPipeline.connect(DefaultChannelPipeline.java:978)
	at io.netty.channel.AbstractChannel.connect(AbstractChannel.java:265)
	at io.netty.bootstrap.Bootstrap$3.run(Bootstrap.java:250)
	at io.netty.util.concurrent.AbstractEventExecutor.runTask(AbstractEventExecutor.java:174)
	at io.netty.util.concurrent.AbstractEventExecutor.safeExecute(AbstractEventExecutor.java:167)
	at io.netty.util.concurrent.SingleThreadEventExecutor.runAllTasks(SingleThreadEventExecutor.java:470)
	at io.netty.channel.nio.NioEventLoop.run(NioEventLoop.java:569)
	at io.netty.util.concurrent.SingleThreadEventExecutor$4.run(SingleThreadEventExecutor.java:997)
	at io.netty.util.internal.ThreadExecutorMap$2.run(ThreadExecutorMap.java:74)
	at io.netty.util.concurrent.FastThreadLocalRunnable.run(FastThreadLocalRunnable.java:30)
	at java.base/java.lang.Thread.run(Thread.java:1583)
Caused by: io.netty.channel.AbstractChannel$AnnotatedSocketException: No buffer space available (maximum connections reached?): connect: localhost/[0:0:0:0:0:0:0:1]:14921
Caused by: java.net.SocketException: No buffer space available (maximum connections reached?): connect
	at java.base/sun.nio.ch.Net.connect0(Native Method)
	at java.base/sun.nio.ch.Net.connect(Net.java:589)
	at java.base/sun.nio.ch.Net.connect(Net.java:596)
	at java.base/sun.nio.ch.SocketChannelImpl.connect(SocketChannelImpl.java:880)
	at io.netty.util.internal.SocketUtils$3.run(SocketUtils.java:91)
	at io.netty.util.internal.SocketUtils$3.run(SocketUtils.java:88)
	at java.base/java.security.AccessController.doPrivileged(AccessController.java:571)
	at io.netty.util.internal.SocketUtils.connect(SocketUtils.java:88)
	at io.netty.channel.socket.nio.NioSocketChannel.doConnect(NioSocketChannel.java:322)
	at io.netty.channel.nio.AbstractNioChannel$AbstractNioUnsafe.connect(AbstractNioChannel.java:248)
	at io.netty.channel.DefaultChannelPipeline$HeadContext.connect(DefaultChannelPipeline.java:1342)
	at io.netty.channel.AbstractChannelHandlerContext.invokeConnect(AbstractChannelHandlerContext.java:653)
	at io.netty.channel.AbstractChannelHandlerContext.connect(AbstractChannelHandlerContext.java:632)
	at io.netty.channel.CombinedChannelDuplexHandler$DelegatingChannelHandlerContext.connect(CombinedChannelDuplexHandler.java:495)
	at io.netty.channel.ChannelOutboundHandlerAdapter.connect(ChannelOutboundHandlerAdapter.java:51)
	at io.netty.channel.CombinedChannelDuplexHandler.connect(CombinedChannelDuplexHandler.java:296)
	at io.netty.channel.AbstractChannelHandlerContext.invokeConnect(AbstractChannelHandlerContext.java:655)
	at io.netty.channel.AbstractChannelHandlerContext.connect(AbstractChannelHandlerContext.java:632)
	at io.netty.channel.AbstractChannelHandlerContext.connect(AbstractChannelHandlerContext.java:616)
	at io.netty.channel.DefaultChannelPipeline.connect(DefaultChannelPipeline.java:978)
	at io.netty.channel.AbstractChannel.connect(AbstractChannel.java:265)
	at io.netty.bootstrap.Bootstrap$3.run(Bootstrap.java:250)
	at io.netty.util.concurrent.AbstractEventExecutor.runTask(AbstractEventExecutor.java:174)
	at io.netty.util.concurrent.AbstractEventExecutor.safeExecute(AbstractEventExecutor.java:167)
	at io.netty.util.concurrent.SingleThreadEventExecutor.runAllTasks(SingleThreadEventExecutor.java:470)
	at io.netty.channel.nio.NioEventLoop.run(NioEventLoop.java:569)
	at io.netty.util.concurrent.SingleThreadEventExecutor$4.run(SingleThreadEventExecutor.java:997)
	at io.netty.util.internal.ThreadExecutorMap$2.run(ThreadExecutorMap.java:74)
	at io.netty.util.concurrent.FastThreadLocalRunnable.run(FastThreadLocalRunnable.java:30)
	at java.base/java.lang.Thread.run(Thread.java:1583)
15:58:30.537 [Forwarding maximizeCurrentWindow on session e321dea745f76f862258528fa53303b6 to remote] DEBUG org.asynchttpclient.netty.request.NettyRequestSender -- Using pooled Channel '[id: 0x8c62d9bc, L:/127.0.0.1:14758 - R:localhost/127.0.0.1:48320]' for 'POST' to 'http://localhost:48320/session/e321dea745f76f862258528fa53303b6/window/maximize'
15:58:30.537 [Forwarding maximizeCurrentWindow on session e321dea745f76f862258528fa53303b6 to remote] DEBUG org.asynchttpclient.netty.request.NettyRequestSender -- Using open Channel [id: 0x8c62d9bc, L:/127.0.0.1:14758 - R:localhost/127.0.0.1:48320] for POST '/session/e321dea745f76f862258528fa53303b6/window/maximize'
15:58:30.583 [AsyncHttpClient-1-9] DEBUG org.asynchttpclient.netty.handler.HttpHandler -- 

Request DefaultHttpRequest(decodeResult: success, version: HTTP/1.1)
POST /session/e321dea745f76f862258528fa53303b6/window/maximize HTTP/1.1
User-Agent: selenium/4.9.0 (java windows)
Content-Length: 3
Content-Type: application/json; charset=utf-8
host: localhost:48320
accept: */*

Response DefaultHttpResponse(decodeResult: success, version: HTTP/1.1)
HTTP/1.1 200 OK
Content-Length: 51
Content-Type: application/json; charset=utf-8
cache-control: no-cache

15:58:30.583 [AsyncHttpClient-1-9] DEBUG org.asynchttpclient.netty.channel.ChannelManager -- Adding key: http://localhost:48320 for channel [id: 0x8c62d9bc, L:/127.0.0.1:14758 - R:localhost/127.0.0.1:48320]
15:58:30.586 [Forwarding get on session e321dea745f76f862258528fa53303b6 to remote] DEBUG org.asynchttpclient.netty.request.NettyRequestSender -- Using pooled Channel '[id: 0x8c62d9bc, L:/127.0.0.1:14758 - R:localhost/127.0.0.1:48320]' for 'POST' to 'http://localhost:48320/session/e321dea745f76f862258528fa53303b6/url'
15:58:30.586 [Forwarding get on session e321dea745f76f862258528fa53303b6 to remote] DEBUG org.asynchttpclient.netty.request.NettyRequestSender -- Using open Channel [id: 0x8c62d9bc, L:/127.0.0.1:14758 - R:localhost/127.0.0.1:48320] for POST '/session/e321dea745f76f862258528fa53303b6/url'
15:58:30.855 [AsyncHttpClient-1-9] DEBUG org.asynchttpclient.netty.handler.HttpHandler -- 

Request DefaultHttpRequest(decodeResult: success, version: HTTP/1.1)
POST /session/e321dea745f76f862258528fa53303b6/url HTTP/1.1
User-Agent: selenium/4.9.0 (java windows)
Content-Length: 66
Content-Type: application/json; charset=utf-8
host: localhost:48320
accept: */*

Response DefaultHttpResponse(decodeResult: success, version: HTTP/1.1)
HTTP/1.1 500 Internal Server Error
Content-Length: 1032
Content-Type: application/json; charset=utf-8
cache-control: no-cache

15:58:30.856 [AsyncHttpClient-1-9] DEBUG org.asynchttpclient.netty.channel.ChannelManager -- Adding key: http://localhost:48320 for channel [id: 0x8c62d9bc, L:/127.0.0.1:14758 - R:localhost/127.0.0.1:48320]
]]></system-out>
    <system-err><![CDATA[Starting ChromeDriver 126.0.6478.182 (5b5d8292ddf182f8b2096fa665b473b6317906d5-refs/branch-heads/6478@{#1776}) on port 48320
Only local connections are allowed.
Please see https://chromedriver.chromium.org/security-considerations for suggestions on keeping ChromeDriver safe.
ChromeDriver was started successfully.
Jul 24, 2024 3:58:30 PM org.openqa.selenium.devtools.CdpEndpointFinder getCdpEndPoint
WARNING: Unable to connect to determine websocket url: java.net.ConnectException: No buffer space available (maximum connections reached?): connect: localhost/[0:0:0:0:0:0:0:1]:14921
Jul 24, 2024 3:58:30 PM org.openqa.selenium.devtools.CdpVersionFinder findNearestMatch
WARNING: Unable to find CDP implementation matching 126
Jul 24, 2024 3:58:30 PM org.openqa.selenium.chromium.ChromiumDriver lambda$new$3
WARNING: Unable to find version of CDP to use for . You may need to include a dependency on a specific version of the CDP using something similar to `org.seleniumhq.selenium:selenium-devtools-v86:4.9.0` where the version ("v86") matches the version of the chromium-based browser you're using and the version number of the artifact is the same as Selenium's.
[1721816010.686][SEVERE]: connect failed: 10055
[1721816010.686][WARNING]: Unknown error 10055 mapped to net::ERR_FAILED
]]></system-err>
  </testcase>
  <testcase name="testAdminModule" classname="com.orangehrm.AdminModule" time="0">
    <skipped message="unknown error: net::ERR_CONNECTION_FAILED&#10;  (Session info: chrome=126.0.6478.183)&#10;Build info: version: &apos;4.9.0&apos;, revision: &apos;d7057100a6&apos;&#10;System info: os.name: &apos;Windows 11&apos;, os.arch: &apos;amd64&apos;, os.version: &apos;10.0&apos;, java.version: &apos;21.0.4&apos;&#10;Driver info: org.openqa.selenium.chrome.ChromeDriver&#10;Command: [e321dea745f76f862258528fa53303b6, get {url=https://opensource-demo.orangehrmlive.com}]&#10;Capabilities {acceptInsecureCerts: false, browserName: chrome, browserVersion: 126.0.6478.183, chrome: {chromedriverVersion: 126.0.6478.182 (5b5d8292ddf..., userDataDir: C:\Users\97798\AppData\Loca...}, fedcm:accounts: true, goog:chromeOptions: {debuggerAddress: localhost:14921}, networkConnectionEnabled: false, pageLoadStrategy: normal, platformName: WINDOWS, proxy: Proxy(), setWindowRect: true, strictFileInteractability: false, timeouts: {implicit: 0, pageLoad: 300000, script: 30000}, unhandledPromptBehavior: dismiss and notify, webauthn:extension:credBlob: true, webauthn:extension:largeBlob: true, webauthn:extension:minPinLength: true, webauthn:extension:prf: true, webauthn:virtualAuthenticators: true}&#10;Session ID: e321dea745f76f862258528fa53303b6"/>
  </testcase>
  <testcase name="tearDown" classname="com.orangehrm.AdminModule" time="0">
    <skipped/>
  </testcase>
  <testcase name="setUp" classname="com.orangehrm.LeaveModule" time="7.576">
    <failure message="Could not start a new session. Response code 500. Message: session not created: Chrome failed to start: exited normally.&#10;  (chrome not reachable)&#10;  (The process started from chrome location C:\Program Files\Google\Chrome\Application\chrome.exe is no longer running, so ChromeDriver is assuming that Chrome has crashed.) &#10;Host info: host: &apos;LAPTOP-56VBIBP6&apos;, ip: &apos;192.168.1.68&apos;&#10;Build info: version: &apos;4.9.0&apos;, revision: &apos;d7057100a6&apos;&#10;System info: os.name: &apos;Windows 11&apos;, os.arch: &apos;amd64&apos;, os.version: &apos;10.0&apos;, java.version: &apos;21.0.4&apos;&#10;Driver info: org.openqa.selenium.chrome.ChromeDriver&#10;Command: [null, newSession {capabilities=[Capabilities {browserName: chrome, goog:chromeOptions: {args: [--remote-allow-origins=*], extensions: []}}]}]" type="org.openqa.selenium.SessionNotCreatedException"><![CDATA[org.openqa.selenium.SessionNotCreatedException: 
Could not start a new session. Response code 500. Message: session not created: Chrome failed to start: exited normally.
  (chrome not reachable)
  (The process started from chrome location C:\Program Files\Google\Chrome\Application\chrome.exe is no longer running, so ChromeDriver is assuming that Chrome has crashed.) 
Host info: host: 'LAPTOP-56VBIBP6', ip: '192.168.1.68'
Build info: version: '4.9.0', revision: 'd7057100a6'
System info: os.name: 'Windows 11', os.arch: 'amd64', os.version: '10.0', java.version: '21.0.4'
Driver info: org.openqa.selenium.chrome.ChromeDriver
Command: [null, newSession {capabilities=[Capabilities {browserName: chrome, goog:chromeOptions: {args: [--remote-allow-origins=*], extensions: []}}]}]
]]></failure>
    <system-out><![CDATA[15:58:30.865 [main] INFO com.orangehrm.ExtentManager -- Flushing ExtentReports
15:58:30.902 [main] INFO com.orangehrm.ExtentManager -- Creating ExtentTest: LeaveModule
15:58:30.921 [TestNG-test-Leave Module Test-1] INFO com.orangehrm.BaseTest -- Setting up WebDriver
15:58:30.924 [TestNG-test-Leave Module Test-1] DEBUG io.github.bonigarcia.wdm.WebDriverManager -- Using WebDriverManager 5.5.3
15:58:30.946 [TestNG-test-Leave Module Test-1] DEBUG io.github.bonigarcia.wdm.cache.ResolutionCache -- Resolution chrome=126 in cache (valid until 16:58:10 24/07/2024 NPT)
15:58:30.947 [TestNG-test-Leave Module Test-1] DEBUG io.github.bonigarcia.wdm.cache.ResolutionCache -- Resolution chrome126=126.0.6478.182 in cache (valid until 10:24:20 25/07/2024 NPT)
15:58:30.947 [TestNG-test-Leave Module Test-1] INFO io.github.bonigarcia.wdm.WebDriverManager -- Using chromedriver 126.0.6478.182 (resolved driver for Chrome 126)
15:58:30.955 [TestNG-test-Leave Module Test-1] DEBUG io.github.bonigarcia.wdm.WebDriverManager -- Driver chromedriver 126.0.6478.182 found in cache
15:58:30.956 [TestNG-test-Leave Module Test-1] INFO io.github.bonigarcia.wdm.WebDriverManager -- Exporting webdriver.chrome.driver as C:\Users\97798\.cache\selenium\chromedriver\win64\126.0.6478.182\chromedriver.exe
15:58:31.150 [AsyncHttpClient-1-1] DEBUG org.asynchttpclient.netty.channel.DefaultChannelPool -- Entry count for : http://localhost:14533 : 1
15:58:31.151 [AsyncHttpClient-1-1] DEBUG org.asynchttpclient.netty.channel.DefaultChannelPool -- Entry count for : http://localhost:48320 : 1
15:58:31.151 [AsyncHttpClient-1-1] DEBUG org.asynchttpclient.netty.channel.DefaultChannelPool -- Entry count for : http://localhost:32789 : 1
15:58:31.151 [AsyncHttpClient-1-1] DEBUG org.asynchttpclient.netty.channel.DefaultChannelPool -- Entry count for : http://localhost:43464 : 1
15:58:32.237 [AsyncHttpClient-1-12] DEBUG org.asynchttpclient.netty.channel.NettyConnectListener -- Using new Channel '[id: 0xa246adb2, L:/127.0.0.1:14934 - R:localhost/127.0.0.1:30638]' for 'POST' to '/session'
15:58:32.250 [AsyncHttpClient-1-1] DEBUG org.asynchttpclient.netty.channel.DefaultChannelPool -- Entry count for : http://localhost:14533 : 1
15:58:32.250 [AsyncHttpClient-1-1] DEBUG org.asynchttpclient.netty.channel.DefaultChannelPool -- Entry count for : http://localhost:48320 : 1
15:58:32.250 [AsyncHttpClient-1-1] DEBUG org.asynchttpclient.netty.channel.DefaultChannelPool -- Entry count for : http://localhost:32789 : 1
15:58:32.250 [AsyncHttpClient-1-1] DEBUG org.asynchttpclient.netty.channel.DefaultChannelPool -- Entry count for : http://localhost:43464 : 1
15:58:33.345 [AsyncHttpClient-1-1] DEBUG org.asynchttpclient.netty.channel.DefaultChannelPool -- Entry count for : http://localhost:14533 : 1
15:58:33.345 [AsyncHttpClient-1-1] DEBUG org.asynchttpclient.netty.channel.DefaultChannelPool -- Entry count for : http://localhost:48320 : 1
15:58:33.345 [AsyncHttpClient-1-1] DEBUG org.asynchttpclient.netty.channel.DefaultChannelPool -- Entry count for : http://localhost:32789 : 1
15:58:33.345 [AsyncHttpClient-1-1] DEBUG org.asynchttpclient.netty.channel.DefaultChannelPool -- Entry count for : http://localhost:43464 : 1
15:58:34.439 [AsyncHttpClient-1-1] DEBUG org.asynchttpclient.netty.channel.DefaultChannelPool -- Entry count for : http://localhost:14533 : 1
15:58:34.439 [AsyncHttpClient-1-1] DEBUG org.asynchttpclient.netty.channel.DefaultChannelPool -- Entry count for : http://localhost:48320 : 1
15:58:34.439 [AsyncHttpClient-1-1] DEBUG org.asynchttpclient.netty.channel.DefaultChannelPool -- Entry count for : http://localhost:32789 : 1
15:58:34.439 [AsyncHttpClient-1-1] DEBUG org.asynchttpclient.netty.channel.DefaultChannelPool -- Entry count for : http://localhost:43464 : 1
15:58:35.544 [AsyncHttpClient-1-1] DEBUG org.asynchttpclient.netty.channel.DefaultChannelPool -- Entry count for : http://localhost:14533 : 1
15:58:35.544 [AsyncHttpClient-1-1] DEBUG org.asynchttpclient.netty.channel.DefaultChannelPool -- Entry count for : http://localhost:48320 : 1
15:58:35.544 [AsyncHttpClient-1-1] DEBUG org.asynchttpclient.netty.channel.DefaultChannelPool -- Entry count for : http://localhost:32789 : 1
15:58:35.544 [AsyncHttpClient-1-1] DEBUG org.asynchttpclient.netty.channel.DefaultChannelPool -- Entry count for : http://localhost:43464 : 1
15:58:36.644 [AsyncHttpClient-1-1] DEBUG org.asynchttpclient.netty.channel.DefaultChannelPool -- Entry count for : http://localhost:14533 : 1
15:58:36.644 [AsyncHttpClient-1-1] DEBUG org.asynchttpclient.netty.channel.DefaultChannelPool -- Entry count for : http://localhost:48320 : 1
15:58:36.644 [AsyncHttpClient-1-1] DEBUG org.asynchttpclient.netty.channel.DefaultChannelPool -- Entry count for : http://localhost:32789 : 1
15:58:36.644 [AsyncHttpClient-1-1] DEBUG org.asynchttpclient.netty.channel.DefaultChannelPool -- Entry count for : http://localhost:43464 : 1
15:58:37.741 [AsyncHttpClient-1-1] DEBUG org.asynchttpclient.netty.channel.DefaultChannelPool -- Entry count for : http://localhost:14533 : 1
15:58:37.741 [AsyncHttpClient-1-1] DEBUG org.asynchttpclient.netty.channel.DefaultChannelPool -- Entry count for : http://localhost:48320 : 1
15:58:37.741 [AsyncHttpClient-1-1] DEBUG org.asynchttpclient.netty.channel.DefaultChannelPool -- Entry count for : http://localhost:32789 : 1
15:58:37.741 [AsyncHttpClient-1-1] DEBUG org.asynchttpclient.netty.channel.DefaultChannelPool -- Entry count for : http://localhost:43464 : 1
15:58:38.839 [AsyncHttpClient-1-1] DEBUG org.asynchttpclient.netty.channel.DefaultChannelPool -- Entry count for : http://localhost:14533 : 1
15:58:38.839 [AsyncHttpClient-1-1] DEBUG org.asynchttpclient.netty.channel.DefaultChannelPool -- Entry count for : http://localhost:48320 : 1
15:58:38.839 [AsyncHttpClient-1-1] DEBUG org.asynchttpclient.netty.channel.DefaultChannelPool -- Entry count for : http://localhost:32789 : 1
15:58:38.839 [AsyncHttpClient-1-1] DEBUG org.asynchttpclient.netty.channel.DefaultChannelPool -- Entry count for : http://localhost:43464 : 1
15:58:38.908 [AsyncHttpClient-1-12] DEBUG org.asynchttpclient.netty.handler.HttpHandler -- 

Request DefaultHttpRequest(decodeResult: success, version: HTTP/1.1)
POST /session HTTP/1.1
User-Agent: selenium/4.9.0 (java windows)
Content-Length: 254
Content-Type: application/json; charset=utf-8
host: localhost:30638
accept: */*

Response DefaultHttpResponse(decodeResult: success, version: HTTP/1.1)
HTTP/1.1 500 Internal Server Error
Content-Length: 1027
Content-Type: application/json; charset=utf-8
cache-control: no-cache

15:58:38.908 [AsyncHttpClient-1-12] DEBUG org.asynchttpclient.netty.channel.ChannelManager -- Adding key: http://localhost:30638 for channel [id: 0xa246adb2, L:/127.0.0.1:14934 - R:localhost/127.0.0.1:30638]
15:58:38.914 [AsyncHttpClient-1-12] DEBUG org.asynchttpclient.netty.handler.HttpHandler -- Channel Closed: [id: 0xa246adb2, L:/127.0.0.1:14934 ! R:localhost/127.0.0.1:30638] with attribute DISCARD
]]></system-out>
    <system-err><![CDATA[Starting ChromeDriver 126.0.6478.182 (5b5d8292ddf182f8b2096fa665b473b6317906d5-refs/branch-heads/6478@{#1776}) on port 30638
Only local connections are allowed.
Please see https://chromedriver.chromium.org/security-considerations for suggestions on keeping ChromeDriver safe.
ChromeDriver was started successfully.
[1721816013.330][SEVERE]: connect failed: 10055
[1721816013.330][WARNING]: Unknown error 10055 mapped to net::ERR_FAILED
[1721816013.330][SEVERE]: connect failed: 10055
[1721816013.330][WARNING]: Unknown error 10055 mapped to net::ERR_FAILED
[1721816013.376][SEVERE]: connect failed: 10055
[1721816013.376][WARNING]: Unknown error 10055 mapped to net::ERR_FAILED
[1721816013.392][SEVERE]: connect failed: 10055
[1721816013.392][WARNING]: Unknown error 10055 mapped to net::ERR_FAILED
[1721816013.392][SEVERE]: connect failed: 10055
[1721816013.392][WARNING]: Unknown error 10055 mapped to net::ERR_FAILED
[1721816013.453][SEVERE]: connect failed: 10055
[1721816013.453][WARNING]: Unknown error 10055 mapped to net::ERR_FAILED
[1721816013.453][SEVERE]: connect failed: 10055
[1721816013.453][WARNING]: Unknown error 10055 mapped to net::ERR_FAILED
[1721816013.515][SEVERE]: connect failed: 10055
[1721816013.515][WARNING]: Unknown error 10055 mapped to net::ERR_FAILED
[1721816013.515][SEVERE]: connect failed: 10055
[1721816013.515][WARNING]: Unknown error 10055 mapped to net::ERR_FAILED
[1721816013.576][SEVERE]: connect failed: 10055
[1721816013.576][WARNING]: Unknown error 10055 mapped to net::ERR_FAILED
[1721816013.576][SEVERE]: connect failed: 10055
[1721816013.576][WARNING]: Unknown error 10055 mapped to net::ERR_FAILED
[1721816013.637][SEVERE]: connect failed: 10055
[1721816013.637][WARNING]: Unknown error 10055 mapped to net::ERR_FAILED
[1721816013.637][SEVERE]: connect failed: 10055
[1721816013.637][WARNING]: Unknown error 10055 mapped to net::ERR_FAILED
[1721816013.698][SEVERE]: connect failed: 10055
[1721816013.698][WARNING]: Unknown error 10055 mapped to net::ERR_FAILED
[1721816013.698][SEVERE]: connect failed: 10055
[1721816013.698][WARNING]: Unknown error 10055 mapped to net::ERR_FAILED
[1721816013.760][SEVERE]: connect failed: 10055
[1721816013.760][WARNING]: Unknown error 10055 mapped to net::ERR_FAILED
[1721816013.760][SEVERE]: connect failed: 10055
[1721816013.760][WARNING]: Unknown error 10055 mapped to net::ERR_FAILED
[1721816013.821][SEVERE]: connect failed: 10055
[1721816013.821][WARNING]: Unknown error 10055 mapped to net::ERR_FAILED
[1721816013.821][SEVERE]: connect failed: 10055
[1721816013.821][WARNING]: Unknown error 10055 mapped to net::ERR_FAILED
[1721816013.882][SEVERE]: connect failed: 10055
[1721816013.882][WARNING]: Unknown error 10055 mapped to net::ERR_FAILED
[1721816013.883][SEVERE]: connect failed: 10055
[1721816013.883][WARNING]: Unknown error 10055 mapped to net::ERR_FAILED
[1721816013.944][SEVERE]: connect failed: 10055
[1721816013.944][WARNING]: Unknown error 10055 mapped to net::ERR_FAILED
[1721816013.944][SEVERE]: connect failed: 10055
[1721816013.944][WARNING]: Unknown error 10055 mapped to net::ERR_FAILED
[1721816014.006][SEVERE]: connect failed: 10055
[1721816014.006][WARNING]: Unknown error 10055 mapped to net::ERR_FAILED
[1721816014.006][SEVERE]: connect failed: 10055
[1721816014.006][WARNING]: Unknown error 10055 mapped to net::ERR_FAILED
[1721816014.066][SEVERE]: connect failed: 10055
[1721816014.066][WARNING]: Unknown error 10055 mapped to net::ERR_FAILED
[1721816014.067][SEVERE]: connect failed: 10055
[1721816014.067][WARNING]: Unknown error 10055 mapped to net::ERR_FAILED
[1721816014.128][SEVERE]: connect failed: 10055
[1721816014.128][WARNING]: Unknown error 10055 mapped to net::ERR_FAILED
[1721816014.128][SEVERE]: connect failed: 10055
[1721816014.128][WARNING]: Unknown error 10055 mapped to net::ERR_FAILED
[1721816014.189][SEVERE]: connect failed: 10055
[1721816014.189][WARNING]: Unknown error 10055 mapped to net::ERR_FAILED
[1721816014.189][SEVERE]: connect failed: 10055
[1721816014.189][WARNING]: Unknown error 10055 mapped to net::ERR_FAILED
[1721816014.252][SEVERE]: connect failed: 10055
[1721816014.252][WARNING]: Unknown error 10055 mapped to net::ERR_FAILED
[1721816014.252][SEVERE]: connect failed: 10055
[1721816014.252][WARNING]: Unknown error 10055 mapped to net::ERR_FAILED
[1721816014.314][SEVERE]: connect failed: 10055
[1721816014.314][WARNING]: Unknown error 10055 mapped to net::ERR_FAILED
[1721816014.315][SEVERE]: connect failed: 10055
[1721816014.315][WARNING]: Unknown error 10055 mapped to net::ERR_FAILED
[1721816014.375][SEVERE]: connect failed: 10055
[1721816014.375][WARNING]: Unknown error 10055 mapped to net::ERR_FAILED
[1721816014.375][SEVERE]: connect failed: 10055
[1721816014.375][WARNING]: Unknown error 10055 mapped to net::ERR_FAILED
[1721816014.438][SEVERE]: connect failed: 10055
[1721816014.438][WARNING]: Unknown error 10055 mapped to net::ERR_FAILED
[1721816014.438][SEVERE]: connect failed: 10055
[1721816014.438][WARNING]: Unknown error 10055 mapped to net::ERR_FAILED
[1721816014.498][SEVERE]: connect failed: 10055
[1721816014.498][WARNING]: Unknown error 10055 mapped to net::ERR_FAILED
[1721816014.498][SEVERE]: connect failed: 10055
[1721816014.498][WARNING]: Unknown error 10055 mapped to net::ERR_FAILED
[1721816014.559][SEVERE]: connect failed: 10055
[1721816014.559][WARNING]: Unknown error 10055 mapped to net::ERR_FAILED
[1721816014.559][SEVERE]: connect failed: 10055
[1721816014.559][WARNING]: Unknown error 10055 mapped to net::ERR_FAILED
[1721816014.622][SEVERE]: connect failed: 10055
[1721816014.622][WARNING]: Unknown error 10055 mapped to net::ERR_FAILED
[1721816014.622][SEVERE]: connect failed: 10055
[1721816014.622][WARNING]: Unknown error 10055 mapped to net::ERR_FAILED
[1721816014.991][SEVERE]: connect failed: 10055
[1721816014.991][WARNING]: Unknown error 10055 mapped to net::ERR_FAILED
[1721816015.467][SEVERE]: connect failed: 10055
[1721816015.467][WARNING]: Unknown error 10055 mapped to net::ERR_FAILED
[1721816017.093][SEVERE]: connect failed: 10055
[1721816017.093][WARNING]: Unknown error 10055 mapped to net::ERR_FAILED
[1721816017.572][SEVERE]: connect failed: 10055
[1721816017.572][WARNING]: Unknown error 10055 mapped to net::ERR_FAILED
]]></system-err>
  </testcase>
  <testcase name="testLeaveModule" classname="com.orangehrm.LeaveModule" time="0">
    <skipped message="Could not start a new session. Response code 500. Message: session not created: Chrome failed to start: exited normally.&#10;  (chrome not reachable)&#10;  (The process started from chrome location C:\Program Files\Google\Chrome\Application\chrome.exe is no longer running, so ChromeDriver is assuming that Chrome has crashed.) &#10;Host info: host: &apos;LAPTOP-56VBIBP6&apos;, ip: &apos;192.168.1.68&apos;&#10;Build info: version: &apos;4.9.0&apos;, revision: &apos;d7057100a6&apos;&#10;System info: os.name: &apos;Windows 11&apos;, os.arch: &apos;amd64&apos;, os.version: &apos;10.0&apos;, java.version: &apos;21.0.4&apos;&#10;Driver info: org.openqa.selenium.chrome.ChromeDriver&#10;Command: [null, newSession {capabilities=[Capabilities {browserName: chrome, goog:chromeOptions: {args: [--remote-allow-origins=*], extensions: []}}]}]"/>
  </testcase>
  <testcase name="tearDown" classname="com.orangehrm.LeaveModule" time="0">
    <skipped/>
  </testcase>
</testsuite>